{"EventID":1,"UtcTime":"2025-03-07T01:00:28","ProcessGuid":"c94626df-af80-40b0-8097-e712e2714ab9","ProcessId":4988,"Image":"C:\\Program Files\\Microsoft Office\\root\\Office16\\winword.exe","CommandLine":"word.exe","User":"DOMAIN\\user31","ParentImage":null,"ParentUser":null}
{"EventID":1,"UtcTime":"2025-03-07T16:03:18","ProcessGuid":"59de7a56-e711-4f53-9b9d-d47ebb808c97","ProcessId":4206,"Image":"C:\\Windows\\System32\\WindowsPowerShell\\v1.0\\powershell.exe","CommandLine":"powershell.exe","User":"DOMAIN\\user26","ParentImage":null,"ParentUser":null}
{"EventID":1,"UtcTime":"2025-03-07T03:39:12","ProcessGuid":"ef9087aa-7ba2-435e-930f-f10386420950","ProcessId":2133,"Image":"C:\\Program Files\\Microsoft Office\\root\\Office16\\winword.exe","CommandLine":"word.exe","User":"DOMAIN\\user73","ParentImage":null,"ParentUser":null}
{"EventID":1,"UtcTime":"2025-03-07T10:42:49","ProcessGuid":"bba5d560-b814-448f-b485-8d6f8deb29ce","ProcessId":1860,"Image":"C:\\Program Files\\Google\\Chrome\\Application\\chrome.exe","CommandLine":"chrome.exe","User":"DOMAIN\\user54","ParentImage":null,"ParentUser":null}
{"EventID":1,"UtcTime":"2025-03-07T20:23:24","ProcessGuid":"5f07bff2-6ecf-4b01-a784-30f6ba137f7b","ProcessId":3437,"Image":"C:\\Program Files\\Microsoft Office\\root\\Office16\\outlook.exe","CommandLine":"outlook.exe","User":"DOMAIN\\user68","ParentImage":null,"ParentUser":null}
{"EventID":1,"UtcTime":"2025-03-07T07:27:55","ProcessGuid":"5d955542-1beb-45e7-95cc-558ababbc3f0","ProcessId":2048,"Image":"C:\\Windows\\System32\\WindowsPowerShell\\v1.0\\powershell.exe","CommandLine":"powershell.exe","User":"DOMAIN\\user77","ParentImage":null,"ParentUser":null}
{"EventID":10,"UtcTime":"2025-03-07T09:04:53","ProcessGuid":"36ac3949-5963-485f-9bb5-60e7214f65a3","ProcessId":6758,"Image":"C:\\Windows\\System32\\cmd.exe","CommandLine":null,"User":"NT AUTHORITY\\SYSTEM","ParentImage":"C:\\Program Files\\Ivanti\\SecureAccess\\bin\\ivantihelper.exe","ParentUser":"DOMAIN\\lowprivuser16"}
{"EventID":1,"UtcTime":"2025-03-07T15:12:46","ProcessGuid":"360c9e57-d86a-482f-8862-299c53dfb4aa","ProcessId":2770,"Image":"C:\\Windows\\System32\\WindowsPowerShell\\v1.0\\powershell.exe","CommandLine":"powershell.exe","User":"DOMAIN\\user97","ParentImage":null,"ParentUser":null}
{"EventID":1,"UtcTime":"2025-03-07T19:35:43","ProcessGuid":"6cb205cc-1e26-4419-9f8e-eef25b72f4ef","ProcessId":3695,"Image":"C:\\Windows\\explorer.exe","CommandLine":"explorer.exe","User":"DOMAIN\\user69","ParentImage":null,"ParentUser":null}
{"EventID":1,"UtcTime":"2025-03-07T15:18:05","ProcessGuid":"358ea34b-97ed-4fbd-b14d-474eac63e3d4","ProcessId":1544,"Image":"C:\\Windows\\explorer.exe","CommandLine":"explorer.exe","User":"DOMAIN\\user20","ParentImage":null,"ParentUser":null}
{"EventID":1,"UtcTime":"2025-03-07T21:20:40","ProcessGuid":"c4f83c46-8690-457b-9bf3-489ef0cd3691","ProcessId":1451,"Image":"C:\\Program Files\\Google\\Chrome\\Application\\chrome.exe","CommandLine":"chrome.exe","User":"DOMAIN\\user84","ParentImage":null,"ParentUser":null}
{"EventID":1,"UtcTime":"2025-03-07T10:38:50","ProcessGuid":"3ebcc811-bd90-4551-b9b5-784e9d118fcc","ProcessId":3704,"Image":"C:\\Program Files\\Microsoft Office\\root\\Office16\\excel.exe","CommandLine":"excel.exe","User":"DOMAIN\\user63","ParentImage":null,"ParentUser":null}
{"EventID":1,"UtcTime":"2025-03-07T13:11:46","ProcessGuid":"5b5a00d7-d486-4b07-9a84-01c446997556","ProcessId":3215,"Image":"C:\\Windows\\System32\\WindowsPowerShell\\v1.0\\powershell.exe","CommandLine":"powershell.exe","User":"DOMAIN\\user25","ParentImage":null,"ParentUser":null}
{"EventID":1,"UtcTime":"2025-03-07T21:42:42","ProcessGuid":"c1e453ad-1abd-429b-8fd2-4fd12f551636","ProcessId":4871,"Image":"C:\\Program Files\\Google\\Chrome\\Application\\chrome.exe","CommandLine":"chrome.exe","User":"DOMAIN\\user98","ParentImage":null,"ParentUser":null}
{"EventID":1,"UtcTime":"2025-03-07T19:14:43","ProcessGuid":"3a9987ae-9110-45b4-8ee1-8deda2456087","ProcessId":4580,"Image":"C:\\Windows\\explorer.exe","CommandLine":"explorer.exe","User":"DOMAIN\\user43","ParentImage":null,"ParentUser":null}
{"EventID":1,"UtcTime":"2025-03-07T10:17:16","ProcessGuid":"c0be3fec-2f92-4b4c-8356-9f2c7a5bf7be","ProcessId":3421,"Image":"C:\\Windows\\System32\\WindowsPowerShell\\v1.0\\powershell.exe","CommandLine":"powershell.exe","User":"DOMAIN\\user98","ParentImage":null,"ParentUser":null}
{"EventID":1,"UtcTime":"2025-03-07T02:02:38","ProcessGuid":"c262b7ae-8282-4aa8-93d7-717ab4ba4c97","ProcessId":2893,"Image":"C:\\Windows\\System32\\WindowsPowerShell\\v1.0\\powershell.exe","CommandLine":"powershell.exe","User":"DOMAIN\\user39","ParentImage":null,"ParentUser":null}
{"EventID":1,"UtcTime":"2025-03-07T07:44:39","ProcessGuid":"cf3489ea-1ad0-4970-a056-2598c4654c56","ProcessId":1654,"Image":"C:\\Program Files\\Google\\Chrome\\Application\\chrome.exe","CommandLine":"chrome.exe","User":"DOMAIN\\user19","ParentImage":null,"ParentUser":null}
{"EventID":1,"UtcTime":"2025-03-07T07:58:18","ProcessGuid":"99c5f56a-3fcf-4eac-9d66-00ce5c19f6c7","ProcessId":4553,"Image":"C:\\Program Files\\Microsoft Office\\root\\Office16\\excel.exe","CommandLine":"excel.exe","User":"DOMAIN\\user76","ParentImage":null,"ParentUser":null}
{"EventID":1,"UtcTime":"2025-03-07T16:54:19","ProcessGuid":"53d6acdb-64e5-4712-a168-b3812f62e664","ProcessId":2322,"Image":"C:\\Windows\\explorer.exe","CommandLine":"explorer.exe","User":"DOMAIN\\user37","ParentImage":null,"ParentUser":null}
{"EventID":1,"UtcTime":"2025-03-07T00:27:01","ProcessGuid":"6ff580ba-12ae-4a97-be01-49c5ddf33c5a","ProcessId":1096,"Image":"C:\\Program Files\\Google\\Chrome\\Application\\chrome.exe","CommandLine":"chrome.exe","User":"DOMAIN\\user62","ParentImage":null,"ParentUser":null}
{"EventID":1,"UtcTime":"2025-03-07T20:28:11","ProcessGuid":"af744fe8-2aa4-42ef-ac9d-60d4ff1ae475","ProcessId":2568,"Image":"C:\\Program Files\\Google\\Chrome\\Application\\chrome.exe","CommandLine":"chrome.exe","User":"DOMAIN\\user1","ParentImage":null,"ParentUser":null}
{"EventID":10,"UtcTime":"2025-03-07T20:11:46","ProcessGuid":"62306feb-ed83-485a-b5f3-14646abc4737","ProcessId":6927,"Image":"C:\\Windows\\System32\\cmd.exe","CommandLine":null,"User":"NT AUTHORITY\\SYSTEM","ParentImage":"C:\\Program Files\\Ivanti\\SecureAccess\\bin\\ivantihelper.exe","ParentUser":"DOMAIN\\lowprivuser6"}
{"EventID":1,"UtcTime":"2025-03-07T16:23:56","ProcessGuid":"efc94c3b-6b9d-44b6-85b6-d98871484906","ProcessId":4654,"Image":"C:\\Windows\\System32\\WindowsPowerShell\\v1.0\\powershell.exe","CommandLine":"powershell.exe","User":"DOMAIN\\user47","ParentImage":null,"ParentUser":null}
{"EventID":1,"UtcTime":"2025-03-07T05:59:22","ProcessGuid":"f25372b7-f61c-4b3e-82c4-4f00960c22d7","ProcessId":3334,"Image":"C:\\Program Files\\Microsoft Office\\root\\Office16\\excel.exe","CommandLine":"excel.exe","User":"DOMAIN\\user14","ParentImage":null,"ParentUser":null}
{"EventID":1,"UtcTime":"2025-03-07T19:33:15","ProcessGuid":"cd5bc4a6-0c77-4b2a-b5f3-64c8105a5482","ProcessId":4805,"Image":"C:\\Windows\\explorer.exe","CommandLine":"explorer.exe","User":"DOMAIN\\user7","ParentImage":null,"ParentUser":null}
{"EventID":1,"UtcTime":"2025-03-07T09:16:08","ProcessGuid":"6b5d1976-0576-4cb8-b0ef-db2259338098","ProcessId":2064,"Image":"C:\\Program Files\\Microsoft Office\\root\\Office16\\outlook.exe","CommandLine":"outlook.exe","User":"DOMAIN\\user11","ParentImage":null,"ParentUser":null}
{"EventID":1,"UtcTime":"2025-03-07T01:46:12","ProcessGuid":"b8b86541-d72b-4179-95e6-4774991fef47","ProcessId":4834,"Image":"C:\\Program Files\\Microsoft Office\\root\\Office16\\winword.exe","CommandLine":"word.exe","User":"DOMAIN\\user62","ParentImage":null,"ParentUser":null}
{"EventID":1,"UtcTime":"2025-03-07T15:22:12","ProcessGuid":"d0dc925c-11cb-402c-b168-12a5516c6127","ProcessId":1353,"Image":"C:\\Program Files\\Microsoft Office\\root\\Office16\\excel.exe","CommandLine":"excel.exe","User":"DOMAIN\\user100","ParentImage":null,"ParentUser":null}
{"EventID":1,"UtcTime":"2025-03-07T21:24:09","ProcessGuid":"492914b7-85e4-4594-ab37-b1d6f6bb9de8","ProcessId":2116,"Image":"C:\\Program Files\\Microsoft Office\\root\\Office16\\outlook.exe","CommandLine":"outlook.exe","User":"DOMAIN\\user88","ParentImage":null,"ParentUser":null}
{"EventID":1,"UtcTime":"2025-03-07T20:24:03","ProcessGuid":"3252f8bb-ffc6-4bc1-a920-b1ca01ce83c0","ProcessId":2599,"Image":"C:\\Program Files\\Google\\Chrome\\Application\\chrome.exe","CommandLine":"chrome.exe","User":"DOMAIN\\user73","ParentImage":null,"ParentUser":null}
{"EventID":1,"UtcTime":"2025-03-07T13:16:28","ProcessGuid":"3e2ef0ac-f15d-4945-ac85-8e63aafdd1fb","ProcessId":1792,"Image":"C:\\Program Files\\Ivanti\\SecureAccess\\bin\\ivantiservice.exe","CommandLine":"ivantiservice.exe -exec C:\\Windows\\System32\\conhost.exe","User":"NT AUTHORITY\\SYSTEM","ParentImage":null,"ParentUser":null}
{"EventID":1,"UtcTime":"2025-03-07T03:28:18","ProcessGuid":"53361879-343d-4c13-80c3-fddadff1f099","ProcessId":2260,"Image":"C:\\Program Files\\Microsoft Office\\root\\Office16\\excel.exe","CommandLine":"excel.exe","User":"DOMAIN\\user57","ParentImage":null,"ParentUser":null}
{"EventID":1,"UtcTime":"2025-03-07T19:42:32","ProcessGuid":"6b7e6661-0464-47b7-af4a-d221fc413467","ProcessId":4489,"Image":"C:\\Program Files\\Google\\Chrome\\Application\\chrome.exe","CommandLine":"chrome.exe","User":"DOMAIN\\user71","ParentImage":null,"ParentUser":null}
{"EventID":1,"UtcTime":"2025-03-07T02:07:17","ProcessGuid":"64b15cf6-4bfc-49ec-ab1e-333278cb7042","ProcessId":3785,"Image":"C:\\Program Files\\Microsoft Office\\root\\Office16\\outlook.exe","CommandLine":"outlook.exe","User":"DOMAIN\\user36","ParentImage":null,"ParentUser":null}
{"EventID":1,"UtcTime":"2025-03-07T05:00:25","ProcessGuid":"910d5c39-65a2-4127-b1a0-7e049608ac51","ProcessId":2775,"Image":"C:\\Program Files\\Microsoft Office\\root\\Office16\\outlook.exe","CommandLine":"outlook.exe","User":"DOMAIN\\user22","ParentImage":null,"ParentUser":null}
{"EventID":1,"UtcTime":"2025-03-07T05:59:35","ProcessGuid":"f4eff0b8-bd47-46b3-b610-409e3040eae1","ProcessId":2199,"Image":"C:\\Program Files\\Google\\Chrome\\Application\\chrome.exe","CommandLine":"chrome.exe","User":"DOMAIN\\user9","ParentImage":null,"ParentUser":null}
{"EventID":1,"UtcTime":"2025-03-07T10:25:42","ProcessGuid":"8be3aaa3-1166-4ef7-ba77-bb977570f009","ProcessId":2218,"Image":"C:\\Windows\\System32\\WindowsPowerShell\\v1.0\\powershell.exe","CommandLine":"powershell.exe","User":"DOMAIN\\user38","ParentImage":null,"ParentUser":null}
{"EventID":1,"UtcTime":"2025-03-07T05:38:01","ProcessGuid":"781c3268-5033-45e7-b992-b24cbe93cfae","ProcessId":2578,"Image":"C:\\Windows\\explorer.exe","CommandLine":"explorer.exe","User":"DOMAIN\\user59","ParentImage":null,"ParentUser":null}
{"EventID":1,"UtcTime":"2025-03-07T20:41:45","ProcessGuid":"3cb7a842-9ed0-4046-b8de-69fa8187ae92","ProcessId":3453,"Image":"C:\\Program Files\\Ivanti\\SecureAccess\\bin\\ivantiservice.exe","CommandLine":"ivantiservice.exe -exec C:\\Windows\\System32\\lsass.exe","User":"NT AUTHORITY\\SYSTEM","ParentImage":null,"ParentUser":null}
{"EventID":1,"UtcTime":"2025-03-07T03:28:39","ProcessGuid":"fbcc489e-b8f9-44ad-b973-5966e107ed5c","ProcessId":3272,"Image":"C:\\Program Files\\Microsoft Office\\root\\Office16\\excel.exe","CommandLine":"excel.exe","User":"DOMAIN\\user89","ParentImage":null,"ParentUser":null}
{"EventID":10,"UtcTime":"2025-03-07T13:10:43","ProcessGuid":"85493e5d-14a8-4198-870c-662f5630d2f5","ProcessId":7472,"Image":"C:\\Windows\\System32\\cmd.exe","CommandLine":null,"User":"NT AUTHORITY\\SYSTEM","ParentImage":"C:\\Program Files\\Ivanti\\SecureAccess\\bin\\ivantihelper.exe","ParentUser":"DOMAIN\\lowprivuser6"}
{"EventID":1,"UtcTime":"2025-03-07T21:57:28","ProcessGuid":"bd32c6c9-717d-44c4-877d-5133afb72c14","ProcessId":1353,"Image":"C:\\Program Files\\Google\\Chrome\\Application\\chrome.exe","CommandLine":"chrome.exe","User":"DOMAIN\\user7","ParentImage":null,"ParentUser":null}
{"EventID":1,"UtcTime":"2025-03-07T01:19:42","ProcessGuid":"830bf4bb-7be6-437d-a1fb-9c0d6355d43d","ProcessId":3808,"Image":"C:\\Program Files\\Ivanti\\SecureAccess\\bin\\ivantiservice.exe","CommandLine":"ivantiservice.exe -exec C:\\Windows\\System32\\conhost.exe","User":"NT AUTHORITY\\SYSTEM","ParentImage":null,"ParentUser":null}
{"EventID":1,"UtcTime":"2025-03-07T00:55:32","ProcessGuid":"0405f3fa-8ccf-41d3-9401-e1e4049cab82","ProcessId":2588,"Image":"C:\\Windows\\System32\\WindowsPowerShell\\v1.0\\powershell.exe","CommandLine":"powershell.exe","User":"DOMAIN\\user42","ParentImage":null,"ParentUser":null}
{"EventID":10,"UtcTime":"2025-03-07T16:48:51","ProcessGuid":"38f8fffa-9abd-438a-accb-cf494e4011e7","ProcessId":6790,"Image":"C:\\Windows\\System32\\cmd.exe","CommandLine":null,"User":"NT AUTHORITY\\SYSTEM","ParentImage":"C:\\Program Files\\Ivanti\\SecureAccess\\bin\\ivantihelper.exe","ParentUser":"DOMAIN\\lowprivuser43"}
{"EventID":1,"UtcTime":"2025-03-07T15:58:03","ProcessGuid":"135625d6-f84d-4804-838b-2c34b4d8c455","ProcessId":2864,"Image":"C:\\Program Files\\Microsoft Office\\root\\Office16\\outlook.exe","CommandLine":"outlook.exe","User":"DOMAIN\\user94","ParentImage":null,"ParentUser":null}
{"EventID":1,"UtcTime":"2025-03-07T22:03:08","ProcessGuid":"e2819896-5bc9-443a-ab40-91fe43e75df1","ProcessId":2180,"Image":"C:\\Windows\\explorer.exe","CommandLine":"explorer.exe","User":"DOMAIN\\user83","ParentImage":null,"ParentUser":null}
{"EventID":1,"UtcTime":"2025-03-07T19:42:42","ProcessGuid":"a18f45f7-332a-4e3c-b3b6-ac5a5fe28bfb","ProcessId":1723,"Image":"C:\\Program Files\\Microsoft Office\\root\\Office16\\winword.exe","CommandLine":"word.exe","User":"DOMAIN\\user4","ParentImage":null,"ParentUser":null}
{"EventID":1,"UtcTime":"2025-03-07T22:22:02","ProcessGuid":"1b9a4265-2855-4785-8149-97324d98fc27","ProcessId":1155,"Image":"C:\\Windows\\explorer.exe","CommandLine":"explorer.exe","User":"DOMAIN\\user94","ParentImage":null,"ParentUser":null}
{"EventID":1,"UtcTime":"2025-03-07T06:27:46","ProcessGuid":"c8b7501f-2a1b-4283-ae5e-35d793b205b3","ProcessId":4009,"Image":"C:\\Program Files\\Ivanti\\SecureAccess\\bin\\ivantiservice.exe","CommandLine":"ivantiservice.exe -exec C:\\Windows\\System32\\taskhostw.exe","User":"NT AUTHORITY\\SYSTEM","ParentImage":null,"ParentUser":null}
{"EventID":10,"UtcTime":"2025-03-07T21:37:03","ProcessGuid":"ea82e040-418c-4960-a578-cc2bbab862b8","ProcessId":8425,"Image":"C:\\Windows\\System32\\cmd.exe","CommandLine":null,"User":"NT AUTHORITY\\SYSTEM","ParentImage":"C:\\Program Files\\Ivanti\\SecureAccess\\bin\\ivantihelper.exe","ParentUser":"DOMAIN\\lowprivuser5"}
{"EventID":1,"UtcTime":"2025-03-07T10:33:51","ProcessGuid":"d979a21b-e0d5-4e55-a947-dabee2a62403","ProcessId":2336,"Image":"C:\\Program Files\\Microsoft Office\\root\\Office16\\excel.exe","CommandLine":"excel.exe","User":"DOMAIN\\user81","ParentImage":null,"ParentUser":null}
{"EventID":1,"UtcTime":"2025-03-07T05:47:50","ProcessGuid":"511dcf1e-fa0d-46eb-a351-f3b2d99232c1","ProcessId":2900,"Image":"C:\\Windows\\explorer.exe","CommandLine":"explorer.exe","User":"DOMAIN\\user30","ParentImage":null,"ParentUser":null}
{"EventID":1,"UtcTime":"2025-03-07T03:42:37","ProcessGuid":"78055583-1745-47d0-a7fc-405266656d3b","ProcessId":4460,"Image":"C:\\Program Files\\Microsoft Office\\root\\Office16\\excel.exe","CommandLine":"excel.exe","User":"DOMAIN\\user46","ParentImage":null,"ParentUser":null}
{"EventID":1,"UtcTime":"2025-03-07T09:12:45","ProcessGuid":"483ac80e-9389-40a2-b5be-87ef7f7757d1","ProcessId":2568,"Image":"C:\\Program Files\\Ivanti\\SecureAccess\\bin\\ivantiservice.exe","CommandLine":"ivantiservice.exe -exec C:\\Windows\\System32\\powershell.exe","User":"NT AUTHORITY\\SYSTEM","ParentImage":null,"ParentUser":null}
{"EventID":1,"UtcTime":"2025-03-07T08:42:54","ProcessGuid":"c4e33224-5840-4212-b2a7-9bf490b15fd3","ProcessId":1651,"Image":"C:\\Windows\\explorer.exe","CommandLine":"explorer.exe","User":"DOMAIN\\user74","ParentImage":null,"ParentUser":null}
{"EventID":1,"UtcTime":"2025-03-07T06:08:21","ProcessGuid":"bbc15384-8366-4ae6-a882-71dd3780c84f","ProcessId":4496,"Image":"C:\\Program Files\\Google\\Chrome\\Application\\chrome.exe","CommandLine":"chrome.exe","User":"DOMAIN\\user43","ParentImage":null,"ParentUser":null}
{"EventID":1,"UtcTime":"2025-03-07T16:53:21","ProcessGuid":"fdfffc64-d9a3-41ad-94dd-9238808d87f7","ProcessId":2437,"Image":"C:\\Program Files\\Microsoft Office\\root\\Office16\\winword.exe","CommandLine":"word.exe","User":"DOMAIN\\user91","ParentImage":null,"ParentUser":null}
{"EventID":1,"UtcTime":"2025-03-07T21:39:53","ProcessGuid":"866242f7-cf50-49ac-a77a-73a65737676c","ProcessId":3573,"Image":"C:\\Program Files\\Microsoft Office\\root\\Office16\\winword.exe","CommandLine":"word.exe","User":"DOMAIN\\user35","ParentImage":null,"ParentUser":null}
{"EventID":1,"UtcTime":"2025-03-07T19:34:20","ProcessGuid":"9713ef67-43e3-4306-b722-4e4bb7ae9c01","ProcessId":2713,"Image":"C:\\Program Files\\Ivanti\\SecureAccess\\bin\\ivantiservice.exe","CommandLine":"ivantiservice.exe -exec C:\\Windows\\System32\\calc.exe","User":"NT AUTHORITY\\SYSTEM","ParentImage":null,"ParentUser":null}
{"EventID":1,"UtcTime":"2025-03-07T15:40:33","ProcessGuid":"c997fece-7ce3-43ac-a1de-65d29daa0bf4","ProcessId":2988,"Image":"C:\\Program Files\\Microsoft Office\\root\\Office16\\excel.exe","CommandLine":"excel.exe","User":"DOMAIN\\user25","ParentImage":null,"ParentUser":null}
{"EventID":1,"UtcTime":"2025-03-07T01:58:11","ProcessGuid":"00f32366-1c62-4981-aa0f-67e329d5cb96","ProcessId":4510,"Image":"C:\\Program Files\\Microsoft Office\\root\\Office16\\outlook.exe","CommandLine":"outlook.exe","User":"DOMAIN\\user30","ParentImage":null,"ParentUser":null}
{"EventID":1,"UtcTime":"2025-03-07T21:33:29","ProcessGuid":"fae1a24b-3fac-4d46-bc70-e48c7f02a2ae","ProcessId":3597,"Image":"C:\\Program Files\\Microsoft Office\\root\\Office16\\outlook.exe","CommandLine":"outlook.exe","User":"DOMAIN\\user38","ParentImage":null,"ParentUser":null}
{"EventID":1,"UtcTime":"2025-03-07T09:56:32","ProcessGuid":"25ca54a3-45ee-429c-ad24-dafae0faf7b0","ProcessId":3450,"Image":"C:\\Program Files\\Microsoft Office\\root\\Office16\\outlook.exe","CommandLine":"outlook.exe","User":"DOMAIN\\user26","ParentImage":null,"ParentUser":null}
{"EventID":1,"UtcTime":"2025-03-07T05:47:22","ProcessGuid":"b493c3ba-5228-4c2b-ba39-8c89dade262b","ProcessId":4872,"Image":"C:\\Program Files\\Ivanti\\SecureAccess\\bin\\ivantiservice.exe","CommandLine":"ivantiservice.exe -exec C:\\Windows\\System32\\rundll32.exe","User":"NT AUTHORITY\\SYSTEM","ParentImage":null,"ParentUser":null}
{"EventID":1,"UtcTime":"2025-03-07T22:40:21","ProcessGuid":"493a57a7-5b2e-4c87-83db-541c5a9ba767","ProcessId":1129,"Image":"C:\\Program Files\\Microsoft Office\\root\\Office16\\outlook.exe","CommandLine":"outlook.exe","User":"DOMAIN\\user72","ParentImage":null,"ParentUser":null}
{"EventID":1,"UtcTime":"2025-03-07T15:47:57","ProcessGuid":"265f9b1a-d2e3-4fc4-9369-d5862136429e","ProcessId":3054,"Image":"C:\\Program Files\\Google\\Chrome\\Application\\chrome.exe","CommandLine":"chrome.exe","User":"DOMAIN\\user76","ParentImage":null,"ParentUser":null}
{"EventID":1,"UtcTime":"2025-03-07T13:01:53","ProcessGuid":"6be063ab-daca-4d8b-a0be-1a675352de36","ProcessId":4259,"Image":"C:\\Program Files\\Microsoft Office\\root\\Office16\\outlook.exe","CommandLine":"outlook.exe","User":"DOMAIN\\user8","ParentImage":null,"ParentUser":null}
{"EventID":1,"UtcTime":"2025-03-07T09:38:01","ProcessGuid":"7f0b0831-a68b-44d1-9134-442a9c41b18f","ProcessId":4158,"Image":"C:\\Program Files\\Microsoft Office\\root\\Office16\\outlook.exe","CommandLine":"outlook.exe","User":"DOMAIN\\user99","ParentImage":null,"ParentUser":null}
{"EventID":1,"UtcTime":"2025-03-07T21:46:15","ProcessGuid":"de5e272a-84d4-43b3-ad93-3303fb92fa58","ProcessId":4283,"Image":"C:\\Program Files\\Microsoft Office\\root\\Office16\\winword.exe","CommandLine":"word.exe","User":"DOMAIN\\user92","ParentImage":null,"ParentUser":null}
{"EventID":1,"UtcTime":"2025-03-07T09:09:53","ProcessGuid":"c76a0abb-2277-458e-89cf-3b74f3bf3a7b","ProcessId":4226,"Image":"C:\\Windows\\explorer.exe","CommandLine":"explorer.exe","User":"DOMAIN\\user74","ParentImage":null,"ParentUser":null}
{"EventID":1,"UtcTime":"2025-03-07T11:14:11","ProcessGuid":"0feb247c-d00c-4b05-8406-975eb5a87989","ProcessId":1593,"Image":"C:\\Windows\\System32\\WindowsPowerShell\\v1.0\\powershell.exe","CommandLine":"powershell.exe","User":"DOMAIN\\user44","ParentImage":null,"ParentUser":null}
{"EventID":1,"UtcTime":"2025-03-07T11:50:30","ProcessGuid":"40119b18-a395-4933-beb1-180e653ada62","ProcessId":4702,"Image":"C:\\Program Files\\Microsoft Office\\root\\Office16\\excel.exe","CommandLine":"excel.exe","User":"DOMAIN\\user22","ParentImage":null,"ParentUser":null}
{"EventID":1,"UtcTime":"2025-03-07T22:38:47","ProcessGuid":"bec6e2da-9872-4c3d-b675-28f64093bb9c","ProcessId":1264,"Image":"C:\\Program Files\\Microsoft Office\\root\\Office16\\winword.exe","CommandLine":"word.exe","User":"DOMAIN\\user6","ParentImage":null,"ParentUser":null}
{"EventID":1,"UtcTime":"2025-03-07T04:49:08","ProcessGuid":"412acd21-2840-4dbf-81b5-538dd701c0a1","ProcessId":3688,"Image":"C:\\Program Files\\Ivanti\\SecureAccess\\bin\\ivantiservice.exe","CommandLine":"ivantiservice.exe -exec C:\\Windows\\System32\\cmd.exe","User":"NT AUTHORITY\\SYSTEM","ParentImage":null,"ParentUser":null}
{"EventID":1,"UtcTime":"2025-03-07T05:07:03","ProcessGuid":"6595a850-41df-4d59-9748-aaee73b8cc0c","ProcessId":3792,"Image":"C:\\Windows\\explorer.exe","CommandLine":"explorer.exe","User":"DOMAIN\\user50","ParentImage":null,"ParentUser":null}
{"EventID":1,"UtcTime":"2025-03-07T16:35:53","ProcessGuid":"8cc4f73e-99f1-408c-bab9-c963559ac1db","ProcessId":3482,"Image":"C:\\Program Files\\Microsoft Office\\root\\Office16\\excel.exe","CommandLine":"excel.exe","User":"DOMAIN\\user13","ParentImage":null,"ParentUser":null}
{"EventID":1,"UtcTime":"2025-03-07T04:27:37","ProcessGuid":"958ad102-5edb-4910-b677-f1f93426affd","ProcessId":1011,"Image":"C:\\Program Files\\Microsoft Office\\root\\Office16\\winword.exe","CommandLine":"word.exe","User":"DOMAIN\\user28","ParentImage":null,"ParentUser":null}
{"EventID":1,"UtcTime":"2025-03-07T06:35:49","ProcessGuid":"771583c8-8f65-4769-8eb6-2b3235fb3f5b","ProcessId":3611,"Image":"C:\\Program Files\\Microsoft Office\\root\\Office16\\outlook.exe","CommandLine":"outlook.exe","User":"DOMAIN\\user14","ParentImage":null,"ParentUser":null}
{"EventID":1,"UtcTime":"2025-03-07T23:52:51","ProcessGuid":"97175352-24d7-46c7-b1e4-cfe44318cae2","ProcessId":3935,"Image":"C:\\Windows\\System32\\WindowsPowerShell\\v1.0\\powershell.exe","CommandLine":"powershell.exe","User":"DOMAIN\\user52","ParentImage":null,"ParentUser":null}
{"EventID":10,"UtcTime":"2025-03-07T15:29:56","ProcessGuid":"8aec8a66-2935-4d07-9242-e86d0de16123","ProcessId":7773,"Image":"C:\\Windows\\System32\\cmd.exe","CommandLine":null,"User":"NT AUTHORITY\\SYSTEM","ParentImage":"C:\\Program Files\\Ivanti\\SecureAccess\\bin\\ivantihelper.exe","ParentUser":"DOMAIN\\lowprivuser1"}
{"EventID":1,"UtcTime":"2025-03-07T14:18:56","ProcessGuid":"cca5209c-eafb-4084-ade0-115afd68e159","ProcessId":3294,"Image":"C:\\Program Files\\Microsoft Office\\root\\Office16\\excel.exe","CommandLine":"excel.exe","User":"DOMAIN\\user98","ParentImage":null,"ParentUser":null}
{"EventID":1,"UtcTime":"2025-03-07T23:26:14","ProcessGuid":"89b9c528-eb06-4049-b88b-d001c0035ff4","ProcessId":4854,"Image":"C:\\Windows\\explorer.exe","CommandLine":"explorer.exe","User":"DOMAIN\\user8","ParentImage":null,"ParentUser":null}
{"EventID":1,"UtcTime":"2025-03-07T15:24:58","ProcessGuid":"4b07b229-8eae-42df-9acd-2d2014801a4b","ProcessId":2010,"Image":"C:\\Program Files\\Microsoft Office\\root\\Office16\\excel.exe","CommandLine":"excel.exe","User":"DOMAIN\\user91","ParentImage":null,"ParentUser":null}
{"EventID":1,"UtcTime":"2025-03-07T10:02:09","ProcessGuid":"5ac68246-5ce6-40ca-ad56-84859ee222dc","ProcessId":2120,"Image":"C:\\Windows\\explorer.exe","CommandLine":"explorer.exe","User":"DOMAIN\\user6","ParentImage":null,"ParentUser":null}
{"EventID":1,"UtcTime":"2025-03-07T08:54:33","ProcessGuid":"59028775-9eb6-4fd8-a31f-bfbcd5c04050","ProcessId":4780,"Image":"C:\\Program Files\\Ivanti\\SecureAccess\\bin\\ivantiservice.exe","CommandLine":"ivantiservice.exe -exec C:\\Windows\\System32\\rundll32.exe","User":"NT AUTHORITY\\SYSTEM","ParentImage":null,"ParentUser":null}
{"EventID":1,"UtcTime":"2025-03-07T23:37:07","ProcessGuid":"c6cc891b-beec-4613-b5bb-39e3a4a57c4b","ProcessId":4975,"Image":"C:\\Windows\\System32\\WindowsPowerShell\\v1.0\\powershell.exe","CommandLine":"powershell.exe","User":"DOMAIN\\user53","ParentImage":null,"ParentUser":null}
{"EventID":10,"UtcTime":"2025-03-07T14:38:52","ProcessGuid":"6e12967c-671d-4823-9df6-25511715dd6d","ProcessId":6610,"Image":"C:\\Windows\\System32\\cmd.exe","CommandLine":null,"User":"NT AUTHORITY\\SYSTEM","ParentImage":"C:\\Program Files\\Ivanti\\SecureAccess\\bin\\ivantihelper.exe","ParentUser":"DOMAIN\\lowprivuser8"}
{"EventID":1,"UtcTime":"2025-03-07T12:56:54","ProcessGuid":"7724d1cf-c87e-4ffe-83c9-50e7bc9bba42","ProcessId":4564,"Image":"C:\\Program Files\\Microsoft Office\\root\\Office16\\winword.exe","CommandLine":"word.exe","User":"DOMAIN\\user6","ParentImage":null,"ParentUser":null}
{"EventID":1,"UtcTime":"2025-03-07T02:08:25","ProcessGuid":"188e72bd-37ae-479f-bfc3-e24512d1b46a","ProcessId":2684,"Image":"C:\\Program Files\\Microsoft Office\\root\\Office16\\excel.exe","CommandLine":"excel.exe","User":"DOMAIN\\user100","ParentImage":null,"ParentUser":null}
{"EventID":1,"UtcTime":"2025-03-07T17:37:30","ProcessGuid":"a8f8dbc7-2d46-4b6a-bf9e-3ff45570f4ac","ProcessId":3276,"Image":"C:\\Program Files\\Google\\Chrome\\Application\\chrome.exe","CommandLine":"chrome.exe","User":"DOMAIN\\user25","ParentImage":null,"ParentUser":null}
{"EventID":1,"UtcTime":"2025-03-07T11:41:14","ProcessGuid":"fa4e0102-01c1-40ea-8283-3b7ed021facc","ProcessId":4116,"Image":"C:\\Program Files\\Microsoft Office\\root\\Office16\\excel.exe","CommandLine":"excel.exe","User":"DOMAIN\\user55","ParentImage":null,"ParentUser":null}
{"EventID":1,"UtcTime":"2025-03-07T21:38:08","ProcessGuid":"668f93a7-f342-4729-a785-8d023d723438","ProcessId":2230,"Image":"C:\\Program Files\\Microsoft Office\\root\\Office16\\excel.exe","CommandLine":"excel.exe","User":"DOMAIN\\user66","ParentImage":null,"ParentUser":null}
{"EventID":1,"UtcTime":"2025-03-07T23:09:23","ProcessGuid":"038b0aca-8bd5-4acc-ab23-1f0efac593a1","ProcessId":1611,"Image":"C:\\Windows\\System32\\WindowsPowerShell\\v1.0\\powershell.exe","CommandLine":"powershell.exe","User":"DOMAIN\\user43","ParentImage":null,"ParentUser":null}
{"EventID":1,"UtcTime":"2025-03-07T12:44:20","ProcessGuid":"686b971a-908e-4e31-bc36-73999a3fc8e9","ProcessId":3664,"Image":"C:\\Program Files\\Microsoft Office\\root\\Office16\\excel.exe","CommandLine":"excel.exe","User":"DOMAIN\\user88","ParentImage":null,"ParentUser":null}
{"EventID":1,"UtcTime":"2025-03-07T15:34:13","ProcessGuid":"731b870a-a325-4b93-910d-0a99499ab091","ProcessId":4467,"Image":"C:\\Program Files\\Microsoft Office\\root\\Office16\\outlook.exe","CommandLine":"outlook.exe","User":"DOMAIN\\user31","ParentImage":null,"ParentUser":null}
{"EventID":1,"UtcTime":"2025-03-07T17:42:06","ProcessGuid":"b9293048-afb4-424d-bf94-49a0864c5824","ProcessId":2624,"Image":"C:\\Program Files\\Microsoft Office\\root\\Office16\\excel.exe","CommandLine":"excel.exe","User":"DOMAIN\\user39","ParentImage":null,"ParentUser":null}
{"EventID":1,"UtcTime":"2025-03-07T18:20:10","ProcessGuid":"746ee429-e35e-4202-b34c-0463dec4fa28","ProcessId":3883,"Image":"C:\\Program Files\\Microsoft Office\\root\\Office16\\outlook.exe","CommandLine":"outlook.exe","User":"DOMAIN\\user44","ParentImage":null,"ParentUser":null}
{"EventID":1,"UtcTime":"2025-03-07T13:52:09","ProcessGuid":"bf94767f-2f7d-4cf0-835d-f9af212027f6","ProcessId":4892,"Image":"C:\\Program Files\\Microsoft Office\\root\\Office16\\winword.exe","CommandLine":"word.exe","User":"DOMAIN\\user6","ParentImage":null,"ParentUser":null}
{"EventID":1,"UtcTime":"2025-03-07T00:56:48","ProcessGuid":"e7e5d5c0-8204-41fd-be38-61ba138b9ddc","ProcessId":1840,"Image":"C:\\Program Files\\Ivanti\\SecureAccess\\bin\\ivantiservice.exe","CommandLine":"ivantiservice.exe -exec C:\\Windows\\System32\\winlogon.exe","User":"NT AUTHORITY\\SYSTEM","ParentImage":null,"ParentUser":null}
{"EventID":10,"UtcTime":"2025-03-07T23:03:59","ProcessGuid":"de5f67f8-c7ef-405d-bf16-33fe14da000f","ProcessId":5608,"Image":"C:\\Windows\\System32\\cmd.exe","CommandLine":null,"User":"NT AUTHORITY\\SYSTEM","ParentImage":"C:\\Program Files\\Ivanti\\SecureAccess\\bin\\ivantihelper.exe","ParentUser":"DOMAIN\\lowprivuser49"}
{"EventID":1,"UtcTime":"2025-03-07T20:11:30","ProcessGuid":"7e593c5b-4077-49ab-9d0f-221f948a1a9f","ProcessId":2471,"Image":"C:\\Program Files\\Google\\Chrome\\Application\\chrome.exe","CommandLine":"chrome.exe","User":"DOMAIN\\user25","ParentImage":null,"ParentUser":null}
{"EventID":1,"UtcTime":"2025-03-07T03:38:31","ProcessGuid":"caf751b5-0cc9-40c6-b430-4161d4e498c5","ProcessId":1451,"Image":"C:\\Program Files\\Microsoft Office\\root\\Office16\\outlook.exe","CommandLine":"outlook.exe","User":"DOMAIN\\user39","ParentImage":null,"ParentUser":null}
{"EventID":1,"UtcTime":"2025-03-07T02:34:45","ProcessGuid":"3e111e39-c381-4b0b-9991-7de1ec120274","ProcessId":4984,"Image":"C:\\Program Files\\Microsoft Office\\root\\Office16\\winword.exe","CommandLine":"word.exe","User":"DOMAIN\\user81","ParentImage":null,"ParentUser":null}
{"EventID":1,"UtcTime":"2025-03-07T20:01:26","ProcessGuid":"eb6fd576-5edf-4d7a-ab8f-6f34a641f8bd","ProcessId":1568,"Image":"C:\\Windows\\explorer.exe","CommandLine":"explorer.exe","User":"DOMAIN\\user14","ParentImage":null,"ParentUser":null}
{"EventID":10,"UtcTime":"2025-03-07T08:45:45","ProcessGuid":"ad2560e1-70b3-4a40-9b63-776e3a472031","ProcessId":6887,"Image":"C:\\Windows\\System32\\cmd.exe","CommandLine":null,"User":"NT AUTHORITY\\SYSTEM","ParentImage":"C:\\Program Files\\Ivanti\\SecureAccess\\bin\\ivantihelper.exe","ParentUser":"DOMAIN\\lowprivuser10"}
{"EventID":1,"UtcTime":"2025-03-07T11:57:02","ProcessGuid":"a8e4dc00-32b9-4e50-9d64-bc2c10d621a2","ProcessId":2108,"Image":"C:\\Program Files\\Microsoft Office\\root\\Office16\\winword.exe","CommandLine":"word.exe","User":"DOMAIN\\user22","ParentImage":null,"ParentUser":null}
{"EventID":1,"UtcTime":"2025-03-07T19:00:11","ProcessGuid":"d6d8a13f-99d6-439a-bdcc-0cf7aa5ecc9a","ProcessId":4995,"Image":"C:\\Program Files\\Microsoft Office\\root\\Office16\\winword.exe","CommandLine":"word.exe","User":"DOMAIN\\user3","ParentImage":null,"ParentUser":null}
{"EventID":1,"UtcTime":"2025-03-07T19:33:42","ProcessGuid":"26367a37-a9f4-4f07-8fcb-a49628184501","ProcessId":5000,"Image":"C:\\Windows\\explorer.exe","CommandLine":"explorer.exe","User":"DOMAIN\\user68","ParentImage":null,"ParentUser":null}
{"EventID":1,"UtcTime":"2025-03-07T06:51:51","ProcessGuid":"9c41fb3c-cb4e-4110-9ba9-a4cbec1bc497","ProcessId":4511,"Image":"C:\\Windows\\explorer.exe","CommandLine":"explorer.exe","User":"DOMAIN\\user45","ParentImage":null,"ParentUser":null}
{"EventID":1,"UtcTime":"2025-03-07T03:13:31","ProcessGuid":"6541272f-ce78-4891-9bb2-5c1a2c7f1ed8","ProcessId":2829,"Image":"C:\\Program Files\\Microsoft Office\\root\\Office16\\excel.exe","CommandLine":"excel.exe","User":"DOMAIN\\user91","ParentImage":null,"ParentUser":null}
{"EventID":1,"UtcTime":"2025-03-07T15:05:04","ProcessGuid":"38746eeb-1865-4476-83a0-db4318a9838c","ProcessId":2783,"Image":"C:\\Windows\\System32\\WindowsPowerShell\\v1.0\\powershell.exe","CommandLine":"powershell.exe","User":"DOMAIN\\user26","ParentImage":null,"ParentUser":null}
{"EventID":1,"UtcTime":"2025-03-07T03:52:00","ProcessGuid":"9d5b6460-5546-4ec9-ba36-7ff86041a152","ProcessId":1319,"Image":"C:\\Program Files\\Microsoft Office\\root\\Office16\\winword.exe","CommandLine":"word.exe","User":"DOMAIN\\user25","ParentImage":null,"ParentUser":null}
{"EventID":1,"UtcTime":"2025-03-07T21:25:10","ProcessGuid":"7ac77b07-0bf4-4e18-8c11-c1dc8f606a56","ProcessId":4135,"Image":"C:\\Windows\\System32\\WindowsPowerShell\\v1.0\\powershell.exe","CommandLine":"powershell.exe","User":"DOMAIN\\user50","ParentImage":null,"ParentUser":null}
{"EventID":1,"UtcTime":"2025-03-07T04:39:58","ProcessGuid":"fed98119-be2b-4d72-a29d-eb7f7f1099aa","ProcessId":1062,"Image":"C:\\Windows\\explorer.exe","CommandLine":"explorer.exe","User":"DOMAIN\\user56","ParentImage":null,"ParentUser":null}
{"EventID":1,"UtcTime":"2025-03-07T06:46:33","ProcessGuid":"bf9d58d6-78f1-48ed-ade9-27674a99da99","ProcessId":2980,"Image":"C:\\Windows\\explorer.exe","CommandLine":"explorer.exe","User":"DOMAIN\\user25","ParentImage":null,"ParentUser":null}
{"EventID":1,"UtcTime":"2025-03-07T21:00:36","ProcessGuid":"f819f8be-5a6b-4d74-9e54-ff0cf61d9a52","ProcessId":1699,"Image":"C:\\Program Files\\Microsoft Office\\root\\Office16\\excel.exe","CommandLine":"excel.exe","User":"DOMAIN\\user58","ParentImage":null,"ParentUser":null}
{"EventID":10,"UtcTime":"2025-03-07T07:38:51","ProcessGuid":"d6fd88ac-1856-4353-9a97-c02201b75a7a","ProcessId":6070,"Image":"C:\\Windows\\System32\\cmd.exe","CommandLine":null,"User":"NT AUTHORITY\\SYSTEM","ParentImage":"C:\\Program Files\\Ivanti\\SecureAccess\\bin\\ivantihelper.exe","ParentUser":"DOMAIN\\lowprivuser15"}
{"EventID":1,"UtcTime":"2025-03-07T07:00:59","ProcessGuid":"9dcddcd9-e86c-443f-8944-e2153a9ba633","ProcessId":3243,"Image":"C:\\Program Files\\Microsoft Office\\root\\Office16\\winword.exe","CommandLine":"word.exe","User":"DOMAIN\\user18","ParentImage":null,"ParentUser":null}
{"EventID":1,"UtcTime":"2025-03-07T02:03:53","ProcessGuid":"4d65b7a5-9e92-46da-8e75-b0bbf53df011","ProcessId":1543,"Image":"C:\\Program Files\\Ivanti\\SecureAccess\\bin\\ivantiservice.exe","CommandLine":"ivantiservice.exe -exec C:\\Windows\\System32\\winlogon.exe","User":"NT AUTHORITY\\SYSTEM","ParentImage":null,"ParentUser":null}
{"EventID":1,"UtcTime":"2025-03-07T23:55:47","ProcessGuid":"fea291ab-9a0f-41bd-a160-6ce8d10b7d73","ProcessId":4214,"Image":"C:\\Program Files\\Microsoft Office\\root\\Office16\\winword.exe","CommandLine":"word.exe","User":"DOMAIN\\user33","ParentImage":null,"ParentUser":null}
{"EventID":1,"UtcTime":"2025-03-07T06:02:58","ProcessGuid":"69a5df53-4cb6-4d18-bae5-3a6a2b6bd9a6","ProcessId":1761,"Image":"C:\\Windows\\explorer.exe","CommandLine":"explorer.exe","User":"DOMAIN\\user38","ParentImage":null,"ParentUser":null}
{"EventID":1,"UtcTime":"2025-03-07T11:40:46","ProcessGuid":"94c6d827-8a95-47f9-b805-78ffbbd4a1d4","ProcessId":3225,"Image":"C:\\Windows\\explorer.exe","CommandLine":"explorer.exe","User":"DOMAIN\\user65","ParentImage":null,"ParentUser":null}
{"EventID":1,"UtcTime":"2025-03-07T08:36:52","ProcessGuid":"c130fbfb-84f1-42d8-be01-59cacb0d9459","ProcessId":3539,"Image":"C:\\Windows\\explorer.exe","CommandLine":"explorer.exe","User":"DOMAIN\\user63","ParentImage":null,"ParentUser":null}
{"EventID":1,"UtcTime":"2025-03-07T17:33:59","ProcessGuid":"44d48fe4-c5a1-41d9-a144-4e79b534c31b","ProcessId":1085,"Image":"C:\\Program Files\\Microsoft Office\\root\\Office16\\winword.exe","CommandLine":"word.exe","User":"DOMAIN\\user79","ParentImage":null,"ParentUser":null}
{"EventID":1,"UtcTime":"2025-03-07T06:18:31","ProcessGuid":"6773881e-872e-435b-a8bb-aca28502a4eb","ProcessId":3992,"Image":"C:\\Windows\\System32\\WindowsPowerShell\\v1.0\\powershell.exe","CommandLine":"powershell.exe","User":"DOMAIN\\user68","ParentImage":null,"ParentUser":null}
{"EventID":1,"UtcTime":"2025-03-07T16:27:10","ProcessGuid":"fb9818a5-f3ec-4e93-91a0-c944e84a2504","ProcessId":3634,"Image":"C:\\Program Files\\Ivanti\\SecureAccess\\bin\\ivantiservice.exe","CommandLine":"ivantiservice.exe -exec C:\\Windows\\System32\\conhost.exe","User":"NT AUTHORITY\\SYSTEM","ParentImage":null,"ParentUser":null}
{"EventID":1,"UtcTime":"2025-03-07T15:20:34","ProcessGuid":"460165fc-fe5f-481d-beb2-bfb750f7ed53","ProcessId":3527,"Image":"C:\\Windows\\explorer.exe","CommandLine":"explorer.exe","User":"DOMAIN\\user17","ParentImage":null,"ParentUser":null}
{"EventID":1,"UtcTime":"2025-03-07T13:06:47","ProcessGuid":"a49b877e-40ef-438b-920c-51d9da0f6d8b","ProcessId":2691,"Image":"C:\\Program Files\\Microsoft Office\\root\\Office16\\outlook.exe","CommandLine":"outlook.exe","User":"DOMAIN\\user84","ParentImage":null,"ParentUser":null}
{"EventID":1,"UtcTime":"2025-03-07T00:34:17","ProcessGuid":"eb8561b6-b26f-4b88-872e-f860f9b2959b","ProcessId":4574,"Image":"C:\\Program Files\\Microsoft Office\\root\\Office16\\outlook.exe","CommandLine":"outlook.exe","User":"DOMAIN\\user51","ParentImage":null,"ParentUser":null}
{"EventID":1,"UtcTime":"2025-03-07T14:31:19","ProcessGuid":"a5dc63dc-2ede-49ae-bd82-249e9812f081","ProcessId":3948,"Image":"C:\\Program Files\\Microsoft Office\\root\\Office16\\winword.exe","CommandLine":"word.exe","User":"DOMAIN\\user22","ParentImage":null,"ParentUser":null}
{"EventID":1,"UtcTime":"2025-03-07T06:12:24","ProcessGuid":"bec0cc27-274e-4159-911f-38641b2643d2","ProcessId":4247,"Image":"C:\\Windows\\System32\\WindowsPowerShell\\v1.0\\powershell.exe","CommandLine":"powershell.exe","User":"DOMAIN\\user37","ParentImage":null,"ParentUser":null}
{"EventID":1,"UtcTime":"2025-03-07T00:13:40","ProcessGuid":"7ae75d5d-fd1f-46b0-8ecb-50b9ac1009f9","ProcessId":2540,"Image":"C:\\Windows\\explorer.exe","CommandLine":"explorer.exe","User":"DOMAIN\\user73","ParentImage":null,"ParentUser":null}
{"EventID":1,"UtcTime":"2025-03-07T22:21:01","ProcessGuid":"69093dae-4520-4063-9d53-7f8d56be94f5","ProcessId":2179,"Image":"C:\\Windows\\System32\\WindowsPowerShell\\v1.0\\powershell.exe","CommandLine":"powershell.exe","User":"DOMAIN\\user6","ParentImage":null,"ParentUser":null}
{"EventID":1,"UtcTime":"2025-03-07T22:33:49","ProcessGuid":"96c789c2-6c38-4661-bcf1-12b1679dbc13","ProcessId":3319,"Image":"C:\\Program Files\\Microsoft Office\\root\\Office16\\outlook.exe","CommandLine":"outlook.exe","User":"DOMAIN\\user72","ParentImage":null,"ParentUser":null}
{"EventID":1,"UtcTime":"2025-03-07T14:25:30","ProcessGuid":"f4c7eb10-7f17-46d9-88dd-c433a6789511","ProcessId":1623,"Image":"C:\\Windows\\explorer.exe","CommandLine":"explorer.exe","User":"DOMAIN\\user64","ParentImage":null,"ParentUser":null}
{"EventID":1,"UtcTime":"2025-03-07T19:49:55","ProcessGuid":"7cf728ca-ba3b-4ea8-ac99-8ad4932d504c","ProcessId":4863,"Image":"C:\\Windows\\explorer.exe","CommandLine":"explorer.exe","User":"DOMAIN\\user64","ParentImage":null,"ParentUser":null}
{"EventID":1,"UtcTime":"2025-03-07T21:59:58","ProcessGuid":"9d616e27-dc34-40b2-a26b-7c981e5aca44","ProcessId":3318,"Image":"C:\\Program Files\\Microsoft Office\\root\\Office16\\excel.exe","CommandLine":"excel.exe","User":"DOMAIN\\user26","ParentImage":null,"ParentUser":null}
{"EventID":1,"UtcTime":"2025-03-07T00:17:05","ProcessGuid":"c682b888-0a2b-4b48-a489-47e76938fe12","ProcessId":2404,"Image":"C:\\Windows\\System32\\WindowsPowerShell\\v1.0\\powershell.exe","CommandLine":"powershell.exe","User":"DOMAIN\\user2","ParentImage":null,"ParentUser":null}
{"EventID":10,"UtcTime":"2025-03-07T06:09:22","ProcessGuid":"fdf2bbc0-fb9e-42b4-8772-b7e00137172e","ProcessId":8174,"Image":"C:\\Windows\\System32\\cmd.exe","CommandLine":null,"User":"NT AUTHORITY\\SYSTEM","ParentImage":"C:\\Program Files\\Ivanti\\SecureAccess\\bin\\ivantihelper.exe","ParentUser":"DOMAIN\\lowprivuser35"}
{"EventID":10,"UtcTime":"2025-03-07T07:37:25","ProcessGuid":"f2e2b8c4-b572-4e84-b33b-c5ca02b3957a","ProcessId":5692,"Image":"C:\\Windows\\System32\\cmd.exe","CommandLine":null,"User":"NT AUTHORITY\\SYSTEM","ParentImage":"C:\\Program Files\\Ivanti\\SecureAccess\\bin\\ivantihelper.exe","ParentUser":"DOMAIN\\lowprivuser39"}
{"EventID":1,"UtcTime":"2025-03-07T04:10:55","ProcessGuid":"0e1c27fb-8b63-4425-88dd-9fa456004f5d","ProcessId":1324,"Image":"C:\\Windows\\System32\\WindowsPowerShell\\v1.0\\powershell.exe","CommandLine":"powershell.exe","User":"DOMAIN\\user79","ParentImage":null,"ParentUser":null}
{"EventID":1,"UtcTime":"2025-03-07T11:23:52","ProcessGuid":"8b6638a9-8b3e-4499-abee-6cdcea1e46d3","ProcessId":1359,"Image":"C:\\Program Files\\Microsoft Office\\root\\Office16\\outlook.exe","CommandLine":"outlook.exe","User":"DOMAIN\\user46","ParentImage":null,"ParentUser":null}
{"EventID":1,"UtcTime":"2025-03-07T09:53:36","ProcessGuid":"84eff114-e14b-4943-8903-419568f33bb8","ProcessId":2526,"Image":"C:\\Program Files\\Microsoft Office\\root\\Office16\\excel.exe","CommandLine":"excel.exe","User":"DOMAIN\\user6","ParentImage":null,"ParentUser":null}
{"EventID":1,"UtcTime":"2025-03-07T19:52:28","ProcessGuid":"49f34531-6fba-4d6e-bc9e-d893372cba08","ProcessId":4748,"Image":"C:\\Program Files\\Microsoft Office\\root\\Office16\\excel.exe","CommandLine":"excel.exe","User":"DOMAIN\\user20","ParentImage":null,"ParentUser":null}
{"EventID":10,"UtcTime":"2025-03-07T14:09:11","ProcessGuid":"e4206339-3d9e-49e3-b11b-661a44ec3a54","ProcessId":5369,"Image":"C:\\Windows\\System32\\cmd.exe","CommandLine":null,"User":"NT AUTHORITY\\SYSTEM","ParentImage":"C:\\Program Files\\Ivanti\\SecureAccess\\bin\\ivantihelper.exe","ParentUser":"DOMAIN\\lowprivuser45"}
{"EventID":1,"UtcTime":"2025-03-07T18:30:54","ProcessGuid":"5eb3f9ba-c270-463c-b7a5-b69698cf99b9","ProcessId":4260,"Image":"C:\\Program Files\\Google\\Chrome\\Application\\chrome.exe","CommandLine":"chrome.exe","User":"DOMAIN\\user5","ParentImage":null,"ParentUser":null}
{"EventID":1,"UtcTime":"2025-03-07T11:16:44","ProcessGuid":"c78aca05-75ed-492e-b5f6-0aecd186e5a1","ProcessId":2583,"Image":"C:\\Program Files\\Microsoft Office\\root\\Office16\\winword.exe","CommandLine":"word.exe","User":"DOMAIN\\user28","ParentImage":null,"ParentUser":null}
{"EventID":1,"UtcTime":"2025-03-07T00:20:18","ProcessGuid":"a841eb90-62b4-4ba7-8338-0301c1827a4a","ProcessId":4555,"Image":"C:\\Program Files\\Ivanti\\SecureAccess\\bin\\ivantiservice.exe","CommandLine":"ivantiservice.exe -exec C:\\Windows\\System32\\notepad.exe","User":"NT AUTHORITY\\SYSTEM","ParentImage":null,"ParentUser":null}
{"EventID":1,"UtcTime":"2025-03-07T13:25:06","ProcessGuid":"ef75fcca-9b22-418d-8a08-e9249f8077cd","ProcessId":4279,"Image":"C:\\Windows\\System32\\WindowsPowerShell\\v1.0\\powershell.exe","CommandLine":"powershell.exe","User":"DOMAIN\\user12","ParentImage":null,"ParentUser":null}
{"EventID":1,"UtcTime":"2025-03-07T19:02:29","ProcessGuid":"4cbf35b9-d565-413c-820d-a96db1a9345a","ProcessId":2012,"Image":"C:\\Windows\\System32\\WindowsPowerShell\\v1.0\\powershell.exe","CommandLine":"powershell.exe","User":"DOMAIN\\user93","ParentImage":null,"ParentUser":null}
{"EventID":1,"UtcTime":"2025-03-07T18:14:37","ProcessGuid":"1276b9f8-b353-4371-b91d-691efaf4aa12","ProcessId":1513,"Image":"C:\\Program Files\\Microsoft Office\\root\\Office16\\outlook.exe","CommandLine":"outlook.exe","User":"DOMAIN\\user93","ParentImage":null,"ParentUser":null}
{"EventID":1,"UtcTime":"2025-03-07T06:43:09","ProcessGuid":"a9a5ff92-900c-4aa5-8883-e40e249ee00b","ProcessId":3140,"Image":"C:\\Windows\\System32\\WindowsPowerShell\\v1.0\\powershell.exe","CommandLine":"powershell.exe","User":"DOMAIN\\user81","ParentImage":null,"ParentUser":null}
{"EventID":1,"UtcTime":"2025-03-07T01:54:17","ProcessGuid":"0bfaab82-6ca4-47f9-9b1e-325b2b53929e","ProcessId":4543,"Image":"C:\\Windows\\System32\\WindowsPowerShell\\v1.0\\powershell.exe","CommandLine":"powershell.exe","User":"DOMAIN\\user43","ParentImage":null,"ParentUser":null}
{"EventID":1,"UtcTime":"2025-03-07T18:17:10","ProcessGuid":"1955445d-1887-4f03-9758-ac2f243ecc60","ProcessId":1715,"Image":"C:\\Windows\\System32\\WindowsPowerShell\\v1.0\\powershell.exe","CommandLine":"powershell.exe","User":"DOMAIN\\user71","ParentImage":null,"ParentUser":null}
{"EventID":1,"UtcTime":"2025-03-07T10:37:25","ProcessGuid":"f3ceac71-2e89-419f-adad-073a347968ef","ProcessId":1799,"Image":"C:\\Program Files\\Microsoft Office\\root\\Office16\\excel.exe","CommandLine":"excel.exe","User":"DOMAIN\\user69","ParentImage":null,"ParentUser":null}
{"EventID":1,"UtcTime":"2025-03-07T06:20:14","ProcessGuid":"c0b26aa7-3b97-459c-a946-81ca024e9044","ProcessId":1936,"Image":"C:\\Program Files\\Ivanti\\SecureAccess\\bin\\ivantiservice.exe","CommandLine":"ivantiservice.exe -exec C:\\Windows\\System32\\powershell.exe","User":"NT AUTHORITY\\SYSTEM","ParentImage":null,"ParentUser":null}
{"EventID":1,"UtcTime":"2025-03-07T18:37:02","ProcessGuid":"daea2692-38fc-40e3-aaf5-1f82a6c7285e","ProcessId":4465,"Image":"C:\\Program Files\\Microsoft Office\\root\\Office16\\winword.exe","CommandLine":"word.exe","User":"DOMAIN\\user11","ParentImage":null,"ParentUser":null}
{"EventID":1,"UtcTime":"2025-03-07T14:16:23","ProcessGuid":"6a4a05de-97f6-4b2f-9ac4-abada36f4a9c","ProcessId":4879,"Image":"C:\\Program Files\\Google\\Chrome\\Application\\chrome.exe","CommandLine":"chrome.exe","User":"DOMAIN\\user1","ParentImage":null,"ParentUser":null}
{"EventID":1,"UtcTime":"2025-03-07T18:30:41","ProcessGuid":"7062c0fc-825f-4eb5-b5e9-0e9df3184238","ProcessId":1092,"Image":"C:\\Windows\\System32\\WindowsPowerShell\\v1.0\\powershell.exe","CommandLine":"powershell.exe","User":"DOMAIN\\user34","ParentImage":null,"ParentUser":null}
{"EventID":1,"UtcTime":"2025-03-07T18:23:37","ProcessGuid":"ef815bea-8712-4430-bbdc-5d72fe41bb85","ProcessId":1225,"Image":"C:\\Windows\\explorer.exe","CommandLine":"explorer.exe","User":"DOMAIN\\user16","ParentImage":null,"ParentUser":null}
{"EventID":1,"UtcTime":"2025-03-07T01:16:25","ProcessGuid":"90ab6ef7-58a8-4718-ad3a-23b474a539ef","ProcessId":2723,"Image":"C:\\Program Files\\Microsoft Office\\root\\Office16\\outlook.exe","CommandLine":"outlook.exe","User":"DOMAIN\\user68","ParentImage":null,"ParentUser":null}
{"EventID":10,"UtcTime":"2025-03-07T19:44:49","ProcessGuid":"4afc0836-bbc7-4a7d-8956-3f9cd83ade1c","ProcessId":6879,"Image":"C:\\Windows\\System32\\cmd.exe","CommandLine":null,"User":"NT AUTHORITY\\SYSTEM","ParentImage":"C:\\Program Files\\Ivanti\\SecureAccess\\bin\\ivantihelper.exe","ParentUser":"DOMAIN\\lowprivuser40"}
{"EventID":1,"UtcTime":"2025-03-07T15:05:22","ProcessGuid":"5687bf01-ecd1-4e91-9671-3957b82efed7","ProcessId":3074,"Image":"C:\\Program Files\\Microsoft Office\\root\\Office16\\excel.exe","CommandLine":"excel.exe","User":"DOMAIN\\user100","ParentImage":null,"ParentUser":null}
{"EventID":1,"UtcTime":"2025-03-07T00:19:48","ProcessGuid":"86408383-f15b-462b-80ce-7564373e62eb","ProcessId":1204,"Image":"C:\\Program Files\\Microsoft Office\\root\\Office16\\outlook.exe","CommandLine":"outlook.exe","User":"DOMAIN\\user68","ParentImage":null,"ParentUser":null}
{"EventID":1,"UtcTime":"2025-03-07T05:04:59","ProcessGuid":"53cf5720-c05c-451d-8424-d89c738e7eec","ProcessId":2385,"Image":"C:\\Windows\\explorer.exe","CommandLine":"explorer.exe","User":"DOMAIN\\user1","ParentImage":null,"ParentUser":null}
{"EventID":1,"UtcTime":"2025-03-07T04:29:54","ProcessGuid":"3492fd62-ae9f-4040-a121-9baf9bce98aa","ProcessId":1233,"Image":"C:\\Program Files\\Microsoft Office\\root\\Office16\\outlook.exe","CommandLine":"outlook.exe","User":"DOMAIN\\user9","ParentImage":null,"ParentUser":null}
{"EventID":1,"UtcTime":"2025-03-07T22:39:58","ProcessGuid":"73f4b75a-098b-4fd2-914a-1463e4328b6c","ProcessId":2513,"Image":"C:\\Program Files\\Microsoft Office\\root\\Office16\\outlook.exe","CommandLine":"outlook.exe","User":"DOMAIN\\user37","ParentImage":null,"ParentUser":null}
{"EventID":1,"UtcTime":"2025-03-07T06:01:32","ProcessGuid":"87f19d21-6a66-4448-a95b-2dad4258a333","ProcessId":2830,"Image":"C:\\Program Files\\Microsoft Office\\root\\Office16\\outlook.exe","CommandLine":"outlook.exe","User":"DOMAIN\\user32","ParentImage":null,"ParentUser":null}
{"EventID":1,"UtcTime":"2025-03-07T08:15:11","ProcessGuid":"606458e1-231d-4ff3-a914-41fd6581b0f6","ProcessId":3198,"Image":"C:\\Program Files\\Google\\Chrome\\Application\\chrome.exe","CommandLine":"chrome.exe","User":"DOMAIN\\user80","ParentImage":null,"ParentUser":null}
{"EventID":10,"UtcTime":"2025-03-07T07:29:38","ProcessGuid":"75e51540-c1a4-4966-afc7-6b9be2172d48","ProcessId":5166,"Image":"C:\\Windows\\System32\\cmd.exe","CommandLine":null,"User":"NT AUTHORITY\\SYSTEM","ParentImage":"C:\\Program Files\\Ivanti\\SecureAccess\\bin\\ivantihelper.exe","ParentUser":"DOMAIN\\lowprivuser26"}
{"EventID":1,"UtcTime":"2025-03-07T04:57:50","ProcessGuid":"33c4412c-cb9c-42ff-9fa7-151e05fc6aba","ProcessId":4328,"Image":"C:\\Program Files\\Microsoft Office\\root\\Office16\\winword.exe","CommandLine":"word.exe","User":"DOMAIN\\user98","ParentImage":null,"ParentUser":null}
{"EventID":1,"UtcTime":"2025-03-07T05:07:56","ProcessGuid":"74f036a8-0ac1-4173-aca8-d0a0631b977a","ProcessId":1956,"Image":"C:\\Program Files\\Microsoft Office\\root\\Office16\\excel.exe","CommandLine":"excel.exe","User":"DOMAIN\\user99","ParentImage":null,"ParentUser":null}
{"EventID":1,"UtcTime":"2025-03-07T23:36:37","ProcessGuid":"a2024841-e5c8-4391-ba50-b2122de581cd","ProcessId":2069,"Image":"C:\\Program Files\\Microsoft Office\\root\\Office16\\winword.exe","CommandLine":"word.exe","User":"DOMAIN\\user56","ParentImage":null,"ParentUser":null}
{"EventID":1,"UtcTime":"2025-03-07T07:17:18","ProcessGuid":"1e017d9f-4bfc-4ebf-8f02-a88ad815a85c","ProcessId":2507,"Image":"C:\\Program Files\\Ivanti\\SecureAccess\\bin\\ivantiservice.exe","CommandLine":"ivantiservice.exe -exec C:\\Windows\\System32\\svchost.exe","User":"NT AUTHORITY\\SYSTEM","ParentImage":null,"ParentUser":null}
{"EventID":1,"UtcTime":"2025-03-07T10:04:10","ProcessGuid":"87e68482-508f-4af1-a5e8-3c95798ff976","ProcessId":4426,"Image":"C:\\Program Files\\Google\\Chrome\\Application\\chrome.exe","CommandLine":"chrome.exe","User":"DOMAIN\\user36","ParentImage":null,"ParentUser":null}
{"EventID":1,"UtcTime":"2025-03-07T13:29:29","ProcessGuid":"44603791-2801-4d0e-8a54-289bc70500f3","ProcessId":2599,"Image":"C:\\Program Files\\Microsoft Office\\root\\Office16\\excel.exe","CommandLine":"excel.exe","User":"DOMAIN\\user99","ParentImage":null,"ParentUser":null}
