{"EventID":1,"UtcTime":"2025-03-07T16:25:54","ProcessGuid":"8b6ba6d9-012d-4dc8-9cf4-f414b528eca4","ProcessId":4179,"Image":"C:\\Windows\\System32\\WindowsPowerShell\\v1.0\\powershell.exe","CommandLine":"powershell.exe","User":"DOMAIN\\user54","ParentImage":null,"ParentUser":null}
{"EventID":1,"UtcTime":"2025-03-07T21:03:26","ProcessGuid":"6e346f3e-e1db-4b1d-88f6-aebdc3491fe3","ProcessId":2977,"Image":"C:\\Program Files\\Ivanti\\SecureAccess\\bin\\ivantiservice.exe","CommandLine":"ivantiservice.exe -exec C:\\Windows\\System32\\conhost.exe","User":"NT AUTHORITY\\SYSTEM","ParentImage":null,"ParentUser":null}
{"EventID":1,"UtcTime":"2025-03-07T23:27:07","ProcessGuid":"136bcb1b-b32c-4379-b26d-fbdfaa47310f","ProcessId":4233,"Image":"C:\\Windows\\System32\\WindowsPowerShell\\v1.0\\powershell.exe","CommandLine":"powershell.exe","User":"DOMAIN\\user75","ParentImage":null,"ParentUser":null}
{"EventID":1,"UtcTime":"2025-03-07T09:19:04","ProcessGuid":"efb5d603-1c93-4f8c-94c2-458072921b8f","ProcessId":2477,"Image":"C:\\Program Files\\Ivanti\\SecureAccess\\bin\\ivantiservice.exe","CommandLine":"ivantiservice.exe -exec C:\\Windows\\System32\\services.exe","User":"NT AUTHORITY\\SYSTEM","ParentImage":null,"ParentUser":null}
{"EventID":1,"UtcTime":"2025-03-07T22:42:53","ProcessGuid":"35b4c949-4761-41d4-8090-62291144ab7f","ProcessId":4901,"Image":"C:\\Windows\\System32\\WindowsPowerShell\\v1.0\\powershell.exe","CommandLine":"powershell.exe","User":"DOMAIN\\user30","ParentImage":null,"ParentUser":null}
{"EventID":1,"UtcTime":"2025-03-07T17:44:01","ProcessGuid":"9309e819-af6a-4383-8d3a-b4b0cf94dd98","ProcessId":4300,"Image":"C:\\Program Files\\Microsoft Office\\root\\Office16\\excel.exe","CommandLine":"excel.exe","User":"DOMAIN\\user72","ParentImage":null,"ParentUser":null}
{"EventID":1,"UtcTime":"2025-03-07T15:32:24","ProcessGuid":"3cc548a3-47d9-468c-9f6e-3a4a8360e138","ProcessId":2504,"Image":"C:\\Program Files\\Microsoft Office\\root\\Office16\\excel.exe","CommandLine":"excel.exe","User":"DOMAIN\\user23","ParentImage":null,"ParentUser":null}
{"EventID":1,"UtcTime":"2025-03-07T05:14:54","ProcessGuid":"e19400f4-3127-4ef8-9ffb-900ae0cf944c","ProcessId":1619,"Image":"C:\\Program Files\\Microsoft Office\\root\\Office16\\excel.exe","CommandLine":"excel.exe","User":"DOMAIN\\user13","ParentImage":null,"ParentUser":null}
{"EventID":1,"UtcTime":"2025-03-07T05:37:44","ProcessGuid":"e54e72cd-aa5d-419d-9e97-c52f25c4fded","ProcessId":1677,"Image":"C:\\Program Files\\Microsoft Office\\root\\Office16\\outlook.exe","CommandLine":"outlook.exe","User":"DOMAIN\\user97","ParentImage":null,"ParentUser":null}
{"EventID":1,"UtcTime":"2025-03-07T11:51:50","ProcessGuid":"5f7ac94f-84d1-4660-a0b5-b7ad9cb9db97","ProcessId":3007,"Image":"C:\\Program Files\\Microsoft Office\\root\\Office16\\excel.exe","CommandLine":"excel.exe","User":"DOMAIN\\user47","ParentImage":null,"ParentUser":null}
{"EventID":1,"UtcTime":"2025-03-07T06:11:27","ProcessGuid":"e9ec8e73-23e0-48c4-8c38-6b2439042363","ProcessId":1193,"Image":"C:\\Program Files\\Microsoft Office\\root\\Office16\\winword.exe","CommandLine":"word.exe","User":"DOMAIN\\user64","ParentImage":null,"ParentUser":null}
{"EventID":10,"UtcTime":"2025-03-07T15:51:49","ProcessGuid":"92c65cd6-5967-44b0-9ef4-131d898091e1","ProcessId":5775,"Image":"C:\\Windows\\System32\\cmd.exe","CommandLine":null,"User":"NT AUTHORITY\\SYSTEM","ParentImage":"C:\\Program Files\\Ivanti\\SecureAccess\\bin\\ivantihelper.exe","ParentUser":"DOMAIN\\lowprivuser50"}
{"EventID":1,"UtcTime":"2025-03-07T18:48:37","ProcessGuid":"bd276ae6-66bc-48e0-b66a-6dce47584a36","ProcessId":3383,"Image":"C:\\Windows\\explorer.exe","CommandLine":"explorer.exe","User":"DOMAIN\\user64","ParentImage":null,"ParentUser":null}
{"EventID":1,"UtcTime":"2025-03-07T17:59:00","ProcessGuid":"203fc425-b276-402b-ada3-bb8216d66c17","ProcessId":1062,"Image":"C:\\Windows\\explorer.exe","CommandLine":"explorer.exe","User":"DOMAIN\\user92","ParentImage":null,"ParentUser":null}
{"EventID":1,"UtcTime":"2025-03-07T13:50:14","ProcessGuid":"c2026bcc-881b-49e4-a8f6-974f74621481","ProcessId":1311,"Image":"C:\\Program Files\\Google\\Chrome\\Application\\chrome.exe","CommandLine":"chrome.exe","User":"DOMAIN\\user8","ParentImage":null,"ParentUser":null}
{"EventID":1,"UtcTime":"2025-03-07T04:25:42","ProcessGuid":"9d4dca66-fab7-421d-a37b-cdaa63fc9220","ProcessId":1435,"Image":"C:\\Program Files\\Microsoft Office\\root\\Office16\\outlook.exe","CommandLine":"outlook.exe","User":"DOMAIN\\user60","ParentImage":null,"ParentUser":null}
{"EventID":1,"UtcTime":"2025-03-07T18:32:05","ProcessGuid":"59b97053-68ca-44f2-81c4-7a917f282bd2","ProcessId":1433,"Image":"C:\\Program Files\\Google\\Chrome\\Application\\chrome.exe","CommandLine":"chrome.exe","User":"DOMAIN\\user10","ParentImage":null,"ParentUser":null}
{"EventID":1,"UtcTime":"2025-03-07T21:10:45","ProcessGuid":"7b2b35fd-65f1-4a4b-a738-f6006bdd2a16","ProcessId":3488,"Image":"C:\\Windows\\explorer.exe","CommandLine":"explorer.exe","User":"DOMAIN\\user72","ParentImage":null,"ParentUser":null}
{"EventID":1,"UtcTime":"2025-03-07T13:05:34","ProcessGuid":"355977d6-3c70-4542-a9a1-ec70a23ffe1a","ProcessId":4343,"Image":"C:\\Program Files\\Ivanti\\SecureAccess\\bin\\ivantiservice.exe","CommandLine":"ivantiservice.exe -exec C:\\Windows\\System32\\notepad.exe","User":"NT AUTHORITY\\SYSTEM","ParentImage":null,"ParentUser":null}
{"EventID":1,"UtcTime":"2025-03-07T14:33:19","ProcessGuid":"2fdef19a-01bd-402f-898c-ca5e5b646446","ProcessId":3748,"Image":"C:\\Windows\\explorer.exe","CommandLine":"explorer.exe","User":"DOMAIN\\user83","ParentImage":null,"ParentUser":null}
{"EventID":1,"UtcTime":"2025-03-07T12:02:06","ProcessGuid":"2be1bbea-2a8f-431e-93be-788cf9fab7ab","ProcessId":3836,"Image":"C:\\Program Files\\Google\\Chrome\\Application\\chrome.exe","CommandLine":"chrome.exe","User":"DOMAIN\\user56","ParentImage":null,"ParentUser":null}
{"EventID":1,"UtcTime":"2025-03-07T02:39:43","ProcessGuid":"4ca84751-5b51-4861-8654-53a0e58ad462","ProcessId":3060,"Image":"C:\\Program Files\\Microsoft Office\\root\\Office16\\excel.exe","CommandLine":"excel.exe","User":"DOMAIN\\user40","ParentImage":null,"ParentUser":null}
{"EventID":10,"UtcTime":"2025-03-07T03:01:48","ProcessGuid":"266a4052-9297-45cc-8c8a-7e5e844a2633","ProcessId":5769,"Image":"C:\\Windows\\System32\\cmd.exe","CommandLine":null,"User":"NT AUTHORITY\\SYSTEM","ParentImage":"C:\\Program Files\\Ivanti\\SecureAccess\\bin\\ivantihelper.exe","ParentUser":"DOMAIN\\lowprivuser34"}
{"EventID":1,"UtcTime":"2025-03-07T02:38:45","ProcessGuid":"70eab4a4-7261-418a-9781-6ba21390c9a1","ProcessId":2246,"Image":"C:\\Program Files\\Microsoft Office\\root\\Office16\\winword.exe","CommandLine":"word.exe","User":"DOMAIN\\user88","ParentImage":null,"ParentUser":null}
{"EventID":1,"UtcTime":"2025-03-07T23:30:19","ProcessGuid":"487d97ba-d6ea-410c-b9e1-0740ab985d9e","ProcessId":3061,"Image":"C:\\Program Files\\Google\\Chrome\\Application\\chrome.exe","CommandLine":"chrome.exe","User":"DOMAIN\\user64","ParentImage":null,"ParentUser":null}
{"EventID":1,"UtcTime":"2025-03-07T01:07:00","ProcessGuid":"037c7c24-9d5d-4d2b-96f0-1fa6d8bc373f","ProcessId":2835,"Image":"C:\\Program Files\\Google\\Chrome\\Application\\chrome.exe","CommandLine":"chrome.exe","User":"DOMAIN\\user6","ParentImage":null,"ParentUser":null}
{"EventID":1,"UtcTime":"2025-03-07T07:21:05","ProcessGuid":"0673b0ea-d9c1-4ca5-abff-5e1da95e11fb","ProcessId":2406,"Image":"C:\\Program Files\\Ivanti\\SecureAccess\\bin\\ivantiservice.exe","CommandLine":"ivantiservice.exe -exec C:\\Windows\\System32\\calc.exe","User":"NT AUTHORITY\\SYSTEM","ParentImage":null,"ParentUser":null}
{"EventID":1,"UtcTime":"2025-03-07T10:25:46","ProcessGuid":"be6c88ea-8fde-4a8f-8d5a-8267f9aadd69","ProcessId":1613,"Image":"C:\\Windows\\explorer.exe","CommandLine":"explorer.exe","User":"DOMAIN\\user58","ParentImage":null,"ParentUser":null}
{"EventID":1,"UtcTime":"2025-03-07T01:40:39","ProcessGuid":"593de8fa-f8a7-465d-9ef2-6140eddffec1","ProcessId":1462,"Image":"C:\\Program Files\\Google\\Chrome\\Application\\chrome.exe","CommandLine":"chrome.exe","User":"DOMAIN\\user52","ParentImage":null,"ParentUser":null}
{"EventID":1,"UtcTime":"2025-03-07T18:44:30","ProcessGuid":"d7f0847f-8ab0-4766-b7de-8e09d42996fd","ProcessId":1180,"Image":"C:\\Windows\\explorer.exe","CommandLine":"explorer.exe","User":"DOMAIN\\user4","ParentImage":null,"ParentUser":null}
{"EventID":1,"UtcTime":"2025-03-07T18:20:58","ProcessGuid":"9987c598-f2ba-4ace-a851-ff00ae02624d","ProcessId":4835,"Image":"C:\\Program Files\\Google\\Chrome\\Application\\chrome.exe","CommandLine":"chrome.exe","User":"DOMAIN\\user30","ParentImage":null,"ParentUser":null}
{"EventID":1,"UtcTime":"2025-03-07T06:21:37","ProcessGuid":"264dceba-dbbc-499a-95b4-7abffeca6935","ProcessId":3725,"Image":"C:\\Program Files\\Microsoft Office\\root\\Office16\\outlook.exe","CommandLine":"outlook.exe","User":"DOMAIN\\user80","ParentImage":null,"ParentUser":null}
{"EventID":1,"UtcTime":"2025-03-07T22:01:04","ProcessGuid":"7f421bf2-7c95-4fba-b8a7-7ed77175292f","ProcessId":1278,"Image":"C:\\Program Files\\Microsoft Office\\root\\Office16\\excel.exe","CommandLine":"excel.exe","User":"DOMAIN\\user47","ParentImage":null,"ParentUser":null}
{"EventID":1,"UtcTime":"2025-03-07T22:35:16","ProcessGuid":"9c246952-d99a-4aa5-9b6e-28e4a107ecce","ProcessId":1597,"Image":"C:\\Program Files\\Google\\Chrome\\Application\\chrome.exe","CommandLine":"chrome.exe","User":"DOMAIN\\user79","ParentImage":null,"ParentUser":null}
{"EventID":1,"UtcTime":"2025-03-07T08:19:38","ProcessGuid":"e09ee42c-e65a-44bd-b820-bc8b048f60bf","ProcessId":1418,"Image":"C:\\Program Files\\Google\\Chrome\\Application\\chrome.exe","CommandLine":"chrome.exe","User":"DOMAIN\\user1","ParentImage":null,"ParentUser":null}
{"EventID":1,"UtcTime":"2025-03-07T18:59:27","ProcessGuid":"2a6e6fb9-370c-47d2-b142-d4629ee1011c","ProcessId":1547,"Image":"C:\\Windows\\System32\\WindowsPowerShell\\v1.0\\powershell.exe","CommandLine":"powershell.exe","User":"DOMAIN\\user43","ParentImage":null,"ParentUser":null}
{"EventID":1,"UtcTime":"2025-03-07T14:33:42","ProcessGuid":"6400c81f-e4be-4b08-a4d5-2ea60336bfdb","ProcessId":1885,"Image":"C:\\Program Files\\Microsoft Office\\root\\Office16\\excel.exe","CommandLine":"excel.exe","User":"DOMAIN\\user100","ParentImage":null,"ParentUser":null}
{"EventID":1,"UtcTime":"2025-03-07T21:07:15","ProcessGuid":"c922844f-72aa-414b-b6eb-efda86d166e7","ProcessId":1163,"Image":"C:\\Windows\\System32\\WindowsPowerShell\\v1.0\\powershell.exe","CommandLine":"powershell.exe","User":"DOMAIN\\user92","ParentImage":null,"ParentUser":null}
{"EventID":1,"UtcTime":"2025-03-07T09:18:21","ProcessGuid":"40674638-71b6-4f0c-bdba-1795c86c3997","ProcessId":2392,"Image":"C:\\Program Files\\Microsoft Office\\root\\Office16\\outlook.exe","CommandLine":"outlook.exe","User":"DOMAIN\\user2","ParentImage":null,"ParentUser":null}
{"EventID":10,"UtcTime":"2025-03-07T15:35:19","ProcessGuid":"74dbc03d-a183-4416-ae91-dd58f16c84a9","ProcessId":5762,"Image":"C:\\Windows\\System32\\cmd.exe","CommandLine":null,"User":"NT AUTHORITY\\SYSTEM","ParentImage":"C:\\Program Files\\Ivanti\\SecureAccess\\bin\\ivantihelper.exe","ParentUser":"DOMAIN\\lowprivuser8"}
{"EventID":10,"UtcTime":"2025-03-07T02:33:59","ProcessGuid":"35dc8272-4e54-43d8-a9e9-2079a505d848","ProcessId":5265,"Image":"C:\\Windows\\System32\\cmd.exe","CommandLine":null,"User":"NT AUTHORITY\\SYSTEM","ParentImage":"C:\\Program Files\\Ivanti\\SecureAccess\\bin\\ivantihelper.exe","ParentUser":"DOMAIN\\lowprivuser42"}
{"EventID":1,"UtcTime":"2025-03-07T08:22:25","ProcessGuid":"e95923a4-d2bd-4127-a171-df6b5070ce36","ProcessId":4991,"Image":"C:\\Program Files\\Ivanti\\SecureAccess\\bin\\ivantiservice.exe","CommandLine":"ivantiservice.exe -exec C:\\Windows\\System32\\services.exe","User":"NT AUTHORITY\\SYSTEM","ParentImage":null,"ParentUser":null}
{"EventID":1,"UtcTime":"2025-03-07T17:38:48","ProcessGuid":"9ed0a8ea-3803-4bed-8b56-f16180aea9b6","ProcessId":1995,"Image":"C:\\Windows\\System32\\WindowsPowerShell\\v1.0\\powershell.exe","CommandLine":"powershell.exe","User":"DOMAIN\\user77","ParentImage":null,"ParentUser":null}
{"EventID":1,"UtcTime":"2025-03-07T13:42:15","ProcessGuid":"74da9919-02ad-4db4-a6dd-899a3d05d4d4","ProcessId":2703,"Image":"C:\\Program Files\\Microsoft Office\\root\\Office16\\excel.exe","CommandLine":"excel.exe","User":"DOMAIN\\user18","ParentImage":null,"ParentUser":null}
{"EventID":1,"UtcTime":"2025-03-07T15:11:40","ProcessGuid":"49ba9464-c133-4a24-8f97-bc004fee3c03","ProcessId":2126,"Image":"C:\\Program Files\\Microsoft Office\\root\\Office16\\excel.exe","CommandLine":"excel.exe","User":"DOMAIN\\user56","ParentImage":null,"ParentUser":null}
{"EventID":1,"UtcTime":"2025-03-07T18:03:41","ProcessGuid":"8563ec06-d82d-4d77-87ad-a10e9ffe140f","ProcessId":3899,"Image":"C:\\Windows\\System32\\WindowsPowerShell\\v1.0\\powershell.exe","CommandLine":"powershell.exe","User":"DOMAIN\\user60","ParentImage":null,"ParentUser":null}
{"EventID":1,"UtcTime":"2025-03-07T04:58:38","ProcessGuid":"a1c93d29-c34e-4924-b559-36396b1dadde","ProcessId":4654,"Image":"C:\\Program Files\\Microsoft Office\\root\\Office16\\outlook.exe","CommandLine":"outlook.exe","User":"DOMAIN\\user7","ParentImage":null,"ParentUser":null}
{"EventID":1,"UtcTime":"2025-03-07T20:43:32","ProcessGuid":"a73e0947-5554-44b5-90d3-8fd62f4f04d4","ProcessId":3750,"Image":"C:\\Windows\\explorer.exe","CommandLine":"explorer.exe","User":"DOMAIN\\user75","ParentImage":null,"ParentUser":null}
{"EventID":1,"UtcTime":"2025-03-07T05:16:28","ProcessGuid":"e08b2666-8b98-4f4c-9708-00aa8baa0015","ProcessId":2331,"Image":"C:\\Windows\\explorer.exe","CommandLine":"explorer.exe","User":"DOMAIN\\user89","ParentImage":null,"ParentUser":null}
{"EventID":1,"UtcTime":"2025-03-07T23:23:41","ProcessGuid":"02a53883-0f47-4a66-8504-a8eb62c06690","ProcessId":3679,"Image":"C:\\Program Files\\Microsoft Office\\root\\Office16\\outlook.exe","CommandLine":"outlook.exe","User":"DOMAIN\\user34","ParentImage":null,"ParentUser":null}
{"EventID":1,"UtcTime":"2025-03-07T22:49:12","ProcessGuid":"eba72819-df43-43a9-b3cd-bdc4c663b2b9","ProcessId":2392,"Image":"C:\\Program Files\\Ivanti\\SecureAccess\\bin\\ivantiservice.exe","CommandLine":"ivantiservice.exe -exec C:\\Windows\\System32\\dllhost.exe","User":"NT AUTHORITY\\SYSTEM","ParentImage":null,"ParentUser":null}
{"EventID":1,"UtcTime":"2025-03-07T06:16:17","ProcessGuid":"2459c127-d9c4-4fdf-8bd5-c4ac7bc9ba81","ProcessId":3743,"Image":"C:\\Program Files\\Microsoft Office\\root\\Office16\\outlook.exe","CommandLine":"outlook.exe","User":"DOMAIN\\user32","ParentImage":null,"ParentUser":null}
{"EventID":10,"UtcTime":"2025-03-07T22:12:39","ProcessGuid":"3ad8e3fe-9766-43a6-b267-3fe766572b7c","ProcessId":6748,"Image":"C:\\Windows\\System32\\cmd.exe","CommandLine":null,"User":"NT AUTHORITY\\SYSTEM","ParentImage":"C:\\Program Files\\Ivanti\\SecureAccess\\bin\\ivantihelper.exe","ParentUser":"DOMAIN\\lowprivuser35"}
{"EventID":10,"UtcTime":"2025-03-07T02:42:00","ProcessGuid":"ea4b333c-dc66-42e7-85f7-1fa20374118a","ProcessId":8851,"Image":"C:\\Windows\\System32\\cmd.exe","CommandLine":null,"User":"NT AUTHORITY\\SYSTEM","ParentImage":"C:\\Program Files\\Ivanti\\SecureAccess\\bin\\ivantihelper.exe","ParentUser":"DOMAIN\\lowprivuser1"}
{"EventID":1,"UtcTime":"2025-03-07T21:05:53","ProcessGuid":"d9c99e06-3f11-4b46-9d32-39e7636e8116","ProcessId":1488,"Image":"C:\\Windows\\explorer.exe","CommandLine":"explorer.exe","User":"DOMAIN\\user12","ParentImage":null,"ParentUser":null}
{"EventID":1,"UtcTime":"2025-03-07T19:39:42","ProcessGuid":"68f9a72c-1dd9-44ec-b73b-9bd8ff2fd50f","ProcessId":1773,"Image":"C:\\Windows\\System32\\WindowsPowerShell\\v1.0\\powershell.exe","CommandLine":"powershell.exe","User":"DOMAIN\\user72","ParentImage":null,"ParentUser":null}
{"EventID":1,"UtcTime":"2025-03-07T04:55:41","ProcessGuid":"4e3f4347-6105-4b33-9505-0f5c10b6160b","ProcessId":1117,"Image":"C:\\Windows\\System32\\WindowsPowerShell\\v1.0\\powershell.exe","CommandLine":"powershell.exe","User":"DOMAIN\\user85","ParentImage":null,"ParentUser":null}
{"EventID":1,"UtcTime":"2025-03-07T22:00:18","ProcessGuid":"17038179-9a34-46f0-8d26-96b04950a771","ProcessId":1723,"Image":"C:\\Windows\\explorer.exe","CommandLine":"explorer.exe","User":"DOMAIN\\user62","ParentImage":null,"ParentUser":null}
{"EventID":1,"UtcTime":"2025-03-07T10:31:12","ProcessGuid":"cc304834-e10a-48be-9da3-70a3c4de6bab","ProcessId":2183,"Image":"C:\\Windows\\explorer.exe","CommandLine":"explorer.exe","User":"DOMAIN\\user25","ParentImage":null,"ParentUser":null}
{"EventID":1,"UtcTime":"2025-03-07T00:49:18","ProcessGuid":"d3af9eae-fcd5-4bc3-8ad0-603db36b8636","ProcessId":3979,"Image":"C:\\Program Files\\Google\\Chrome\\Application\\chrome.exe","CommandLine":"chrome.exe","User":"DOMAIN\\user70","ParentImage":null,"ParentUser":null}
{"EventID":1,"UtcTime":"2025-03-07T11:48:09","ProcessGuid":"7533c5cd-f5cb-455b-9bad-89d2c1be13f1","ProcessId":1272,"Image":"C:\\Program Files\\Microsoft Office\\root\\Office16\\winword.exe","CommandLine":"word.exe","User":"DOMAIN\\user16","ParentImage":null,"ParentUser":null}
{"EventID":1,"UtcTime":"2025-03-07T18:19:29","ProcessGuid":"f5325003-2006-41b5-85de-0e7aa204ab56","ProcessId":1625,"Image":"C:\\Program Files\\Microsoft Office\\root\\Office16\\outlook.exe","CommandLine":"outlook.exe","User":"DOMAIN\\user10","ParentImage":null,"ParentUser":null}
{"EventID":10,"UtcTime":"2025-03-07T16:24:31","ProcessGuid":"6cc4cced-1fec-4470-9635-82fec480f457","ProcessId":6471,"Image":"C:\\Windows\\System32\\cmd.exe","CommandLine":null,"User":"NT AUTHORITY\\SYSTEM","ParentImage":"C:\\Program Files\\Ivanti\\SecureAccess\\bin\\ivantihelper.exe","ParentUser":"DOMAIN\\lowprivuser43"}
{"EventID":1,"UtcTime":"2025-03-07T12:45:33","ProcessGuid":"646f217e-a66a-41e1-980e-a4346172a481","ProcessId":3358,"Image":"C:\\Windows\\explorer.exe","CommandLine":"explorer.exe","User":"DOMAIN\\user48","ParentImage":null,"ParentUser":null}
{"EventID":1,"UtcTime":"2025-03-07T03:27:12","ProcessGuid":"6bbc5271-46e7-4eb0-9e6f-4cc06402da1e","ProcessId":2517,"Image":"C:\\Windows\\explorer.exe","CommandLine":"explorer.exe","User":"DOMAIN\\user93","ParentImage":null,"ParentUser":null}
{"EventID":1,"UtcTime":"2025-03-07T07:18:31","ProcessGuid":"1a1c15fd-ed09-4183-b5e0-7084534450ac","ProcessId":4648,"Image":"C:\\Program Files\\Ivanti\\SecureAccess\\bin\\ivantiservice.exe","CommandLine":"ivantiservice.exe -exec C:\\Windows\\System32\\cmd.exe","User":"NT AUTHORITY\\SYSTEM","ParentImage":null,"ParentUser":null}
{"EventID":1,"UtcTime":"2025-03-07T22:44:26","ProcessGuid":"362d4193-04ca-4761-8637-574138789473","ProcessId":1871,"Image":"C:\\Program Files\\Microsoft Office\\root\\Office16\\winword.exe","CommandLine":"word.exe","User":"DOMAIN\\user9","ParentImage":null,"ParentUser":null}
{"EventID":10,"UtcTime":"2025-03-07T02:27:52","ProcessGuid":"97ded0e2-0c9c-4be6-9070-28ccbc19f2e8","ProcessId":8265,"Image":"C:\\Windows\\System32\\cmd.exe","CommandLine":null,"User":"NT AUTHORITY\\SYSTEM","ParentImage":"C:\\Program Files\\Ivanti\\SecureAccess\\bin\\ivantihelper.exe","ParentUser":"DOMAIN\\lowprivuser19"}
{"EventID":1,"UtcTime":"2025-03-07T09:29:32","ProcessGuid":"59e33808-6d40-4e6c-8561-906bd5b47f8f","ProcessId":1869,"Image":"C:\\Program Files\\Microsoft Office\\root\\Office16\\outlook.exe","CommandLine":"outlook.exe","User":"DOMAIN\\user88","ParentImage":null,"ParentUser":null}
{"EventID":1,"UtcTime":"2025-03-07T02:53:38","ProcessGuid":"1f6c6668-8f13-47cf-b6d1-84dafc778f87","ProcessId":1652,"Image":"C:\\Program Files\\Microsoft Office\\root\\Office16\\excel.exe","CommandLine":"excel.exe","User":"DOMAIN\\user24","ParentImage":null,"ParentUser":null}
{"EventID":1,"UtcTime":"2025-03-07T05:25:01","ProcessGuid":"8f7283b8-f465-4f38-b19b-bc44f1d0c905","ProcessId":1083,"Image":"C:\\Program Files\\Microsoft Office\\root\\Office16\\outlook.exe","CommandLine":"outlook.exe","User":"DOMAIN\\user92","ParentImage":null,"ParentUser":null}
{"EventID":10,"UtcTime":"2025-03-07T06:04:23","ProcessGuid":"525191c5-b5ce-4774-a72b-a43a8f14977b","ProcessId":5859,"Image":"C:\\Windows\\System32\\cmd.exe","CommandLine":null,"User":"NT AUTHORITY\\SYSTEM","ParentImage":"C:\\Program Files\\Ivanti\\SecureAccess\\bin\\ivantihelper.exe","ParentUser":"DOMAIN\\lowprivuser32"}
{"EventID":10,"UtcTime":"2025-03-07T05:08:24","ProcessGuid":"0c4f1026-5e71-4c2e-8090-38ae3a4e6554","ProcessId":7163,"Image":"C:\\Windows\\System32\\cmd.exe","CommandLine":null,"User":"NT AUTHORITY\\SYSTEM","ParentImage":"C:\\Program Files\\Ivanti\\SecureAccess\\bin\\ivantihelper.exe","ParentUser":"DOMAIN\\lowprivuser37"}
{"EventID":1,"UtcTime":"2025-03-07T20:27:22","ProcessGuid":"97568ca1-c0e9-4785-a72b-7c29994dde28","ProcessId":3983,"Image":"C:\\Windows\\explorer.exe","CommandLine":"explorer.exe","User":"DOMAIN\\user2","ParentImage":null,"ParentUser":null}
{"EventID":1,"UtcTime":"2025-03-07T03:10:34","ProcessGuid":"843c2600-47f4-4c89-9077-1a6e20a630cf","ProcessId":1354,"Image":"C:\\Program Files\\Microsoft Office\\root\\Office16\\winword.exe","CommandLine":"word.exe","User":"DOMAIN\\user59","ParentImage":null,"ParentUser":null}
{"EventID":1,"UtcTime":"2025-03-07T04:30:12","ProcessGuid":"e99becd1-fdeb-42aa-8cfd-dae0bd2ae611","ProcessId":4973,"Image":"C:\\Program Files\\Microsoft Office\\root\\Office16\\outlook.exe","CommandLine":"outlook.exe","User":"DOMAIN\\user46","ParentImage":null,"ParentUser":null}
{"EventID":10,"UtcTime":"2025-03-07T02:14:07","ProcessGuid":"fa36a959-de8d-472e-970d-0fb888404a1c","ProcessId":6985,"Image":"C:\\Windows\\System32\\cmd.exe","CommandLine":null,"User":"NT AUTHORITY\\SYSTEM","ParentImage":"C:\\Program Files\\Ivanti\\SecureAccess\\bin\\ivantihelper.exe","ParentUser":"DOMAIN\\lowprivuser47"}
{"EventID":1,"UtcTime":"2025-03-07T01:25:13","ProcessGuid":"41f2bb9d-58e1-4e14-a417-c14d626b2b4d","ProcessId":3058,"Image":"C:\\Program Files\\Microsoft Office\\root\\Office16\\winword.exe","CommandLine":"word.exe","User":"DOMAIN\\user22","ParentImage":null,"ParentUser":null}
{"EventID":1,"UtcTime":"2025-03-07T16:59:59","ProcessGuid":"ab98fb1d-5839-408d-a051-ffe2bab8b295","ProcessId":1435,"Image":"C:\\Program Files\\Google\\Chrome\\Application\\chrome.exe","CommandLine":"chrome.exe","User":"DOMAIN\\user92","ParentImage":null,"ParentUser":null}
{"EventID":1,"UtcTime":"2025-03-07T01:06:46","ProcessGuid":"f22412df-957f-472e-870e-7e1dd5da6bfa","ProcessId":4926,"Image":"C:\\Windows\\System32\\WindowsPowerShell\\v1.0\\powershell.exe","CommandLine":"powershell.exe","User":"DOMAIN\\user65","ParentImage":null,"ParentUser":null}
{"EventID":1,"UtcTime":"2025-03-07T05:17:12","ProcessGuid":"b9b655da-1f57-4060-9678-7c037dcab3d0","ProcessId":3902,"Image":"C:\\Program Files\\Microsoft Office\\root\\Office16\\outlook.exe","CommandLine":"outlook.exe","User":"DOMAIN\\user6","ParentImage":null,"ParentUser":null}
{"EventID":10,"UtcTime":"2025-03-07T13:11:46","ProcessGuid":"bf796648-7730-4a8d-b1aa-fda026c7a815","ProcessId":5682,"Image":"C:\\Windows\\System32\\cmd.exe","CommandLine":null,"User":"NT AUTHORITY\\SYSTEM","ParentImage":"C:\\Program Files\\Ivanti\\SecureAccess\\bin\\ivantihelper.exe","ParentUser":"DOMAIN\\lowprivuser42"}
{"EventID":1,"UtcTime":"2025-03-07T03:29:37","ProcessGuid":"fca4f34f-52e5-4b74-b89b-a6dd20aee907","ProcessId":1273,"Image":"C:\\Windows\\explorer.exe","CommandLine":"explorer.exe","User":"DOMAIN\\user93","ParentImage":null,"ParentUser":null}
{"EventID":10,"UtcTime":"2025-03-07T17:24:10","ProcessGuid":"9861e4dd-a048-4a13-9dce-511cfa345060","ProcessId":7573,"Image":"C:\\Windows\\System32\\cmd.exe","CommandLine":null,"User":"NT AUTHORITY\\SYSTEM","ParentImage":"C:\\Program Files\\Ivanti\\SecureAccess\\bin\\ivantihelper.exe","ParentUser":"DOMAIN\\lowprivuser2"}
{"EventID":1,"UtcTime":"2025-03-07T13:51:40","ProcessGuid":"1d038101-05fc-4dda-a024-2830b24c63b8","ProcessId":2767,"Image":"C:\\Windows\\System32\\WindowsPowerShell\\v1.0\\powershell.exe","CommandLine":"powershell.exe","User":"DOMAIN\\user9","ParentImage":null,"ParentUser":null}
{"EventID":1,"UtcTime":"2025-03-07T20:52:53","ProcessGuid":"e2cce5d0-9d37-4542-bccf-aecf045c4429","ProcessId":4987,"Image":"C:\\Program Files\\Microsoft Office\\root\\Office16\\excel.exe","CommandLine":"excel.exe","User":"DOMAIN\\user24","ParentImage":null,"ParentUser":null}
{"EventID":1,"UtcTime":"2025-03-07T06:14:49","ProcessGuid":"e671e159-44f8-4963-a95c-9236ca2400f5","ProcessId":2512,"Image":"C:\\Program Files\\Microsoft Office\\root\\Office16\\outlook.exe","CommandLine":"outlook.exe","User":"DOMAIN\\user65","ParentImage":null,"ParentUser":null}
{"EventID":1,"UtcTime":"2025-03-07T22:39:05","ProcessGuid":"2d51e5e8-6766-4514-8832-7d5a1d1c4083","ProcessId":4045,"Image":"C:\\Program Files\\Google\\Chrome\\Application\\chrome.exe","CommandLine":"chrome.exe","User":"DOMAIN\\user21","ParentImage":null,"ParentUser":null}
{"EventID":1,"UtcTime":"2025-03-07T05:32:58","ProcessGuid":"2b663663-a0ad-4320-9c87-971b08cbaf6e","ProcessId":1769,"Image":"C:\\Program Files\\Microsoft Office\\root\\Office16\\excel.exe","CommandLine":"excel.exe","User":"DOMAIN\\user11","ParentImage":null,"ParentUser":null}
{"EventID":1,"UtcTime":"2025-03-07T19:03:02","ProcessGuid":"e83f02a5-51d3-45bc-bad8-fae068a546c0","ProcessId":1040,"Image":"C:\\Program Files\\Microsoft Office\\root\\Office16\\excel.exe","CommandLine":"excel.exe","User":"DOMAIN\\user94","ParentImage":null,"ParentUser":null}
{"EventID":1,"UtcTime":"2025-03-07T15:25:02","ProcessGuid":"624d31d5-d013-4b55-8d51-660c4bdcb493","ProcessId":3133,"Image":"C:\\Program Files\\Microsoft Office\\root\\Office16\\winword.exe","CommandLine":"word.exe","User":"DOMAIN\\user30","ParentImage":null,"ParentUser":null}
{"EventID":1,"UtcTime":"2025-03-07T03:12:39","ProcessGuid":"a7706ade-d8a3-4002-9807-a717f701f436","ProcessId":1364,"Image":"C:\\Program Files\\Google\\Chrome\\Application\\chrome.exe","CommandLine":"chrome.exe","User":"DOMAIN\\user79","ParentImage":null,"ParentUser":null}
{"EventID":1,"UtcTime":"2025-03-07T17:30:10","ProcessGuid":"8e72292c-45ac-46ad-8627-389513a065ee","ProcessId":4220,"Image":"C:\\Program Files\\Microsoft Office\\root\\Office16\\excel.exe","CommandLine":"excel.exe","User":"DOMAIN\\user80","ParentImage":null,"ParentUser":null}
{"EventID":1,"UtcTime":"2025-03-07T04:56:25","ProcessGuid":"6751ebeb-1214-4867-98d5-613f6d65e4a9","ProcessId":4226,"Image":"C:\\Program Files\\Microsoft Office\\root\\Office16\\winword.exe","CommandLine":"word.exe","User":"DOMAIN\\user9","ParentImage":null,"ParentUser":null}
{"EventID":1,"UtcTime":"2025-03-07T08:51:25","ProcessGuid":"3facb61a-8077-43db-833c-62de75233b2b","ProcessId":2398,"Image":"C:\\Windows\\System32\\WindowsPowerShell\\v1.0\\powershell.exe","CommandLine":"powershell.exe","User":"DOMAIN\\user97","ParentImage":null,"ParentUser":null}
{"EventID":1,"UtcTime":"2025-03-07T09:52:06","ProcessGuid":"4f40a6af-4369-4ce2-bdf0-9d26df700ae7","ProcessId":3906,"Image":"C:\\Windows\\explorer.exe","CommandLine":"explorer.exe","User":"DOMAIN\\user51","ParentImage":null,"ParentUser":null}
{"EventID":1,"UtcTime":"2025-03-07T01:06:13","ProcessGuid":"189a5346-ed95-4773-9213-ed9435a0ba80","ProcessId":4364,"Image":"C:\\Program Files\\Microsoft Office\\root\\Office16\\winword.exe","CommandLine":"word.exe","User":"DOMAIN\\user58","ParentImage":null,"ParentUser":null}
{"EventID":1,"UtcTime":"2025-03-07T21:45:24","ProcessGuid":"f17ffe45-79d8-4461-a0cc-611c6ec8a86c","ProcessId":3213,"Image":"C:\\Windows\\explorer.exe","CommandLine":"explorer.exe","User":"DOMAIN\\user66","ParentImage":null,"ParentUser":null}
{"EventID":1,"UtcTime":"2025-03-07T23:00:47","ProcessGuid":"290f2442-596c-45a9-8fab-bae81a64f1ec","ProcessId":2998,"Image":"C:\\Program Files\\Microsoft Office\\root\\Office16\\winword.exe","CommandLine":"word.exe","User":"DOMAIN\\user44","ParentImage":null,"ParentUser":null}
{"EventID":1,"UtcTime":"2025-03-07T08:14:28","ProcessGuid":"451d685a-80f9-4790-9ab2-c28e2839467f","ProcessId":1617,"Image":"C:\\Windows\\System32\\WindowsPowerShell\\v1.0\\powershell.exe","CommandLine":"powershell.exe","User":"DOMAIN\\user71","ParentImage":null,"ParentUser":null}
{"EventID":1,"UtcTime":"2025-03-07T09:16:22","ProcessGuid":"1e75479e-9c14-4ac0-8450-79a130a90bff","ProcessId":1628,"Image":"C:\\Program Files\\Microsoft Office\\root\\Office16\\winword.exe","CommandLine":"word.exe","User":"DOMAIN\\user30","ParentImage":null,"ParentUser":null}
{"EventID":1,"UtcTime":"2025-03-07T03:41:53","ProcessGuid":"5511eed8-6e22-4356-ad6f-4cc5020e4f0c","ProcessId":4249,"Image":"C:\\Windows\\explorer.exe","CommandLine":"explorer.exe","User":"DOMAIN\\user37","ParentImage":null,"ParentUser":null}
{"EventID":1,"UtcTime":"2025-03-07T10:59:22","ProcessGuid":"383fea5f-c813-4bee-b95e-cbaa92173f45","ProcessId":2561,"Image":"C:\\Program Files\\Ivanti\\SecureAccess\\bin\\ivantiservice.exe","CommandLine":"ivantiservice.exe -exec C:\\Windows\\System32\\notepad.exe","User":"NT AUTHORITY\\SYSTEM","ParentImage":null,"ParentUser":null}
{"EventID":1,"UtcTime":"2025-03-07T17:59:49","ProcessGuid":"43232474-c801-4030-ae39-084547ea3a37","ProcessId":4426,"Image":"C:\\Program Files\\Google\\Chrome\\Application\\chrome.exe","CommandLine":"chrome.exe","User":"DOMAIN\\user62","ParentImage":null,"ParentUser":null}
{"EventID":1,"UtcTime":"2025-03-07T17:42:06","ProcessGuid":"78a8ac53-2b9a-41d4-9c20-8528873f429a","ProcessId":2279,"Image":"C:\\Program Files\\Google\\Chrome\\Application\\chrome.exe","CommandLine":"chrome.exe","User":"DOMAIN\\user6","ParentImage":null,"ParentUser":null}
{"EventID":1,"UtcTime":"2025-03-07T12:30:32","ProcessGuid":"e01d88ea-a4ef-461f-8104-3dfa45546b92","ProcessId":4498,"Image":"C:\\Windows\\System32\\WindowsPowerShell\\v1.0\\powershell.exe","CommandLine":"powershell.exe","User":"DOMAIN\\user77","ParentImage":null,"ParentUser":null}
{"EventID":10,"UtcTime":"2025-03-07T23:09:58","ProcessGuid":"8da05cd5-dc8e-4e40-aa86-f95849aa18bb","ProcessId":8718,"Image":"C:\\Windows\\System32\\cmd.exe","CommandLine":null,"User":"NT AUTHORITY\\SYSTEM","ParentImage":"C:\\Program Files\\Ivanti\\SecureAccess\\bin\\ivantihelper.exe","ParentUser":"DOMAIN\\lowprivuser17"}
{"EventID":10,"UtcTime":"2025-03-07T23:40:24","ProcessGuid":"38a6bd6b-7877-4bb7-8fd5-9fe85603193d","ProcessId":8960,"Image":"C:\\Windows\\System32\\cmd.exe","CommandLine":null,"User":"NT AUTHORITY\\SYSTEM","ParentImage":"C:\\Program Files\\Ivanti\\SecureAccess\\bin\\ivantihelper.exe","ParentUser":"DOMAIN\\lowprivuser22"}
{"EventID":1,"UtcTime":"2025-03-07T10:57:03","ProcessGuid":"580ac81c-89ef-4acc-a567-4f6edfb6179d","ProcessId":1288,"Image":"C:\\Program Files\\Microsoft Office\\root\\Office16\\outlook.exe","CommandLine":"outlook.exe","User":"DOMAIN\\user28","ParentImage":null,"ParentUser":null}
{"EventID":1,"UtcTime":"2025-03-07T06:41:01","ProcessGuid":"066860f2-944d-4f0b-990f-d197c0516802","ProcessId":1091,"Image":"C:\\Program Files\\Microsoft Office\\root\\Office16\\winword.exe","CommandLine":"word.exe","User":"DOMAIN\\user50","ParentImage":null,"ParentUser":null}
{"EventID":1,"UtcTime":"2025-03-07T07:16:52","ProcessGuid":"e1d5ad89-5d18-4a30-860d-961be031d9a0","ProcessId":3516,"Image":"C:\\Program Files\\Google\\Chrome\\Application\\chrome.exe","CommandLine":"chrome.exe","User":"DOMAIN\\user63","ParentImage":null,"ParentUser":null}
{"EventID":1,"UtcTime":"2025-03-07T16:34:58","ProcessGuid":"fcfebf27-5f4d-4a71-bd67-e7ba514c808d","ProcessId":4836,"Image":"C:\\Program Files\\Microsoft Office\\root\\Office16\\excel.exe","CommandLine":"excel.exe","User":"DOMAIN\\user34","ParentImage":null,"ParentUser":null}
{"EventID":1,"UtcTime":"2025-03-07T05:28:21","ProcessGuid":"2ea77784-5b24-4a7b-b89b-a48b523343eb","ProcessId":2481,"Image":"C:\\Windows\\explorer.exe","CommandLine":"explorer.exe","User":"DOMAIN\\user22","ParentImage":null,"ParentUser":null}
{"EventID":1,"UtcTime":"2025-03-07T09:32:11","ProcessGuid":"ebb88a8b-b164-41cd-8437-d7d24cb355f8","ProcessId":2566,"Image":"C:\\Windows\\explorer.exe","CommandLine":"explorer.exe","User":"DOMAIN\\user33","ParentImage":null,"ParentUser":null}
{"EventID":1,"UtcTime":"2025-03-07T19:51:26","ProcessGuid":"8274f2a4-b971-47ed-9baa-76996d445a16","ProcessId":2200,"Image":"C:\\Windows\\explorer.exe","CommandLine":"explorer.exe","User":"DOMAIN\\user49","ParentImage":null,"ParentUser":null}
{"EventID":1,"UtcTime":"2025-03-07T10:50:33","ProcessGuid":"f61d8101-513e-4c10-b490-5b27bc73ac49","ProcessId":2325,"Image":"C:\\Windows\\System32\\WindowsPowerShell\\v1.0\\powershell.exe","CommandLine":"powershell.exe","User":"DOMAIN\\user89","ParentImage":null,"ParentUser":null}
{"EventID":1,"UtcTime":"2025-03-07T04:37:09","ProcessGuid":"01d929f5-5e0c-4748-bb25-e2c4f56cf7ad","ProcessId":4331,"Image":"C:\\Windows\\System32\\WindowsPowerShell\\v1.0\\powershell.exe","CommandLine":"powershell.exe","User":"DOMAIN\\user36","ParentImage":null,"ParentUser":null}
