{"EventID":1,"UtcTime":"2025-03-07T11:43:33","ProcessGuid":"8d269f4c-7364-419a-8fad-e61952e532c7","ProcessId":1567,"Image":"C:\\Windows\\explorer.exe","CommandLine":"explorer.exe","User":"DOMAIN\\user53","ParentImage":null,"ParentUser":null}
{"EventID":1,"UtcTime":"2025-03-07T19:54:49","ProcessGuid":"cb375fd5-cf9d-4f3d-a47b-23a6cb94be78","ProcessId":1127,"Image":"C:\\Windows\\explorer.exe","CommandLine":"explorer.exe","User":"DOMAIN\\user24","ParentImage":null,"ParentUser":null}
{"EventID":1,"UtcTime":"2025-03-07T03:46:27","ProcessGuid":"20b118fd-d994-4657-b14d-1485fa416a98","ProcessId":2699,"Image":"C:\\Program Files\\Microsoft Office\\root\\Office16\\winword.exe","CommandLine":"word.exe","User":"DOMAIN\\user53","ParentImage":null,"ParentUser":null}
{"EventID":1,"UtcTime":"2025-03-07T12:07:51","ProcessGuid":"bd0d1d1e-b44b-444c-a261-b6a1c005eb75","ProcessId":2542,"Image":"C:\\Windows\\explorer.exe","CommandLine":"explorer.exe","User":"DOMAIN\\user100","ParentImage":null,"ParentUser":null}
{"EventID":1,"UtcTime":"2025-03-07T12:01:49","ProcessGuid":"381fb095-301a-4c3c-bb0d-0e171dc29042","ProcessId":4626,"Image":"C:\\Program Files\\Microsoft Office\\root\\Office16\\outlook.exe","CommandLine":"outlook.exe","User":"DOMAIN\\user100","ParentImage":null,"ParentUser":null}
{"EventID":1,"UtcTime":"2025-03-07T20:45:45","ProcessGuid":"2c9b6a15-3d7c-41e6-86e7-9a30ce31e7cf","ProcessId":2747,"Image":"C:\\Windows\\System32\\WindowsPowerShell\\v1.0\\powershell.exe","CommandLine":"powershell.exe","User":"DOMAIN\\user36","ParentImage":null,"ParentUser":null}
{"EventID":1,"UtcTime":"2025-03-07T09:19:00","ProcessGuid":"9ebe4b5d-0882-4549-bea2-b1d76368bcba","ProcessId":4679,"Image":"C:\\Program Files\\Microsoft Office\\root\\Office16\\outlook.exe","CommandLine":"outlook.exe","User":"DOMAIN\\user44","ParentImage":null,"ParentUser":null}
{"EventID":1,"UtcTime":"2025-03-07T09:33:46","ProcessGuid":"0555f9bb-c32e-4069-beec-5e39f8ba8349","ProcessId":4409,"Image":"C:\\Windows\\System32\\WindowsPowerShell\\v1.0\\powershell.exe","CommandLine":"powershell.exe","User":"DOMAIN\\user43","ParentImage":null,"ParentUser":null}
{"EventID":1,"UtcTime":"2025-03-07T04:31:07","ProcessGuid":"e089e554-6bcd-4177-bef4-0528078cbd6a","ProcessId":3612,"Image":"C:\\Windows\\explorer.exe","CommandLine":"explorer.exe","User":"DOMAIN\\user64","ParentImage":null,"ParentUser":null}
{"EventID":1,"UtcTime":"2025-03-07T02:08:14","ProcessGuid":"b7625e8f-305f-4849-b649-04db6960d93f","ProcessId":4213,"Image":"C:\\Windows\\explorer.exe","CommandLine":"explorer.exe","User":"DOMAIN\\user27","ParentImage":null,"ParentUser":null}
{"EventID":1,"UtcTime":"2025-03-07T15:47:17","ProcessGuid":"ece1ca20-ddaa-4de9-9889-03897a3c0e22","ProcessId":4769,"Image":"C:\\Windows\\System32\\WindowsPowerShell\\v1.0\\powershell.exe","CommandLine":"powershell.exe","User":"DOMAIN\\user27","ParentImage":null,"ParentUser":null}
{"EventID":1,"UtcTime":"2025-03-07T15:45:05","ProcessGuid":"63b42275-aeef-4be3-823b-9dcbd1018912","ProcessId":4624,"Image":"C:\\Program Files\\Microsoft Office\\root\\Office16\\excel.exe","CommandLine":"excel.exe","User":"DOMAIN\\user72","ParentImage":null,"ParentUser":null}
{"EventID":10,"UtcTime":"2025-03-07T08:44:41","ProcessGuid":"77ebba83-648a-4088-8c96-d465dab9d14b","ProcessId":6711,"Image":"C:\\Windows\\System32\\cmd.exe","CommandLine":null,"User":"NT AUTHORITY\\SYSTEM","ParentImage":"C:\\Program Files\\Ivanti\\SecureAccess\\bin\\ivantihelper.exe","ParentUser":"DOMAIN\\lowprivuser19"}
{"EventID":1,"UtcTime":"2025-03-07T14:03:55","ProcessGuid":"a1efa033-8c71-4a8f-95eb-412f3a3b4a90","ProcessId":1067,"Image":"C:\\Windows\\System32\\WindowsPowerShell\\v1.0\\powershell.exe","CommandLine":"powershell.exe","User":"DOMAIN\\user59","ParentImage":null,"ParentUser":null}
{"EventID":1,"UtcTime":"2025-03-07T06:20:17","ProcessGuid":"b0326fbe-8042-457f-b8fc-85b58c05a5ee","ProcessId":2349,"Image":"C:\\Program Files\\Google\\Chrome\\Application\\chrome.exe","CommandLine":"chrome.exe","User":"DOMAIN\\user81","ParentImage":null,"ParentUser":null}
{"EventID":1,"UtcTime":"2025-03-07T20:10:46","ProcessGuid":"88d43b96-335e-469b-8e06-ead067dfd5bf","ProcessId":2483,"Image":"C:\\Windows\\explorer.exe","CommandLine":"explorer.exe","User":"DOMAIN\\user44","ParentImage":null,"ParentUser":null}
{"EventID":1,"UtcTime":"2025-03-07T21:11:42","ProcessGuid":"94d9df1d-34c4-4c11-863b-483fc9681888","ProcessId":3220,"Image":"C:\\Program Files\\Microsoft Office\\root\\Office16\\excel.exe","CommandLine":"excel.exe","User":"DOMAIN\\user35","ParentImage":null,"ParentUser":null}
{"EventID":1,"UtcTime":"2025-03-07T10:49:00","ProcessGuid":"cfe6e1ad-8007-459e-a1d6-1fa9c3edca5f","ProcessId":3720,"Image":"C:\\Program Files\\Ivanti\\SecureAccess\\bin\\ivantiservice.exe","CommandLine":"ivantiservice.exe -exec C:\\Windows\\System32\\dllhost.exe","User":"NT AUTHORITY\\SYSTEM","ParentImage":null,"ParentUser":null}
{"EventID":1,"UtcTime":"2025-03-07T12:36:12","ProcessGuid":"e7a53cfe-7024-485b-8613-382b766f6d43","ProcessId":2648,"Image":"C:\\Program Files\\Google\\Chrome\\Application\\chrome.exe","CommandLine":"chrome.exe","User":"DOMAIN\\user17","ParentImage":null,"ParentUser":null}
{"EventID":1,"UtcTime":"2025-03-07T00:36:07","ProcessGuid":"4ae5c01b-e361-4fad-a227-a6caef3418dc","ProcessId":4612,"Image":"C:\\Program Files\\Microsoft Office\\root\\Office16\\excel.exe","CommandLine":"excel.exe","User":"DOMAIN\\user65","ParentImage":null,"ParentUser":null}
{"EventID":1,"UtcTime":"2025-03-07T21:55:47","ProcessGuid":"9a3963a3-81b7-482b-800c-6a224884e9fc","ProcessId":1460,"Image":"C:\\Program Files\\Google\\Chrome\\Application\\chrome.exe","CommandLine":"chrome.exe","User":"DOMAIN\\user90","ParentImage":null,"ParentUser":null}
{"EventID":1,"UtcTime":"2025-03-07T00:51:07","ProcessGuid":"3f4dc4e5-4102-444f-8121-0525cd103037","ProcessId":1618,"Image":"C:\\Program Files\\Microsoft Office\\root\\Office16\\excel.exe","CommandLine":"excel.exe","User":"DOMAIN\\user46","ParentImage":null,"ParentUser":null}
{"EventID":1,"UtcTime":"2025-03-07T20:42:56","ProcessGuid":"be837ecf-33db-4f7f-9208-e479a63b64d5","ProcessId":1131,"Image":"C:\\Program Files\\Microsoft Office\\root\\Office16\\outlook.exe","CommandLine":"outlook.exe","User":"DOMAIN\\user90","ParentImage":null,"ParentUser":null}
{"EventID":1,"UtcTime":"2025-03-07T04:40:47","ProcessGuid":"b335a86a-e0ce-4165-a309-c45152382467","ProcessId":3078,"Image":"C:\\Windows\\System32\\WindowsPowerShell\\v1.0\\powershell.exe","CommandLine":"powershell.exe","User":"DOMAIN\\user30","ParentImage":null,"ParentUser":null}
{"EventID":1,"UtcTime":"2025-03-07T10:45:38","ProcessGuid":"a017c88f-a705-459a-864b-a505eb46e9fe","ProcessId":4260,"Image":"C:\\Program Files\\Microsoft Office\\root\\Office16\\excel.exe","CommandLine":"excel.exe","User":"DOMAIN\\user95","ParentImage":null,"ParentUser":null}
{"EventID":1,"UtcTime":"2025-03-07T00:02:51","ProcessGuid":"1c57b149-b11c-46b6-b3c4-1a5e9f55c325","ProcessId":2620,"Image":"C:\\Program Files\\Microsoft Office\\root\\Office16\\outlook.exe","CommandLine":"outlook.exe","User":"DOMAIN\\user42","ParentImage":null,"ParentUser":null}
{"EventID":10,"UtcTime":"2025-03-07T23:09:51","ProcessGuid":"fa75a81e-53b4-46c4-a00d-779922e01a99","ProcessId":8695,"Image":"C:\\Windows\\System32\\cmd.exe","CommandLine":null,"User":"NT AUTHORITY\\SYSTEM","ParentImage":"C:\\Program Files\\Ivanti\\SecureAccess\\bin\\ivantihelper.exe","ParentUser":"DOMAIN\\lowprivuser4"}
{"EventID":1,"UtcTime":"2025-03-07T16:25:36","ProcessGuid":"54bdcc1a-db41-4080-9a0a-35278ae2f476","ProcessId":4476,"Image":"C:\\Windows\\System32\\WindowsPowerShell\\v1.0\\powershell.exe","CommandLine":"powershell.exe","User":"DOMAIN\\user4","ParentImage":null,"ParentUser":null}
{"EventID":10,"UtcTime":"2025-03-07T22:24:28","ProcessGuid":"7b606672-51ca-43d9-9762-368feb982c26","ProcessId":6674,"Image":"C:\\Windows\\System32\\cmd.exe","CommandLine":null,"User":"NT AUTHORITY\\SYSTEM","ParentImage":"C:\\Program Files\\Ivanti\\SecureAccess\\bin\\ivantihelper.exe","ParentUser":"DOMAIN\\lowprivuser5"}
{"EventID":1,"UtcTime":"2025-03-07T14:36:12","ProcessGuid":"aac1f52a-60c2-4310-83ac-449822a2f917","ProcessId":2207,"Image":"C:\\Windows\\System32\\WindowsPowerShell\\v1.0\\powershell.exe","CommandLine":"powershell.exe","User":"DOMAIN\\user85","ParentImage":null,"ParentUser":null}
{"EventID":1,"UtcTime":"2025-03-07T19:44:22","ProcessGuid":"bf232cef-07e3-403d-bbbe-b0e6bcafb6e4","ProcessId":4697,"Image":"C:\\Windows\\explorer.exe","CommandLine":"explorer.exe","User":"DOMAIN\\user82","ParentImage":null,"ParentUser":null}
{"EventID":1,"UtcTime":"2025-03-07T04:12:06","ProcessGuid":"38682784-0fd3-42dc-9f8b-4a8bd7e8a20d","ProcessId":3010,"Image":"C:\\Program Files\\Ivanti\\SecureAccess\\bin\\ivantiservice.exe","CommandLine":"ivantiservice.exe -exec C:\\Windows\\System32\\spoolsv.exe","User":"NT AUTHORITY\\SYSTEM","ParentImage":null,"ParentUser":null}
{"EventID":1,"UtcTime":"2025-03-07T05:32:25","ProcessGuid":"4a632f8b-607a-4ef1-82f9-28b7fd82ad5b","ProcessId":2736,"Image":"C:\\Program Files\\Ivanti\\SecureAccess\\bin\\ivantiservice.exe","CommandLine":"ivantiservice.exe -exec C:\\Windows\\System32\\spoolsv.exe","User":"NT AUTHORITY\\SYSTEM","ParentImage":null,"ParentUser":null}
{"EventID":1,"UtcTime":"2025-03-07T19:00:55","ProcessGuid":"b54726e4-b8ce-4e28-9b06-c7af2345f034","ProcessId":1119,"Image":"C:\\Program Files\\Google\\Chrome\\Application\\chrome.exe","CommandLine":"chrome.exe","User":"DOMAIN\\user27","ParentImage":null,"ParentUser":null}
{"EventID":1,"UtcTime":"2025-03-07T17:13:40","ProcessGuid":"6e12e0e3-7889-4602-a608-0205db5d6aa0","ProcessId":4634,"Image":"C:\\Windows\\System32\\WindowsPowerShell\\v1.0\\powershell.exe","CommandLine":"powershell.exe","User":"DOMAIN\\user5","ParentImage":null,"ParentUser":null}
{"EventID":1,"UtcTime":"2025-03-07T12:51:07","ProcessGuid":"06d5549a-b4b3-46f8-bace-51234b6bb273","ProcessId":4291,"Image":"C:\\Program Files\\Microsoft Office\\root\\Office16\\outlook.exe","CommandLine":"outlook.exe","User":"DOMAIN\\user59","ParentImage":null,"ParentUser":null}
{"EventID":1,"UtcTime":"2025-03-07T11:55:10","ProcessGuid":"c3da5933-01cc-47fb-8d29-73e8b337ff08","ProcessId":4454,"Image":"C:\\Program Files\\Ivanti\\SecureAccess\\bin\\ivantiservice.exe","CommandLine":"ivantiservice.exe -exec C:\\Windows\\System32\\calc.exe","User":"NT AUTHORITY\\SYSTEM","ParentImage":null,"ParentUser":null}
{"EventID":1,"UtcTime":"2025-03-07T08:47:43","ProcessGuid":"e49614c5-45bd-46b4-9053-c3ebd2c11727","ProcessId":3284,"Image":"C:\\Program Files\\Microsoft Office\\root\\Office16\\outlook.exe","CommandLine":"outlook.exe","User":"DOMAIN\\user13","ParentImage":null,"ParentUser":null}
{"EventID":1,"UtcTime":"2025-03-07T21:38:17","ProcessGuid":"cbba253c-5cee-4219-a11d-6113a4d526b3","ProcessId":1596,"Image":"C:\\Program Files\\Microsoft Office\\root\\Office16\\winword.exe","CommandLine":"word.exe","User":"DOMAIN\\user15","ParentImage":null,"ParentUser":null}
{"EventID":1,"UtcTime":"2025-03-07T11:28:39","ProcessGuid":"eaa4e0ca-3fc4-4f1e-8652-b3384b54d041","ProcessId":4393,"Image":"C:\\Program Files\\Microsoft Office\\root\\Office16\\winword.exe","CommandLine":"word.exe","User":"DOMAIN\\user61","ParentImage":null,"ParentUser":null}
{"EventID":1,"UtcTime":"2025-03-07T06:05:59","ProcessGuid":"eabf489b-6ea9-40e6-97a1-7a2be431dc95","ProcessId":2948,"Image":"C:\\Program Files\\Microsoft Office\\root\\Office16\\outlook.exe","CommandLine":"outlook.exe","User":"DOMAIN\\user21","ParentImage":null,"ParentUser":null}
{"EventID":1,"UtcTime":"2025-03-07T04:24:12","ProcessGuid":"34f1151b-51b4-45db-829a-b30dc4dd7f6b","ProcessId":4269,"Image":"C:\\Windows\\explorer.exe","CommandLine":"explorer.exe","User":"DOMAIN\\user43","ParentImage":null,"ParentUser":null}
{"EventID":1,"UtcTime":"2025-03-07T01:04:03","ProcessGuid":"a3aca6e7-1cf7-4d53-9acd-6c58032834b4","ProcessId":1288,"Image":"C:\\Windows\\System32\\WindowsPowerShell\\v1.0\\powershell.exe","CommandLine":"powershell.exe","User":"DOMAIN\\user13","ParentImage":null,"ParentUser":null}
{"EventID":1,"UtcTime":"2025-03-07T21:13:34","ProcessGuid":"8c2ad5f2-5226-4ea7-b3a8-5de611912b16","ProcessId":2514,"Image":"C:\\Program Files\\Microsoft Office\\root\\Office16\\winword.exe","CommandLine":"word.exe","User":"DOMAIN\\user61","ParentImage":null,"ParentUser":null}
{"EventID":1,"UtcTime":"2025-03-07T03:49:43","ProcessGuid":"054a641d-5b5b-4717-89a4-7b755f9432bc","ProcessId":2686,"Image":"C:\\Program Files\\Ivanti\\SecureAccess\\bin\\ivantiservice.exe","CommandLine":"ivantiservice.exe -exec C:\\Windows\\System32\\winlogon.exe","User":"NT AUTHORITY\\SYSTEM","ParentImage":null,"ParentUser":null}
{"EventID":1,"UtcTime":"2025-03-07T13:05:12","ProcessGuid":"a8a47e9e-46fa-48d6-90b5-ff06e2c6494b","ProcessId":3703,"Image":"C:\\Windows\\explorer.exe","CommandLine":"explorer.exe","User":"DOMAIN\\user99","ParentImage":null,"ParentUser":null}
{"EventID":10,"UtcTime":"2025-03-07T01:17:38","ProcessGuid":"ea82b5ec-d45e-481b-8131-acf55d5fd3cb","ProcessId":8555,"Image":"C:\\Windows\\System32\\cmd.exe","CommandLine":null,"User":"NT AUTHORITY\\SYSTEM","ParentImage":"C:\\Program Files\\Ivanti\\SecureAccess\\bin\\ivantihelper.exe","ParentUser":"DOMAIN\\lowprivuser2"}
{"EventID":1,"UtcTime":"2025-03-07T12:39:09","ProcessGuid":"ce5c8c2f-c119-4c34-bace-2b5f233a43fe","ProcessId":4688,"Image":"C:\\Windows\\System32\\WindowsPowerShell\\v1.0\\powershell.exe","CommandLine":"powershell.exe","User":"DOMAIN\\user30","ParentImage":null,"ParentUser":null}
{"EventID":1,"UtcTime":"2025-03-07T14:21:16","ProcessGuid":"baacce84-6040-4634-bb47-222f0158e7f6","ProcessId":1153,"Image":"C:\\Program Files\\Ivanti\\SecureAccess\\bin\\ivantiservice.exe","CommandLine":"ivantiservice.exe -exec C:\\Windows\\System32\\services.exe","User":"NT AUTHORITY\\SYSTEM","ParentImage":null,"ParentUser":null}
{"EventID":1,"UtcTime":"2025-03-07T23:35:43","ProcessGuid":"59210e2c-70a0-4856-a1d4-36102b0c530b","ProcessId":3770,"Image":"C:\\Program Files\\Ivanti\\SecureAccess\\bin\\ivantiservice.exe","CommandLine":"ivantiservice.exe -exec C:\\Windows\\System32\\dllhost.exe","User":"NT AUTHORITY\\SYSTEM","ParentImage":null,"ParentUser":null}
{"EventID":1,"UtcTime":"2025-03-07T05:33:21","ProcessGuid":"5aa6c29b-4422-49a1-8630-07ffe45794d6","ProcessId":4024,"Image":"C:\\Program Files\\Microsoft Office\\root\\Office16\\excel.exe","CommandLine":"excel.exe","User":"DOMAIN\\user72","ParentImage":null,"ParentUser":null}
{"EventID":1,"UtcTime":"2025-03-07T20:59:35","ProcessGuid":"ed34df12-c3a1-4bad-8cd3-ddb5a9eb7387","ProcessId":4782,"Image":"C:\\Program Files\\Microsoft Office\\root\\Office16\\excel.exe","CommandLine":"excel.exe","User":"DOMAIN\\user24","ParentImage":null,"ParentUser":null}
{"EventID":1,"UtcTime":"2025-03-07T23:03:39","ProcessGuid":"42b60ff7-d52d-483b-9d47-db29ddaa91ea","ProcessId":4159,"Image":"C:\\Program Files\\Microsoft Office\\root\\Office16\\winword.exe","CommandLine":"word.exe","User":"DOMAIN\\user79","ParentImage":null,"ParentUser":null}
{"EventID":1,"UtcTime":"2025-03-07T14:45:53","ProcessGuid":"59f38ec8-d5ee-4512-9da0-d147ee356edd","ProcessId":2926,"Image":"C:\\Windows\\System32\\WindowsPowerShell\\v1.0\\powershell.exe","CommandLine":"powershell.exe","User":"DOMAIN\\user44","ParentImage":null,"ParentUser":null}
{"EventID":10,"UtcTime":"2025-03-07T18:23:20","ProcessGuid":"9a9830ae-3561-4f67-b3f7-47b04e3c6270","ProcessId":8040,"Image":"C:\\Windows\\System32\\cmd.exe","CommandLine":null,"User":"NT AUTHORITY\\SYSTEM","ParentImage":"C:\\Program Files\\Ivanti\\SecureAccess\\bin\\ivantihelper.exe","ParentUser":"DOMAIN\\lowprivuser31"}
{"EventID":1,"UtcTime":"2025-03-07T16:03:49","ProcessGuid":"f5d79600-d2b6-4c06-845e-f01d68105a7c","ProcessId":4774,"Image":"C:\\Program Files\\Microsoft Office\\root\\Office16\\excel.exe","CommandLine":"excel.exe","User":"DOMAIN\\user33","ParentImage":null,"ParentUser":null}
{"EventID":1,"UtcTime":"2025-03-07T22:46:47","ProcessGuid":"df2e4abe-af38-4dee-bf32-4e6e5ea2c2e8","ProcessId":3017,"Image":"C:\\Windows\\System32\\WindowsPowerShell\\v1.0\\powershell.exe","CommandLine":"powershell.exe","User":"DOMAIN\\user57","ParentImage":null,"ParentUser":null}
{"EventID":1,"UtcTime":"2025-03-07T10:22:56","ProcessGuid":"b4883f1f-b57b-42ab-b6cf-a0d01670bf2a","ProcessId":4867,"Image":"C:\\Program Files\\Google\\Chrome\\Application\\chrome.exe","CommandLine":"chrome.exe","User":"DOMAIN\\user9","ParentImage":null,"ParentUser":null}
{"EventID":1,"UtcTime":"2025-03-07T16:08:36","ProcessGuid":"8b9f2d82-8c9a-44a4-98b9-022392ed64f2","ProcessId":4231,"Image":"C:\\Program Files\\Microsoft Office\\root\\Office16\\excel.exe","CommandLine":"excel.exe","User":"DOMAIN\\user73","ParentImage":null,"ParentUser":null}
{"EventID":1,"UtcTime":"2025-03-07T03:24:48","ProcessGuid":"84e4beaa-8d8d-4e70-8392-422ad093d010","ProcessId":2553,"Image":"C:\\Windows\\System32\\WindowsPowerShell\\v1.0\\powershell.exe","CommandLine":"powershell.exe","User":"DOMAIN\\user87","ParentImage":null,"ParentUser":null}
{"EventID":1,"UtcTime":"2025-03-07T01:34:18","ProcessGuid":"208ecba9-7b64-420b-9438-879c71df1b47","ProcessId":3919,"Image":"C:\\Windows\\explorer.exe","CommandLine":"explorer.exe","User":"DOMAIN\\user80","ParentImage":null,"ParentUser":null}
{"EventID":1,"UtcTime":"2025-03-07T09:14:56","ProcessGuid":"525543a9-2a90-4a82-9d0b-147cb57a1d8b","ProcessId":2460,"Image":"C:\\Program Files\\Microsoft Office\\root\\Office16\\excel.exe","CommandLine":"excel.exe","User":"DOMAIN\\user10","ParentImage":null,"ParentUser":null}
{"EventID":1,"UtcTime":"2025-03-07T06:04:12","ProcessGuid":"719777d5-6c4d-4ec8-9175-b82126c0d5fb","ProcessId":1111,"Image":"C:\\Program Files\\Microsoft Office\\root\\Office16\\winword.exe","CommandLine":"word.exe","User":"DOMAIN\\user93","ParentImage":null,"ParentUser":null}
{"EventID":1,"UtcTime":"2025-03-07T16:42:47","ProcessGuid":"7146fbde-3451-4670-baff-9c6b79f7ee33","ProcessId":4125,"Image":"C:\\Windows\\System32\\WindowsPowerShell\\v1.0\\powershell.exe","CommandLine":"powershell.exe","User":"DOMAIN\\user52","ParentImage":null,"ParentUser":null}
{"EventID":1,"UtcTime":"2025-03-07T17:38:42","ProcessGuid":"a64202e2-113b-4160-8d91-8a61c23eb1a3","ProcessId":1103,"Image":"C:\\Windows\\System32\\WindowsPowerShell\\v1.0\\powershell.exe","CommandLine":"powershell.exe","User":"DOMAIN\\user52","ParentImage":null,"ParentUser":null}
{"EventID":10,"UtcTime":"2025-03-07T12:44:55","ProcessGuid":"67506bf8-e9eb-4ce2-8665-21d8825bc4e1","ProcessId":7492,"Image":"C:\\Windows\\System32\\cmd.exe","CommandLine":null,"User":"NT AUTHORITY\\SYSTEM","ParentImage":"C:\\Program Files\\Ivanti\\SecureAccess\\bin\\ivantihelper.exe","ParentUser":"DOMAIN\\lowprivuser45"}
{"EventID":1,"UtcTime":"2025-03-07T14:00:34","ProcessGuid":"6db70a87-be01-4111-8176-a6afd4f5c954","ProcessId":4718,"Image":"C:\\Windows\\System32\\WindowsPowerShell\\v1.0\\powershell.exe","CommandLine":"powershell.exe","User":"DOMAIN\\user16","ParentImage":null,"ParentUser":null}
{"EventID":1,"UtcTime":"2025-03-07T17:08:29","ProcessGuid":"0b7ec6ca-42af-4b59-a2e0-9d1382f382db","ProcessId":3668,"Image":"C:\\Program Files\\Microsoft Office\\root\\Office16\\excel.exe","CommandLine":"excel.exe","User":"DOMAIN\\user89","ParentImage":null,"ParentUser":null}
{"EventID":1,"UtcTime":"2025-03-07T15:45:52","ProcessGuid":"214a6e37-c3d9-47a1-81ea-696f99c6fb1a","ProcessId":3300,"Image":"C:\\Program Files\\Google\\Chrome\\Application\\chrome.exe","CommandLine":"chrome.exe","User":"DOMAIN\\user77","ParentImage":null,"ParentUser":null}
{"EventID":1,"UtcTime":"2025-03-07T10:34:13","ProcessGuid":"f100643b-9cac-4fe7-bf37-77873666018f","ProcessId":3121,"Image":"C:\\Windows\\explorer.exe","CommandLine":"explorer.exe","User":"DOMAIN\\user92","ParentImage":null,"ParentUser":null}
{"EventID":1,"UtcTime":"2025-03-07T16:04:29","ProcessGuid":"1c5587b3-1f1d-49cb-b610-8d9a414ae67f","ProcessId":4378,"Image":"C:\\Windows\\System32\\WindowsPowerShell\\v1.0\\powershell.exe","CommandLine":"powershell.exe","User":"DOMAIN\\user34","ParentImage":null,"ParentUser":null}
{"EventID":1,"UtcTime":"2025-03-07T08:49:03","ProcessGuid":"b6dc930f-6f9c-4a52-8e23-a19e8a6ee032","ProcessId":3032,"Image":"C:\\Program Files\\Microsoft Office\\root\\Office16\\excel.exe","CommandLine":"excel.exe","User":"DOMAIN\\user32","ParentImage":null,"ParentUser":null}
{"EventID":10,"UtcTime":"2025-03-07T07:30:44","ProcessGuid":"7c918e50-4cdd-4a85-b587-7528eeee0cc5","ProcessId":5082,"Image":"C:\\Windows\\System32\\cmd.exe","CommandLine":null,"User":"NT AUTHORITY\\SYSTEM","ParentImage":"C:\\Program Files\\Ivanti\\SecureAccess\\bin\\ivantihelper.exe","ParentUser":"DOMAIN\\lowprivuser17"}
{"EventID":1,"UtcTime":"2025-03-07T17:48:15","ProcessGuid":"760b327a-7561-4e0c-9c12-a7257907ab80","ProcessId":1094,"Image":"C:\\Program Files\\Ivanti\\SecureAccess\\bin\\ivantiservice.exe","CommandLine":"ivantiservice.exe -exec C:\\Windows\\System32\\notepad.exe","User":"NT AUTHORITY\\SYSTEM","ParentImage":null,"ParentUser":null}
{"EventID":1,"UtcTime":"2025-03-07T23:17:13","ProcessGuid":"47eced2f-2205-4d20-8e55-a7f3a3b60592","ProcessId":1478,"Image":"C:\\Windows\\System32\\WindowsPowerShell\\v1.0\\powershell.exe","CommandLine":"powershell.exe","User":"DOMAIN\\user46","ParentImage":null,"ParentUser":null}
{"EventID":1,"UtcTime":"2025-03-07T07:40:44","ProcessGuid":"73175b01-94d1-40cc-9933-56807afde374","ProcessId":2301,"Image":"C:\\Program Files\\Google\\Chrome\\Application\\chrome.exe","CommandLine":"chrome.exe","User":"DOMAIN\\user81","ParentImage":null,"ParentUser":null}
{"EventID":1,"UtcTime":"2025-03-07T17:11:36","ProcessGuid":"0a0f837f-4b66-499b-9017-9b3d8479918c","ProcessId":2032,"Image":"C:\\Windows\\System32\\WindowsPowerShell\\v1.0\\powershell.exe","CommandLine":"powershell.exe","User":"DOMAIN\\user83","ParentImage":null,"ParentUser":null}
{"EventID":1,"UtcTime":"2025-03-07T18:43:47","ProcessGuid":"17716649-cf70-4155-b33a-8996f320e965","ProcessId":4455,"Image":"C:\\Program Files\\Microsoft Office\\root\\Office16\\excel.exe","CommandLine":"excel.exe","User":"DOMAIN\\user48","ParentImage":null,"ParentUser":null}
{"EventID":1,"UtcTime":"2025-03-07T03:11:19","ProcessGuid":"663c5e95-d74c-4937-bd7e-7d4f52fa0322","ProcessId":2714,"Image":"C:\\Windows\\System32\\WindowsPowerShell\\v1.0\\powershell.exe","CommandLine":"powershell.exe","User":"DOMAIN\\user23","ParentImage":null,"ParentUser":null}
{"EventID":1,"UtcTime":"2025-03-07T06:18:43","ProcessGuid":"629d65c7-8e56-430a-a050-7bab311ce2b2","ProcessId":2490,"Image":"C:\\Program Files\\Ivanti\\SecureAccess\\bin\\ivantiservice.exe","CommandLine":"ivantiservice.exe -exec C:\\Windows\\System32\\conhost.exe","User":"NT AUTHORITY\\SYSTEM","ParentImage":null,"ParentUser":null}
{"EventID":1,"UtcTime":"2025-03-07T23:52:36","ProcessGuid":"b5b042b7-525f-4806-bcfb-2e87eccc1430","ProcessId":1744,"Image":"C:\\Program Files\\Ivanti\\SecureAccess\\bin\\ivantiservice.exe","CommandLine":"ivantiservice.exe -exec C:\\Windows\\System32\\spoolsv.exe","User":"NT AUTHORITY\\SYSTEM","ParentImage":null,"ParentUser":null}
{"EventID":1,"UtcTime":"2025-03-07T06:37:31","ProcessGuid":"cb9611c5-af47-4f15-913e-7d36878474ef","ProcessId":3651,"Image":"C:\\Program Files\\Microsoft Office\\root\\Office16\\excel.exe","CommandLine":"excel.exe","User":"DOMAIN\\user30","ParentImage":null,"ParentUser":null}
{"EventID":1,"UtcTime":"2025-03-07T02:30:53","ProcessGuid":"df76cf6c-a73d-4cb3-9b8a-4e62c299a45d","ProcessId":1535,"Image":"C:\\Program Files\\Microsoft Office\\root\\Office16\\excel.exe","CommandLine":"excel.exe","User":"DOMAIN\\user21","ParentImage":null,"ParentUser":null}
{"EventID":1,"UtcTime":"2025-03-07T12:21:00","ProcessGuid":"4d1f9c50-7b6a-4467-9b26-f1eb2ee46cb1","ProcessId":1004,"Image":"C:\\Program Files\\Ivanti\\SecureAccess\\bin\\ivantiservice.exe","CommandLine":"ivantiservice.exe -exec C:\\Windows\\System32\\taskhostw.exe","User":"NT AUTHORITY\\SYSTEM","ParentImage":null,"ParentUser":null}
{"EventID":1,"UtcTime":"2025-03-07T10:22:59","ProcessGuid":"f1c68405-1040-47f8-9f4f-8b50985042f8","ProcessId":2938,"Image":"C:\\Windows\\explorer.exe","CommandLine":"explorer.exe","User":"DOMAIN\\user83","ParentImage":null,"ParentUser":null}
{"EventID":1,"UtcTime":"2025-03-07T06:51:03","ProcessGuid":"3c851c20-d70c-426f-9ccf-eb3dd84eb58c","ProcessId":2655,"Image":"C:\\Program Files\\Microsoft Office\\root\\Office16\\outlook.exe","CommandLine":"outlook.exe","User":"DOMAIN\\user70","ParentImage":null,"ParentUser":null}
{"EventID":1,"UtcTime":"2025-03-07T08:31:49","ProcessGuid":"0d1f022d-ed78-4515-8383-ecc382beeb8b","ProcessId":4963,"Image":"C:\\Windows\\explorer.exe","CommandLine":"explorer.exe","User":"DOMAIN\\user49","ParentImage":null,"ParentUser":null}
{"EventID":1,"UtcTime":"2025-03-07T15:50:53","ProcessGuid":"c1799ccf-320c-4fac-825b-38b5e7042ebf","ProcessId":1028,"Image":"C:\\Program Files\\Microsoft Office\\root\\Office16\\outlook.exe","CommandLine":"outlook.exe","User":"DOMAIN\\user56","ParentImage":null,"ParentUser":null}
{"EventID":1,"UtcTime":"2025-03-07T01:07:25","ProcessGuid":"e011f4e6-d65f-40c4-852f-8abd65bbe547","ProcessId":1572,"Image":"C:\\Windows\\System32\\WindowsPowerShell\\v1.0\\powershell.exe","CommandLine":"powershell.exe","User":"DOMAIN\\user64","ParentImage":null,"ParentUser":null}
{"EventID":1,"UtcTime":"2025-03-07T00:31:52","ProcessGuid":"3bd3ad81-2dcb-4395-aa1f-ef8488ec548f","ProcessId":1377,"Image":"C:\\Program Files\\Microsoft Office\\root\\Office16\\outlook.exe","CommandLine":"outlook.exe","User":"DOMAIN\\user7","ParentImage":null,"ParentUser":null}
{"EventID":1,"UtcTime":"2025-03-07T19:51:20","ProcessGuid":"51a3490a-f109-48ba-bb04-f424e9960a1d","ProcessId":3248,"Image":"C:\\Program Files\\Microsoft Office\\root\\Office16\\winword.exe","CommandLine":"word.exe","User":"DOMAIN\\user69","ParentImage":null,"ParentUser":null}
{"EventID":1,"UtcTime":"2025-03-07T21:05:38","ProcessGuid":"fad1ff45-a2e4-430c-8a0d-77f4c7a9131f","ProcessId":4230,"Image":"C:\\Program Files\\Ivanti\\SecureAccess\\bin\\ivantiservice.exe","CommandLine":"ivantiservice.exe -exec C:\\Windows\\System32\\spoolsv.exe","User":"NT AUTHORITY\\SYSTEM","ParentImage":null,"ParentUser":null}
{"EventID":1,"UtcTime":"2025-03-07T13:16:29","ProcessGuid":"3becc8db-977e-447b-b0bd-3d275287dee4","ProcessId":2426,"Image":"C:\\Program Files\\Microsoft Office\\root\\Office16\\outlook.exe","CommandLine":"outlook.exe","User":"DOMAIN\\user11","ParentImage":null,"ParentUser":null}
{"EventID":1,"UtcTime":"2025-03-07T15:18:02","ProcessGuid":"3268ab04-947a-4b05-9eba-dbedbfa718f7","ProcessId":3796,"Image":"C:\\Program Files\\Microsoft Office\\root\\Office16\\excel.exe","CommandLine":"excel.exe","User":"DOMAIN\\user12","ParentImage":null,"ParentUser":null}
{"EventID":1,"UtcTime":"2025-03-07T00:05:35","ProcessGuid":"04eef111-447b-47b0-a5d2-543fe41467bb","ProcessId":1867,"Image":"C:\\Program Files\\Ivanti\\SecureAccess\\bin\\ivantiservice.exe","CommandLine":"ivantiservice.exe -exec C:\\Windows\\System32\\svchost.exe","User":"NT AUTHORITY\\SYSTEM","ParentImage":null,"ParentUser":null}
{"EventID":1,"UtcTime":"2025-03-07T14:18:37","ProcessGuid":"6e5ab262-6618-4ada-9adb-2bba66c40fc8","ProcessId":2959,"Image":"C:\\Program Files\\Microsoft Office\\root\\Office16\\winword.exe","CommandLine":"word.exe","User":"DOMAIN\\user14","ParentImage":null,"ParentUser":null}
{"EventID":1,"UtcTime":"2025-03-07T12:35:05","ProcessGuid":"325a51a2-3973-4cee-b81e-6d08951c7e91","ProcessId":4302,"Image":"C:\\Program Files\\Microsoft Office\\root\\Office16\\winword.exe","CommandLine":"word.exe","User":"DOMAIN\\user20","ParentImage":null,"ParentUser":null}
{"EventID":1,"UtcTime":"2025-03-07T16:50:48","ProcessGuid":"0fddb2ce-0806-4370-843d-a8abbded9bef","ProcessId":4090,"Image":"C:\\Windows\\System32\\WindowsPowerShell\\v1.0\\powershell.exe","CommandLine":"powershell.exe","User":"DOMAIN\\user70","ParentImage":null,"ParentUser":null}
{"EventID":1,"UtcTime":"2025-03-07T08:07:18","ProcessGuid":"40317e09-a6de-486e-9e1c-e99ee83089a8","ProcessId":3729,"Image":"C:\\Program Files\\Google\\Chrome\\Application\\chrome.exe","CommandLine":"chrome.exe","User":"DOMAIN\\user88","ParentImage":null,"ParentUser":null}
{"EventID":1,"UtcTime":"2025-03-07T16:50:04","ProcessGuid":"2e7e915e-7cfa-4da4-9a43-5cc8660af817","ProcessId":3726,"Image":"C:\\Program Files\\Microsoft Office\\root\\Office16\\outlook.exe","CommandLine":"outlook.exe","User":"DOMAIN\\user90","ParentImage":null,"ParentUser":null}
{"EventID":1,"UtcTime":"2025-03-07T01:06:42","ProcessGuid":"36763096-c4c8-48d1-846c-9bf5e5f83eeb","ProcessId":3682,"Image":"C:\\Program Files\\Microsoft Office\\root\\Office16\\excel.exe","CommandLine":"excel.exe","User":"DOMAIN\\user92","ParentImage":null,"ParentUser":null}
{"EventID":1,"UtcTime":"2025-03-07T15:32:20","ProcessGuid":"da0f48b4-3e47-4af0-b37d-7b13866c0580","ProcessId":3618,"Image":"C:\\Program Files\\Microsoft Office\\root\\Office16\\winword.exe","CommandLine":"word.exe","User":"DOMAIN\\user10","ParentImage":null,"ParentUser":null}
{"EventID":1,"UtcTime":"2025-03-07T18:16:57","ProcessGuid":"833801ad-afbd-4c8f-b903-87ef0992ac67","ProcessId":4507,"Image":"C:\\Windows\\explorer.exe","CommandLine":"explorer.exe","User":"DOMAIN\\user13","ParentImage":null,"ParentUser":null}
{"EventID":1,"UtcTime":"2025-03-07T15:31:05","ProcessGuid":"31fc06ae-a3d4-48e1-9f1e-f1bdcaf57283","ProcessId":2141,"Image":"C:\\Windows\\explorer.exe","CommandLine":"explorer.exe","User":"DOMAIN\\user64","ParentImage":null,"ParentUser":null}
{"EventID":1,"UtcTime":"2025-03-07T12:40:50","ProcessGuid":"c105014d-18f5-4bfb-932d-53c88d3f1162","ProcessId":3959,"Image":"C:\\Windows\\explorer.exe","CommandLine":"explorer.exe","User":"DOMAIN\\user18","ParentImage":null,"ParentUser":null}
{"EventID":1,"UtcTime":"2025-03-07T00:07:15","ProcessGuid":"e8b23da3-41a9-4c5f-8e51-65f67cdcccce","ProcessId":1358,"Image":"C:\\Program Files\\Google\\Chrome\\Application\\chrome.exe","CommandLine":"chrome.exe","User":"DOMAIN\\user18","ParentImage":null,"ParentUser":null}
{"EventID":1,"UtcTime":"2025-03-07T05:38:34","ProcessGuid":"a7c8aab4-7e56-41ef-bb82-97b852c2a312","ProcessId":3189,"Image":"C:\\Program Files\\Ivanti\\SecureAccess\\bin\\ivantiservice.exe","CommandLine":"ivantiservice.exe -exec C:\\Windows\\System32\\winlogon.exe","User":"NT AUTHORITY\\SYSTEM","ParentImage":null,"ParentUser":null}
{"EventID":1,"UtcTime":"2025-03-07T07:50:56","ProcessGuid":"515eb82c-6361-43cb-a516-7b0a155dce86","ProcessId":1964,"Image":"C:\\Windows\\System32\\WindowsPowerShell\\v1.0\\powershell.exe","CommandLine":"powershell.exe","User":"DOMAIN\\user56","ParentImage":null,"ParentUser":null}
{"EventID":10,"UtcTime":"2025-03-07T00:17:01","ProcessGuid":"f8a32280-68c5-49de-9929-5809c2f80029","ProcessId":5249,"Image":"C:\\Windows\\System32\\cmd.exe","CommandLine":null,"User":"NT AUTHORITY\\SYSTEM","ParentImage":"C:\\Program Files\\Ivanti\\SecureAccess\\bin\\ivantihelper.exe","ParentUser":"DOMAIN\\lowprivuser50"}
{"EventID":1,"UtcTime":"2025-03-07T17:47:04","ProcessGuid":"f73fe291-1f11-4f54-a5d7-7169b8fd33a3","ProcessId":1192,"Image":"C:\\Program Files\\Microsoft Office\\root\\Office16\\excel.exe","CommandLine":"excel.exe","User":"DOMAIN\\user15","ParentImage":null,"ParentUser":null}
{"EventID":1,"UtcTime":"2025-03-07T19:38:09","ProcessGuid":"69192866-86b3-4b9a-99ad-8a0ccd5aacea","ProcessId":1530,"Image":"C:\\Program Files\\Ivanti\\SecureAccess\\bin\\ivantiservice.exe","CommandLine":"ivantiservice.exe -exec C:\\Windows\\System32\\conhost.exe","User":"NT AUTHORITY\\SYSTEM","ParentImage":null,"ParentUser":null}
{"EventID":1,"UtcTime":"2025-03-07T22:41:54","ProcessGuid":"5a2cb162-583f-4d6a-a877-f1fda4df9ff1","ProcessId":1173,"Image":"C:\\Program Files\\Ivanti\\SecureAccess\\bin\\ivantiservice.exe","CommandLine":"ivantiservice.exe -exec C:\\Windows\\System32\\notepad.exe","User":"NT AUTHORITY\\SYSTEM","ParentImage":null,"ParentUser":null}
{"EventID":1,"UtcTime":"2025-03-07T01:34:30","ProcessGuid":"5d4f18ec-9e20-4262-8972-52caa5af12c8","ProcessId":3979,"Image":"C:\\Program Files\\Microsoft Office\\root\\Office16\\winword.exe","CommandLine":"word.exe","User":"DOMAIN\\user85","ParentImage":null,"ParentUser":null}
{"EventID":1,"UtcTime":"2025-03-07T12:00:01","ProcessGuid":"e6229ef4-20dc-44ed-8b1f-ccdbfe192482","ProcessId":1260,"Image":"C:\\Windows\\explorer.exe","CommandLine":"explorer.exe","User":"DOMAIN\\user98","ParentImage":null,"ParentUser":null}
{"EventID":1,"UtcTime":"2025-03-07T03:58:23","ProcessGuid":"4b5c2f05-6674-4837-9faa-20ba649465c1","ProcessId":1443,"Image":"C:\\Program Files\\Microsoft Office\\root\\Office16\\excel.exe","CommandLine":"excel.exe","User":"DOMAIN\\user81","ParentImage":null,"ParentUser":null}
{"EventID":1,"UtcTime":"2025-03-07T16:13:59","ProcessGuid":"2a7c4bfd-cfd4-4203-855a-6e4be76aff0e","ProcessId":1622,"Image":"C:\\Program Files\\Microsoft Office\\root\\Office16\\outlook.exe","CommandLine":"outlook.exe","User":"DOMAIN\\user71","ParentImage":null,"ParentUser":null}
{"EventID":1,"UtcTime":"2025-03-07T02:22:58","ProcessGuid":"790f8ffc-deab-4cde-9401-e5eb1061cfa8","ProcessId":2863,"Image":"C:\\Program Files\\Microsoft Office\\root\\Office16\\winword.exe","CommandLine":"word.exe","User":"DOMAIN\\user67","ParentImage":null,"ParentUser":null}
{"EventID":1,"UtcTime":"2025-03-07T21:55:24","ProcessGuid":"49b44b54-45ff-4b8c-b4d5-5ce8657ea6e2","ProcessId":3129,"Image":"C:\\Windows\\System32\\WindowsPowerShell\\v1.0\\powershell.exe","CommandLine":"powershell.exe","User":"DOMAIN\\user27","ParentImage":null,"ParentUser":null}
{"EventID":10,"UtcTime":"2025-03-07T16:59:19","ProcessGuid":"8b104e2a-f54b-4f39-a3ee-caa34242f3fc","ProcessId":6505,"Image":"C:\\Windows\\System32\\cmd.exe","CommandLine":null,"User":"NT AUTHORITY\\SYSTEM","ParentImage":"C:\\Program Files\\Ivanti\\SecureAccess\\bin\\ivantihelper.exe","ParentUser":"DOMAIN\\lowprivuser8"}
{"EventID":1,"UtcTime":"2025-03-07T17:16:07","ProcessGuid":"97e00f6d-2781-4079-9390-e36dfcb05e20","ProcessId":1666,"Image":"C:\\Windows\\System32\\WindowsPowerShell\\v1.0\\powershell.exe","CommandLine":"powershell.exe","User":"DOMAIN\\user10","ParentImage":null,"ParentUser":null}
{"EventID":1,"UtcTime":"2025-03-07T20:18:45","ProcessGuid":"109d7ee5-6f82-4944-8f1d-19abd60ff076","ProcessId":2162,"Image":"C:\\Program Files\\Microsoft Office\\root\\Office16\\excel.exe","CommandLine":"excel.exe","User":"DOMAIN\\user41","ParentImage":null,"ParentUser":null}
{"EventID":1,"UtcTime":"2025-03-07T00:36:08","ProcessGuid":"f7da7ed8-a5f6-4a07-bfd5-adbbbf944b36","ProcessId":4610,"Image":"C:\\Program Files\\Microsoft Office\\root\\Office16\\outlook.exe","CommandLine":"outlook.exe","User":"DOMAIN\\user80","ParentImage":null,"ParentUser":null}
{"EventID":1,"UtcTime":"2025-03-07T16:07:28","ProcessGuid":"4c323c67-994f-4fcf-93e6-286d74df63dc","ProcessId":3907,"Image":"C:\\Program Files\\Microsoft Office\\root\\Office16\\excel.exe","CommandLine":"excel.exe","User":"DOMAIN\\user59","ParentImage":null,"ParentUser":null}
{"EventID":1,"UtcTime":"2025-03-07T19:05:44","ProcessGuid":"aac3406c-f57b-4967-9fd4-4df7e5bf9970","ProcessId":2240,"Image":"C:\\Program Files\\Microsoft Office\\root\\Office16\\excel.exe","CommandLine":"excel.exe","User":"DOMAIN\\user37","ParentImage":null,"ParentUser":null}
{"EventID":1,"UtcTime":"2025-03-07T05:43:45","ProcessGuid":"ef166ea9-c708-4103-a6da-61fb685e8120","ProcessId":3099,"Image":"C:\\Program Files\\Microsoft Office\\root\\Office16\\winword.exe","CommandLine":"word.exe","User":"DOMAIN\\user54","ParentImage":null,"ParentUser":null}
{"EventID":10,"UtcTime":"2025-03-07T01:14:17","ProcessGuid":"b1359c27-a658-461e-82b5-14d182cfb4c5","ProcessId":5488,"Image":"C:\\Windows\\System32\\cmd.exe","CommandLine":null,"User":"NT AUTHORITY\\SYSTEM","ParentImage":"C:\\Program Files\\Ivanti\\SecureAccess\\bin\\ivantihelper.exe","ParentUser":"DOMAIN\\lowprivuser18"}
{"EventID":1,"UtcTime":"2025-03-07T06:27:12","ProcessGuid":"bb4f30f3-4528-4936-8be0-4d9a80fbde4a","ProcessId":4715,"Image":"C:\\Windows\\System32\\WindowsPowerShell\\v1.0\\powershell.exe","CommandLine":"powershell.exe","User":"DOMAIN\\user22","ParentImage":null,"ParentUser":null}
{"EventID":1,"UtcTime":"2025-03-07T08:39:49","ProcessGuid":"fbb05064-6c6b-43a0-a84c-d18c3553c0bd","ProcessId":4813,"Image":"C:\\Program Files\\Microsoft Office\\root\\Office16\\outlook.exe","CommandLine":"outlook.exe","User":"DOMAIN\\user4","ParentImage":null,"ParentUser":null}
{"EventID":1,"UtcTime":"2025-03-07T02:52:42","ProcessGuid":"01c6a879-64c7-4bd1-8c2d-dc5752941aa7","ProcessId":2460,"Image":"C:\\Program Files\\Microsoft Office\\root\\Office16\\excel.exe","CommandLine":"excel.exe","User":"DOMAIN\\user86","ParentImage":null,"ParentUser":null}
{"EventID":1,"UtcTime":"2025-03-07T14:02:09","ProcessGuid":"a70db0ad-e104-4e51-8479-7228b3c8b2f1","ProcessId":1382,"Image":"C:\\Program Files\\Microsoft Office\\root\\Office16\\winword.exe","CommandLine":"word.exe","User":"DOMAIN\\user33","ParentImage":null,"ParentUser":null}
{"EventID":1,"UtcTime":"2025-03-07T07:30:57","ProcessGuid":"1270ac82-53d1-40b5-96e6-3d0b5f98640d","ProcessId":2220,"Image":"C:\\Program Files\\Microsoft Office\\root\\Office16\\outlook.exe","CommandLine":"outlook.exe","User":"DOMAIN\\user37","ParentImage":null,"ParentUser":null}
{"EventID":10,"UtcTime":"2025-03-07T11:31:41","ProcessGuid":"baeaf5db-2038-4a54-93c6-f412fbf92e3a","ProcessId":8903,"Image":"C:\\Windows\\System32\\cmd.exe","CommandLine":null,"User":"NT AUTHORITY\\SYSTEM","ParentImage":"C:\\Program Files\\Ivanti\\SecureAccess\\bin\\ivantihelper.exe","ParentUser":"DOMAIN\\lowprivuser15"}
{"EventID":1,"UtcTime":"2025-03-07T11:56:49","ProcessGuid":"803aaa2f-ca17-40cc-b396-b814c2ea808e","ProcessId":1290,"Image":"C:\\Program Files\\Google\\Chrome\\Application\\chrome.exe","CommandLine":"chrome.exe","User":"DOMAIN\\user91","ParentImage":null,"ParentUser":null}
{"EventID":1,"UtcTime":"2025-03-07T13:12:21","ProcessGuid":"5f71d94d-a292-4525-a1a5-8c078364ea06","ProcessId":1454,"Image":"C:\\Program Files\\Microsoft Office\\root\\Office16\\excel.exe","CommandLine":"excel.exe","User":"DOMAIN\\user78","ParentImage":null,"ParentUser":null}
{"EventID":1,"UtcTime":"2025-03-07T21:20:08","ProcessGuid":"7590023d-f467-43be-851d-061d573f65fb","ProcessId":4456,"Image":"C:\\Program Files\\Ivanti\\SecureAccess\\bin\\ivantiservice.exe","CommandLine":"ivantiservice.exe -exec C:\\Windows\\System32\\calc.exe","User":"NT AUTHORITY\\SYSTEM","ParentImage":null,"ParentUser":null}
{"EventID":1,"UtcTime":"2025-03-07T01:12:31","ProcessGuid":"4e97692f-7bff-4433-8902-853eb9d24a81","ProcessId":4709,"Image":"C:\\Windows\\explorer.exe","CommandLine":"explorer.exe","User":"DOMAIN\\user69","ParentImage":null,"ParentUser":null}
{"EventID":1,"UtcTime":"2025-03-07T02:04:13","ProcessGuid":"b09d387f-5bba-4f71-8fd4-1193564a1eeb","ProcessId":3798,"Image":"C:\\Windows\\explorer.exe","CommandLine":"explorer.exe","User":"DOMAIN\\user5","ParentImage":null,"ParentUser":null}
{"EventID":1,"UtcTime":"2025-03-07T21:28:32","ProcessGuid":"fb0fdf6a-7d4e-4121-b631-71b5a81de21a","ProcessId":3878,"Image":"C:\\Program Files\\Microsoft Office\\root\\Office16\\outlook.exe","CommandLine":"outlook.exe","User":"DOMAIN\\user83","ParentImage":null,"ParentUser":null}
{"EventID":1,"UtcTime":"2025-03-07T20:50:48","ProcessGuid":"e9fe61f5-976d-4bca-ba81-34f20e536e99","ProcessId":1394,"Image":"C:\\Windows\\System32\\WindowsPowerShell\\v1.0\\powershell.exe","CommandLine":"powershell.exe","User":"DOMAIN\\user46","ParentImage":null,"ParentUser":null}
{"EventID":1,"UtcTime":"2025-03-07T05:22:31","ProcessGuid":"8d8a96c8-3e5d-43db-aa5e-2499bd9c7482","ProcessId":4462,"Image":"C:\\Program Files\\Microsoft Office\\root\\Office16\\winword.exe","CommandLine":"word.exe","User":"DOMAIN\\user68","ParentImage":null,"ParentUser":null}
{"EventID":10,"UtcTime":"2025-03-07T21:40:51","ProcessGuid":"73727c7a-8a38-40c3-8205-e19d9e1d2546","ProcessId":6362,"Image":"C:\\Windows\\System32\\cmd.exe","CommandLine":null,"User":"NT AUTHORITY\\SYSTEM","ParentImage":"C:\\Program Files\\Ivanti\\SecureAccess\\bin\\ivantihelper.exe","ParentUser":"DOMAIN\\lowprivuser3"}
{"EventID":1,"UtcTime":"2025-03-07T07:20:45","ProcessGuid":"3506c4d3-decc-4733-a864-da0bf5bf759c","ProcessId":1153,"Image":"C:\\Program Files\\Microsoft Office\\root\\Office16\\excel.exe","CommandLine":"excel.exe","User":"DOMAIN\\user72","ParentImage":null,"ParentUser":null}
{"EventID":1,"UtcTime":"2025-03-07T18:02:56","ProcessGuid":"8f0150c4-98a1-45ea-8c19-a3281e84196a","ProcessId":1252,"Image":"C:\\Program Files\\Microsoft Office\\root\\Office16\\outlook.exe","CommandLine":"outlook.exe","User":"DOMAIN\\user11","ParentImage":null,"ParentUser":null}
{"EventID":1,"UtcTime":"2025-03-07T07:57:26","ProcessGuid":"75d544b1-a262-4cdd-af74-81db03a42441","ProcessId":3198,"Image":"C:\\Windows\\System32\\WindowsPowerShell\\v1.0\\powershell.exe","CommandLine":"powershell.exe","User":"DOMAIN\\user68","ParentImage":null,"ParentUser":null}
{"EventID":1,"UtcTime":"2025-03-07T19:16:36","ProcessGuid":"246eec21-211a-4078-af58-b4dca6e41182","ProcessId":2084,"Image":"C:\\Windows\\System32\\WindowsPowerShell\\v1.0\\powershell.exe","CommandLine":"powershell.exe","User":"DOMAIN\\user85","ParentImage":null,"ParentUser":null}
{"EventID":1,"UtcTime":"2025-03-07T09:45:03","ProcessGuid":"2e7a8bca-9df8-4515-9224-2e4d58a0c68d","ProcessId":2615,"Image":"C:\\Windows\\System32\\WindowsPowerShell\\v1.0\\powershell.exe","CommandLine":"powershell.exe","User":"DOMAIN\\user65","ParentImage":null,"ParentUser":null}
{"EventID":10,"UtcTime":"2025-03-07T03:43:37","ProcessGuid":"b7179300-fcf2-4b1d-8209-ef12180ff47d","ProcessId":8407,"Image":"C:\\Windows\\System32\\cmd.exe","CommandLine":null,"User":"NT AUTHORITY\\SYSTEM","ParentImage":"C:\\Program Files\\Ivanti\\SecureAccess\\bin\\ivantihelper.exe","ParentUser":"DOMAIN\\lowprivuser25"}
{"EventID":1,"UtcTime":"2025-03-07T08:49:14","ProcessGuid":"72aa7a88-6f39-44c4-82ad-b3c2183bc40a","ProcessId":3345,"Image":"C:\\Program Files\\Microsoft Office\\root\\Office16\\excel.exe","CommandLine":"excel.exe","User":"DOMAIN\\user60","ParentImage":null,"ParentUser":null}
{"EventID":1,"UtcTime":"2025-03-07T19:17:45","ProcessGuid":"8a41cff9-fbdf-4c01-a34c-542edd4c7999","ProcessId":3213,"Image":"C:\\Program Files\\Microsoft Office\\root\\Office16\\outlook.exe","CommandLine":"outlook.exe","User":"DOMAIN\\user62","ParentImage":null,"ParentUser":null}
{"EventID":1,"UtcTime":"2025-03-07T14:26:07","ProcessGuid":"0c5894b6-9ddc-49ba-83da-15526054f991","ProcessId":1670,"Image":"C:\\Program Files\\Microsoft Office\\root\\Office16\\winword.exe","CommandLine":"word.exe","User":"DOMAIN\\user93","ParentImage":null,"ParentUser":null}
{"EventID":1,"UtcTime":"2025-03-07T00:27:22","ProcessGuid":"fb94ec7b-f449-498e-91e0-fc295cb0f676","ProcessId":4781,"Image":"C:\\Windows\\explorer.exe","CommandLine":"explorer.exe","User":"DOMAIN\\user35","ParentImage":null,"ParentUser":null}
{"EventID":1,"UtcTime":"2025-03-07T02:42:57","ProcessGuid":"39b25a22-79d1-4a46-8ddb-4fa81e7dedf4","ProcessId":2995,"Image":"C:\\Program Files\\Ivanti\\SecureAccess\\bin\\ivantiservice.exe","CommandLine":"ivantiservice.exe -exec C:\\Windows\\System32\\rundll32.exe","User":"NT AUTHORITY\\SYSTEM","ParentImage":null,"ParentUser":null}
{"EventID":10,"UtcTime":"2025-03-07T11:02:27","ProcessGuid":"3b0d2d65-1389-4afe-8d11-5ac5aa0f51e0","ProcessId":6088,"Image":"C:\\Windows\\System32\\cmd.exe","CommandLine":null,"User":"NT AUTHORITY\\SYSTEM","ParentImage":"C:\\Program Files\\Ivanti\\SecureAccess\\bin\\ivantihelper.exe","ParentUser":"DOMAIN\\lowprivuser45"}
{"EventID":1,"UtcTime":"2025-03-07T00:24:02","ProcessGuid":"280dab31-8f3e-4769-a30c-b595eedfe656","ProcessId":4050,"Image":"C:\\Program Files\\Ivanti\\SecureAccess\\bin\\ivantiservice.exe","CommandLine":"ivantiservice.exe -exec C:\\Windows\\System32\\conhost.exe","User":"NT AUTHORITY\\SYSTEM","ParentImage":null,"ParentUser":null}
{"EventID":1,"UtcTime":"2025-03-07T22:38:29","ProcessGuid":"79ff9258-4f88-491f-baeb-c4ef042c3ae2","ProcessId":3752,"Image":"C:\\Windows\\System32\\WindowsPowerShell\\v1.0\\powershell.exe","CommandLine":"powershell.exe","User":"DOMAIN\\user88","ParentImage":null,"ParentUser":null}
{"EventID":1,"UtcTime":"2025-03-07T21:56:45","ProcessGuid":"bca66e87-3e53-4101-b6cc-1a9397481d77","ProcessId":3728,"Image":"C:\\Program Files\\Microsoft Office\\root\\Office16\\outlook.exe","CommandLine":"outlook.exe","User":"DOMAIN\\user29","ParentImage":null,"ParentUser":null}
{"EventID":1,"UtcTime":"2025-03-07T07:02:18","ProcessGuid":"95f59ca1-d3f5-4373-bffe-e0ce8a42cc5a","ProcessId":3086,"Image":"C:\\Program Files\\Microsoft Office\\root\\Office16\\excel.exe","CommandLine":"excel.exe","User":"DOMAIN\\user26","ParentImage":null,"ParentUser":null}
{"EventID":1,"UtcTime":"2025-03-07T09:51:08","ProcessGuid":"a115c9b8-8bfc-4e1e-8b56-dc674233d81e","ProcessId":2315,"Image":"C:\\Windows\\System32\\WindowsPowerShell\\v1.0\\powershell.exe","CommandLine":"powershell.exe","User":"DOMAIN\\user62","ParentImage":null,"ParentUser":null}
{"EventID":1,"UtcTime":"2025-03-07T13:27:02","ProcessGuid":"d727b456-974d-4d25-86b6-4395221cc2fd","ProcessId":4545,"Image":"C:\\Windows\\System32\\WindowsPowerShell\\v1.0\\powershell.exe","CommandLine":"powershell.exe","User":"DOMAIN\\user37","ParentImage":null,"ParentUser":null}
{"EventID":1,"UtcTime":"2025-03-07T14:13:29","ProcessGuid":"f7e9bd05-934f-4fad-9fa4-955cf2f49673","ProcessId":2396,"Image":"C:\\Windows\\explorer.exe","CommandLine":"explorer.exe","User":"DOMAIN\\user43","ParentImage":null,"ParentUser":null}
{"EventID":1,"UtcTime":"2025-03-07T01:51:26","ProcessGuid":"aa31ec93-04c4-4e5a-9617-318a5a9adab8","ProcessId":1225,"Image":"C:\\Program Files\\Microsoft Office\\root\\Office16\\winword.exe","CommandLine":"word.exe","User":"DOMAIN\\user22","ParentImage":null,"ParentUser":null}
{"EventID":1,"UtcTime":"2025-03-07T22:41:03","ProcessGuid":"580b886e-a0fd-4cb8-81be-8844d1834222","ProcessId":4686,"Image":"C:\\Program Files\\Google\\Chrome\\Application\\chrome.exe","CommandLine":"chrome.exe","User":"DOMAIN\\user90","ParentImage":null,"ParentUser":null}
{"EventID":1,"UtcTime":"2025-03-07T02:15:39","ProcessGuid":"dc362a33-322f-4838-955b-87a0705dfa80","ProcessId":2459,"Image":"C:\\Windows\\explorer.exe","CommandLine":"explorer.exe","User":"DOMAIN\\user94","ParentImage":null,"ParentUser":null}
{"EventID":1,"UtcTime":"2025-03-07T09:28:59","ProcessGuid":"ebec4795-cdd7-4808-99ca-cc228011bffb","ProcessId":4046,"Image":"C:\\Program Files\\Microsoft Office\\root\\Office16\\outlook.exe","CommandLine":"outlook.exe","User":"DOMAIN\\user85","ParentImage":null,"ParentUser":null}
{"EventID":1,"UtcTime":"2025-03-07T08:06:13","ProcessGuid":"503e19d9-8b33-404d-a87a-000c1321c25b","ProcessId":3673,"Image":"C:\\Windows\\System32\\WindowsPowerShell\\v1.0\\powershell.exe","CommandLine":"powershell.exe","User":"DOMAIN\\user12","ParentImage":null,"ParentUser":null}
{"EventID":1,"UtcTime":"2025-03-07T10:53:11","ProcessGuid":"accd5a03-37c5-41c9-aed7-27402d3d2b6f","ProcessId":1913,"Image":"C:\\Program Files\\Microsoft Office\\root\\Office16\\outlook.exe","CommandLine":"outlook.exe","User":"DOMAIN\\user3","ParentImage":null,"ParentUser":null}
{"EventID":1,"UtcTime":"2025-03-07T02:01:30","ProcessGuid":"064c34bb-1dbc-4b72-a16c-4a7bba0f92f6","ProcessId":1022,"Image":"C:\\Program Files\\Google\\Chrome\\Application\\chrome.exe","CommandLine":"chrome.exe","User":"DOMAIN\\user33","ParentImage":null,"ParentUser":null}
{"EventID":1,"UtcTime":"2025-03-07T21:56:41","ProcessGuid":"5ab48b37-193a-48df-bb81-66999e747e0b","ProcessId":1368,"Image":"C:\\Windows\\System32\\WindowsPowerShell\\v1.0\\powershell.exe","CommandLine":"powershell.exe","User":"DOMAIN\\user3","ParentImage":null,"ParentUser":null}
{"EventID":1,"UtcTime":"2025-03-07T09:04:23","ProcessGuid":"79e8acf7-e40d-4aab-b379-3cd25de861ca","ProcessId":3357,"Image":"C:\\Program Files\\Microsoft Office\\root\\Office16\\winword.exe","CommandLine":"word.exe","User":"DOMAIN\\user49","ParentImage":null,"ParentUser":null}
{"EventID":1,"UtcTime":"2025-03-07T20:08:47","ProcessGuid":"efeea1b7-3f75-4fd3-868a-59abeee83b53","ProcessId":1991,"Image":"C:\\Program Files\\Google\\Chrome\\Application\\chrome.exe","CommandLine":"chrome.exe","User":"DOMAIN\\user16","ParentImage":null,"ParentUser":null}
{"EventID":1,"UtcTime":"2025-03-07T21:41:44","ProcessGuid":"900ebd8d-103f-44ef-8911-0cd390f89df7","ProcessId":4624,"Image":"C:\\Windows\\System32\\WindowsPowerShell\\v1.0\\powershell.exe","CommandLine":"powershell.exe","User":"DOMAIN\\user99","ParentImage":null,"ParentUser":null}
{"EventID":1,"UtcTime":"2025-03-07T14:57:36","ProcessGuid":"dcc11b03-bfe8-4733-8a48-f790b770686f","ProcessId":4989,"Image":"C:\\Program Files\\Ivanti\\SecureAccess\\bin\\ivantiservice.exe","CommandLine":"ivantiservice.exe -exec C:\\Windows\\System32\\winlogon.exe","User":"NT AUTHORITY\\SYSTEM","ParentImage":null,"ParentUser":null}
{"EventID":1,"UtcTime":"2025-03-07T18:45:26","ProcessGuid":"dc9306c7-fc7c-4dd1-8083-ee6400c34e49","ProcessId":2986,"Image":"C:\\Program Files\\Google\\Chrome\\Application\\chrome.exe","CommandLine":"chrome.exe","User":"DOMAIN\\user6","ParentImage":null,"ParentUser":null}
{"EventID":1,"UtcTime":"2025-03-07T16:02:19","ProcessGuid":"bbb0d30f-0ec3-427a-9dbc-28233751ed9c","ProcessId":2121,"Image":"C:\\Windows\\explorer.exe","CommandLine":"explorer.exe","User":"DOMAIN\\user19","ParentImage":null,"ParentUser":null}
{"EventID":1,"UtcTime":"2025-03-07T21:55:58","ProcessGuid":"2b08a2c9-46b4-4c26-8ac9-22d074a580ba","ProcessId":2761,"Image":"C:\\Program Files\\Microsoft Office\\root\\Office16\\excel.exe","CommandLine":"excel.exe","User":"DOMAIN\\user52","ParentImage":null,"ParentUser":null}
{"EventID":10,"UtcTime":"2025-03-07T20:51:45","ProcessGuid":"0549955f-3843-464d-96ce-3299dc60e271","ProcessId":6596,"Image":"C:\\Windows\\System32\\cmd.exe","CommandLine":null,"User":"NT AUTHORITY\\SYSTEM","ParentImage":"C:\\Program Files\\Ivanti\\SecureAccess\\bin\\ivantihelper.exe","ParentUser":"DOMAIN\\lowprivuser22"}
