{"EventID":1,"UtcTime":"2025-03-07T21:40:48","ProcessGuid":"3c464493-8bba-4922-8214-1b0a6ea39b1e","ProcessId":3761,"Image":"C:\\Windows\\System32\\WindowsPowerShell\\v1.0\\powershell.exe","CommandLine":"powershell.exe","User":"DOMAIN\\user44","ParentImage":null,"ParentUser":null}
{"EventID":1,"UtcTime":"2025-03-07T05:09:38","ProcessGuid":"56a0a3b3-b7dc-4be8-986d-f9e89b7c6427","ProcessId":1417,"Image":"C:\\Program Files\\Microsoft Office\\root\\Office16\\winword.exe","CommandLine":"word.exe","User":"DOMAIN\\user7","ParentImage":null,"ParentUser":null}
{"EventID":1,"UtcTime":"2025-03-07T13:43:35","ProcessGuid":"4af87d10-9a56-4394-957e-45a70a90e1b8","ProcessId":1352,"Image":"C:\\Program Files\\Microsoft Office\\root\\Office16\\excel.exe","CommandLine":"excel.exe","User":"DOMAIN\\user59","ParentImage":null,"ParentUser":null}
{"EventID":1,"UtcTime":"2025-03-07T01:44:56","ProcessGuid":"4190f6be-8be2-426c-af53-58e317d7347e","ProcessId":1384,"Image":"C:\\Program Files\\Microsoft Office\\root\\Office16\\excel.exe","CommandLine":"excel.exe","User":"DOMAIN\\user1","ParentImage":null,"ParentUser":null}
{"EventID":1,"UtcTime":"2025-03-07T02:59:14","ProcessGuid":"30802040-22bc-4062-bbda-ec5b1c3b5a40","ProcessId":1868,"Image":"C:\\Program Files\\Microsoft Office\\root\\Office16\\outlook.exe","CommandLine":"outlook.exe","User":"DOMAIN\\user16","ParentImage":null,"ParentUser":null}
{"EventID":10,"UtcTime":"2025-03-07T12:57:50","ProcessGuid":"5eb29181-35d0-435b-b51d-b145f81ab310","ProcessId":8095,"Image":"C:\\Windows\\System32\\cmd.exe","CommandLine":null,"User":"NT AUTHORITY\\SYSTEM","ParentImage":"C:\\Program Files\\Ivanti\\SecureAccess\\bin\\ivantihelper.exe","ParentUser":"DOMAIN\\lowprivuser25"}
{"EventID":1,"UtcTime":"2025-03-07T09:08:47","ProcessGuid":"fe84f8bd-5ef5-4232-9cd0-81adb3e428a1","ProcessId":4756,"Image":"C:\\Program Files\\Microsoft Office\\root\\Office16\\excel.exe","CommandLine":"excel.exe","User":"DOMAIN\\user55","ParentImage":null,"ParentUser":null}
{"EventID":10,"UtcTime":"2025-03-07T07:17:09","ProcessGuid":"46270382-a7d3-4609-b6c9-12f0e2d51996","ProcessId":7084,"Image":"C:\\Windows\\System32\\cmd.exe","CommandLine":null,"User":"NT AUTHORITY\\SYSTEM","ParentImage":"C:\\Program Files\\Ivanti\\SecureAccess\\bin\\ivantihelper.exe","ParentUser":"DOMAIN\\lowprivuser8"}
{"EventID":1,"UtcTime":"2025-03-07T15:29:59","ProcessGuid":"d2e3a7e1-33e3-4a77-b5a6-d3db7ab7a9c7","ProcessId":1765,"Image":"C:\\Program Files\\Microsoft Office\\root\\Office16\\outlook.exe","CommandLine":"outlook.exe","User":"DOMAIN\\user52","ParentImage":null,"ParentUser":null}
{"EventID":10,"UtcTime":"2025-03-07T09:37:41","ProcessGuid":"06da3f5c-4b04-4ec8-8f34-20a9fb519d91","ProcessId":7348,"Image":"C:\\Windows\\System32\\cmd.exe","CommandLine":null,"User":"NT AUTHORITY\\SYSTEM","ParentImage":"C:\\Program Files\\Ivanti\\SecureAccess\\bin\\ivantihelper.exe","ParentUser":"DOMAIN\\lowprivuser46"}
{"EventID":1,"UtcTime":"2025-03-07T21:50:02","ProcessGuid":"cb14da53-9242-4b73-95ff-13e4ac6007ec","ProcessId":1508,"Image":"C:\\Program Files\\Google\\Chrome\\Application\\chrome.exe","CommandLine":"chrome.exe","User":"DOMAIN\\user48","ParentImage":null,"ParentUser":null}
{"EventID":1,"UtcTime":"2025-03-07T05:51:56","ProcessGuid":"63392edb-906e-46a7-a64e-5bddb7853212","ProcessId":3906,"Image":"C:\\Windows\\System32\\WindowsPowerShell\\v1.0\\powershell.exe","CommandLine":"powershell.exe","User":"DOMAIN\\user65","ParentImage":null,"ParentUser":null}
{"EventID":1,"UtcTime":"2025-03-07T06:22:15","ProcessGuid":"c9f42dff-9199-4c3d-b83c-897d1c0ad536","ProcessId":1723,"Image":"C:\\Program Files\\Google\\Chrome\\Application\\chrome.exe","CommandLine":"chrome.exe","User":"DOMAIN\\user45","ParentImage":null,"ParentUser":null}
{"EventID":1,"UtcTime":"2025-03-07T23:22:09","ProcessGuid":"74b0656b-66d0-417f-be92-014918d1a6d6","ProcessId":2145,"Image":"C:\\Program Files\\Ivanti\\SecureAccess\\bin\\ivantiservice.exe","CommandLine":"ivantiservice.exe -exec C:\\Windows\\System32\\conhost.exe","User":"NT AUTHORITY\\SYSTEM","ParentImage":null,"ParentUser":null}
{"EventID":1,"UtcTime":"2025-03-07T20:36:54","ProcessGuid":"69a59179-597b-44e3-b648-4cf006ad8a4a","ProcessId":1857,"Image":"C:\\Program Files\\Microsoft Office\\root\\Office16\\excel.exe","CommandLine":"excel.exe","User":"DOMAIN\\user94","ParentImage":null,"ParentUser":null}
{"EventID":1,"UtcTime":"2025-03-07T03:13:55","ProcessGuid":"d2899c4b-5c04-4eaf-af34-110a97507605","ProcessId":2496,"Image":"C:\\Windows\\System32\\WindowsPowerShell\\v1.0\\powershell.exe","CommandLine":"powershell.exe","User":"DOMAIN\\user79","ParentImage":null,"ParentUser":null}
{"EventID":1,"UtcTime":"2025-03-07T03:36:16","ProcessGuid":"38d32deb-5226-446f-b7ba-55522e550a02","ProcessId":3561,"Image":"C:\\Program Files\\Microsoft Office\\root\\Office16\\excel.exe","CommandLine":"excel.exe","User":"DOMAIN\\user41","ParentImage":null,"ParentUser":null}
{"EventID":10,"UtcTime":"2025-03-07T06:09:46","ProcessGuid":"39f6737b-8310-4a9e-b0b1-ca50d580bacc","ProcessId":8171,"Image":"C:\\Windows\\System32\\cmd.exe","CommandLine":null,"User":"NT AUTHORITY\\SYSTEM","ParentImage":"C:\\Program Files\\Ivanti\\SecureAccess\\bin\\ivantihelper.exe","ParentUser":"DOMAIN\\lowprivuser19"}
{"EventID":1,"UtcTime":"2025-03-07T08:18:09","ProcessGuid":"e1d551cd-8174-43ef-9969-f6bf0e83d16c","ProcessId":1570,"Image":"C:\\Program Files\\Microsoft Office\\root\\Office16\\excel.exe","CommandLine":"excel.exe","User":"DOMAIN\\user74","ParentImage":null,"ParentUser":null}
{"EventID":1,"UtcTime":"2025-03-07T12:33:34","ProcessGuid":"966b0b7c-6491-43d1-84dc-43d4ad7d5df3","ProcessId":4779,"Image":"C:\\Program Files\\Ivanti\\SecureAccess\\bin\\ivantiservice.exe","CommandLine":"ivantiservice.exe -exec C:\\Windows\\System32\\dllhost.exe","User":"NT AUTHORITY\\SYSTEM","ParentImage":null,"ParentUser":null}
{"EventID":1,"UtcTime":"2025-03-07T11:17:26","ProcessGuid":"a5361ab4-f335-4e42-a884-81253715747a","ProcessId":4161,"Image":"C:\\Program Files\\Google\\Chrome\\Application\\chrome.exe","CommandLine":"chrome.exe","User":"DOMAIN\\user50","ParentImage":null,"ParentUser":null}
{"EventID":1,"UtcTime":"2025-03-07T01:23:32","ProcessGuid":"7806d625-33fa-4ffc-849b-86af90bd7ded","ProcessId":2356,"Image":"C:\\Windows\\System32\\WindowsPowerShell\\v1.0\\powershell.exe","CommandLine":"powershell.exe","User":"DOMAIN\\user54","ParentImage":null,"ParentUser":null}
{"EventID":10,"UtcTime":"2025-03-07T09:42:52","ProcessGuid":"7de92055-9b69-4185-90f9-9944ed3a72c7","ProcessId":8023,"Image":"C:\\Windows\\System32\\cmd.exe","CommandLine":null,"User":"NT AUTHORITY\\SYSTEM","ParentImage":"C:\\Program Files\\Ivanti\\SecureAccess\\bin\\ivantihelper.exe","ParentUser":"DOMAIN\\lowprivuser16"}
{"EventID":1,"UtcTime":"2025-03-07T21:17:32","ProcessGuid":"0dfed192-7b63-48ed-949e-36d7187a98a9","ProcessId":3782,"Image":"C:\\Program Files\\Google\\Chrome\\Application\\chrome.exe","CommandLine":"chrome.exe","User":"DOMAIN\\user14","ParentImage":null,"ParentUser":null}
{"EventID":1,"UtcTime":"2025-03-07T14:04:27","ProcessGuid":"00a73f2a-412e-4974-9b85-57cfa4f2ba38","ProcessId":1333,"Image":"C:\\Windows\\System32\\WindowsPowerShell\\v1.0\\powershell.exe","CommandLine":"powershell.exe","User":"DOMAIN\\user64","ParentImage":null,"ParentUser":null}
{"EventID":1,"UtcTime":"2025-03-07T13:10:50","ProcessGuid":"d4cdb303-cdb2-470f-94ab-36dea29eda75","ProcessId":2586,"Image":"C:\\Program Files\\Microsoft Office\\root\\Office16\\outlook.exe","CommandLine":"outlook.exe","User":"DOMAIN\\user23","ParentImage":null,"ParentUser":null}
{"EventID":1,"UtcTime":"2025-03-07T10:44:29","ProcessGuid":"413f61ee-d018-42ff-b9ab-a3c9417dd3f3","ProcessId":1064,"Image":"C:\\Windows\\System32\\WindowsPowerShell\\v1.0\\powershell.exe","CommandLine":"powershell.exe","User":"DOMAIN\\user69","ParentImage":null,"ParentUser":null}
{"EventID":1,"UtcTime":"2025-03-07T21:27:20","ProcessGuid":"830597b1-8042-43fd-82a6-e8219d125e7a","ProcessId":3417,"Image":"C:\\Windows\\explorer.exe","CommandLine":"explorer.exe","User":"DOMAIN\\user2","ParentImage":null,"ParentUser":null}
{"EventID":1,"UtcTime":"2025-03-07T16:01:40","ProcessGuid":"c27c1b15-5d97-4342-9d75-d97c3454bf16","ProcessId":4869,"Image":"C:\\Program Files\\Google\\Chrome\\Application\\chrome.exe","CommandLine":"chrome.exe","User":"DOMAIN\\user25","ParentImage":null,"ParentUser":null}
{"EventID":1,"UtcTime":"2025-03-07T02:31:08","ProcessGuid":"ce36cb45-04a9-450d-8ec0-d3d8f216b8e0","ProcessId":2388,"Image":"C:\\Program Files\\Microsoft Office\\root\\Office16\\winword.exe","CommandLine":"word.exe","User":"DOMAIN\\user3","ParentImage":null,"ParentUser":null}
{"EventID":1,"UtcTime":"2025-03-07T09:15:36","ProcessGuid":"d5e0acd2-4b83-4994-aa1a-8e52b0687745","ProcessId":2085,"Image":"C:\\Program Files\\Microsoft Office\\root\\Office16\\winword.exe","CommandLine":"word.exe","User":"DOMAIN\\user97","ParentImage":null,"ParentUser":null}
{"EventID":1,"UtcTime":"2025-03-07T12:43:52","ProcessGuid":"5e1b804b-37e2-43b9-ba93-2ad211b424c2","ProcessId":3811,"Image":"C:\\Windows\\explorer.exe","CommandLine":"explorer.exe","User":"DOMAIN\\user48","ParentImage":null,"ParentUser":null}
{"EventID":10,"UtcTime":"2025-03-07T12:07:56","ProcessGuid":"be64093d-095c-4077-955d-675112c7df9b","ProcessId":7633,"Image":"C:\\Windows\\System32\\cmd.exe","CommandLine":null,"User":"NT AUTHORITY\\SYSTEM","ParentImage":"C:\\Program Files\\Ivanti\\SecureAccess\\bin\\ivantihelper.exe","ParentUser":"DOMAIN\\lowprivuser1"}
{"EventID":1,"UtcTime":"2025-03-07T17:34:27","ProcessGuid":"8e4c394d-d19c-4489-ae3e-ff1975e40048","ProcessId":4682,"Image":"C:\\Program Files\\Microsoft Office\\root\\Office16\\outlook.exe","CommandLine":"outlook.exe","User":"DOMAIN\\user65","ParentImage":null,"ParentUser":null}
{"EventID":1,"UtcTime":"2025-03-07T07:02:00","ProcessGuid":"89288751-bc7c-4d7c-ace5-662c7b254232","ProcessId":1119,"Image":"C:\\Program Files\\Google\\Chrome\\Application\\chrome.exe","CommandLine":"chrome.exe","User":"DOMAIN\\user87","ParentImage":null,"ParentUser":null}
{"EventID":1,"UtcTime":"2025-03-07T03:53:48","ProcessGuid":"d6e0fdb6-a270-41cb-bc8b-0f6e92be831d","ProcessId":3519,"Image":"C:\\Program Files\\Microsoft Office\\root\\Office16\\excel.exe","CommandLine":"excel.exe","User":"DOMAIN\\user84","ParentImage":null,"ParentUser":null}
{"EventID":1,"UtcTime":"2025-03-07T14:18:28","ProcessGuid":"b9d19a1c-3f73-4725-8600-4c140872460e","ProcessId":1974,"Image":"C:\\Program Files\\Microsoft Office\\root\\Office16\\outlook.exe","CommandLine":"outlook.exe","User":"DOMAIN\\user51","ParentImage":null,"ParentUser":null}
{"EventID":1,"UtcTime":"2025-03-07T05:00:09","ProcessGuid":"b2af1b6a-f5c6-4e2b-baa2-b2030e58a1b3","ProcessId":4854,"Image":"C:\\Program Files\\Google\\Chrome\\Application\\chrome.exe","CommandLine":"chrome.exe","User":"DOMAIN\\user32","ParentImage":null,"ParentUser":null}
{"EventID":1,"UtcTime":"2025-03-07T06:43:39","ProcessGuid":"48d0cd5e-9794-4910-9963-939f1976a99d","ProcessId":1788,"Image":"C:\\Program Files\\Google\\Chrome\\Application\\chrome.exe","CommandLine":"chrome.exe","User":"DOMAIN\\user94","ParentImage":null,"ParentUser":null}
{"EventID":1,"UtcTime":"2025-03-07T01:05:18","ProcessGuid":"3478442e-08c1-41ac-bb14-c30c03b7e441","ProcessId":2688,"Image":"C:\\Program Files\\Microsoft Office\\root\\Office16\\excel.exe","CommandLine":"excel.exe","User":"DOMAIN\\user15","ParentImage":null,"ParentUser":null}
{"EventID":1,"UtcTime":"2025-03-07T03:12:31","ProcessGuid":"22afe797-d4ea-4bba-8a85-479c61cf4cc8","ProcessId":2748,"Image":"C:\\Program Files\\Ivanti\\SecureAccess\\bin\\ivantiservice.exe","CommandLine":"ivantiservice.exe -exec C:\\Windows\\System32\\winlogon.exe","User":"NT AUTHORITY\\SYSTEM","ParentImage":null,"ParentUser":null}
{"EventID":1,"UtcTime":"2025-03-07T23:33:41","ProcessGuid":"fea287fc-0c4c-4c38-94a0-22ef33f3a0d3","ProcessId":2268,"Image":"C:\\Program Files\\Microsoft Office\\root\\Office16\\excel.exe","CommandLine":"excel.exe","User":"DOMAIN\\user75","ParentImage":null,"ParentUser":null}
{"EventID":1,"UtcTime":"2025-03-07T00:29:03","ProcessGuid":"b2c84595-1b62-456e-8f6a-dab9d94842fc","ProcessId":1717,"Image":"C:\\Windows\\explorer.exe","CommandLine":"explorer.exe","User":"DOMAIN\\user54","ParentImage":null,"ParentUser":null}
{"EventID":1,"UtcTime":"2025-03-07T16:38:57","ProcessGuid":"29c07a61-5613-425f-9e30-5fbad6ce94d9","ProcessId":2204,"Image":"C:\\Program Files\\Ivanti\\SecureAccess\\bin\\ivantiservice.exe","CommandLine":"ivantiservice.exe -exec C:\\Windows\\System32\\conhost.exe","User":"NT AUTHORITY\\SYSTEM","ParentImage":null,"ParentUser":null}
{"EventID":1,"UtcTime":"2025-03-07T22:54:03","ProcessGuid":"f0adfd0a-08f2-45d3-b5ed-f090ef6a9835","ProcessId":3032,"Image":"C:\\Program Files\\Google\\Chrome\\Application\\chrome.exe","CommandLine":"chrome.exe","User":"DOMAIN\\user37","ParentImage":null,"ParentUser":null}
{"EventID":1,"UtcTime":"2025-03-07T09:58:32","ProcessGuid":"087cb0e7-9e5c-446a-a40e-8a9d2722f9d4","ProcessId":2836,"Image":"C:\\Program Files\\Microsoft Office\\root\\Office16\\winword.exe","CommandLine":"word.exe","User":"DOMAIN\\user87","ParentImage":null,"ParentUser":null}
{"EventID":10,"UtcTime":"2025-03-07T14:54:52","ProcessGuid":"70c68067-5d5e-4897-b47b-c26f98e26f4d","ProcessId":8004,"Image":"C:\\Windows\\System32\\cmd.exe","CommandLine":null,"User":"NT AUTHORITY\\SYSTEM","ParentImage":"C:\\Program Files\\Ivanti\\SecureAccess\\bin\\ivantihelper.exe","ParentUser":"DOMAIN\\lowprivuser18"}
{"EventID":1,"UtcTime":"2025-03-07T04:40:55","ProcessGuid":"715ce422-159f-4c3d-a95e-1a5c641c728e","ProcessId":3321,"Image":"C:\\Windows\\System32\\WindowsPowerShell\\v1.0\\powershell.exe","CommandLine":"powershell.exe","User":"DOMAIN\\user91","ParentImage":null,"ParentUser":null}
{"EventID":1,"UtcTime":"2025-03-07T22:00:56","ProcessGuid":"3bb70d20-4c04-4685-9b22-e2a9fd7f66e9","ProcessId":4983,"Image":"C:\\Program Files\\Microsoft Office\\root\\Office16\\outlook.exe","CommandLine":"outlook.exe","User":"DOMAIN\\user57","ParentImage":null,"ParentUser":null}
{"EventID":1,"UtcTime":"2025-03-07T13:17:15","ProcessGuid":"3a664636-aa52-423a-9170-03ca298a8bba","ProcessId":2158,"Image":"C:\\Program Files\\Microsoft Office\\root\\Office16\\outlook.exe","CommandLine":"outlook.exe","User":"DOMAIN\\user40","ParentImage":null,"ParentUser":null}
{"EventID":1,"UtcTime":"2025-03-07T00:04:07","ProcessGuid":"6c5ba0e2-c641-4c37-ade6-c40d6e2a3472","ProcessId":3404,"Image":"C:\\Program Files\\Microsoft Office\\root\\Office16\\outlook.exe","CommandLine":"outlook.exe","User":"DOMAIN\\user71","ParentImage":null,"ParentUser":null}
{"EventID":1,"UtcTime":"2025-03-07T18:39:45","ProcessGuid":"c60e57d2-24dc-48d4-a5ab-c926f334335c","ProcessId":4903,"Image":"C:\\Program Files\\Google\\Chrome\\Application\\chrome.exe","CommandLine":"chrome.exe","User":"DOMAIN\\user35","ParentImage":null,"ParentUser":null}
{"EventID":1,"UtcTime":"2025-03-07T21:59:08","ProcessGuid":"1cc9d833-64be-4405-81d2-5a68d41f9aae","ProcessId":4181,"Image":"C:\\Program Files\\Microsoft Office\\root\\Office16\\winword.exe","CommandLine":"word.exe","User":"DOMAIN\\user24","ParentImage":null,"ParentUser":null}
{"EventID":1,"UtcTime":"2025-03-07T11:56:32","ProcessGuid":"ced9ec1b-7e67-4f84-8db3-753351bc2935","ProcessId":1380,"Image":"C:\\Windows\\explorer.exe","CommandLine":"explorer.exe","User":"DOMAIN\\user99","ParentImage":null,"ParentUser":null}
{"EventID":1,"UtcTime":"2025-03-07T02:23:34","ProcessGuid":"9b2ec8e0-a875-434d-b4e9-a6753beb9ce2","ProcessId":2059,"Image":"C:\\Program Files\\Ivanti\\SecureAccess\\bin\\ivantiservice.exe","CommandLine":"ivantiservice.exe -exec C:\\Windows\\System32\\calc.exe","User":"NT AUTHORITY\\SYSTEM","ParentImage":null,"ParentUser":null}
{"EventID":1,"UtcTime":"2025-03-07T14:04:51","ProcessGuid":"4c091cca-c68e-45d4-9b79-75fa45737379","ProcessId":2413,"Image":"C:\\Program Files\\Ivanti\\SecureAccess\\bin\\ivantiservice.exe","CommandLine":"ivantiservice.exe -exec C:\\Windows\\System32\\services.exe","User":"NT AUTHORITY\\SYSTEM","ParentImage":null,"ParentUser":null}
{"EventID":1,"UtcTime":"2025-03-07T07:45:12","ProcessGuid":"44f549f2-559f-463a-87bb-61b33ce18713","ProcessId":1664,"Image":"C:\\Windows\\System32\\WindowsPowerShell\\v1.0\\powershell.exe","CommandLine":"powershell.exe","User":"DOMAIN\\user90","ParentImage":null,"ParentUser":null}
{"EventID":1,"UtcTime":"2025-03-07T19:17:07","ProcessGuid":"e15fdea8-3acb-4f3b-bc7e-eda0a7420d44","ProcessId":4010,"Image":"C:\\Windows\\System32\\WindowsPowerShell\\v1.0\\powershell.exe","CommandLine":"powershell.exe","User":"DOMAIN\\user44","ParentImage":null,"ParentUser":null}
{"EventID":1,"UtcTime":"2025-03-07T21:45:12","ProcessGuid":"14ec321f-0c4c-4a0b-9d2f-4aa403f67589","ProcessId":1580,"Image":"C:\\Program Files\\Microsoft Office\\root\\Office16\\outlook.exe","CommandLine":"outlook.exe","User":"DOMAIN\\user31","ParentImage":null,"ParentUser":null}
{"EventID":1,"UtcTime":"2025-03-07T16:26:27","ProcessGuid":"63c823ea-67ad-49ff-8923-71b093d3cfe9","ProcessId":2175,"Image":"C:\\Program Files\\Microsoft Office\\root\\Office16\\winword.exe","CommandLine":"word.exe","User":"DOMAIN\\user79","ParentImage":null,"ParentUser":null}
{"EventID":1,"UtcTime":"2025-03-07T23:21:38","ProcessGuid":"961ff784-789d-4a0a-8760-1968d26d3a3f","ProcessId":2017,"Image":"C:\\Windows\\System32\\WindowsPowerShell\\v1.0\\powershell.exe","CommandLine":"powershell.exe","User":"DOMAIN\\user78","ParentImage":null,"ParentUser":null}
{"EventID":1,"UtcTime":"2025-03-07T03:03:12","ProcessGuid":"578caf08-ea0a-4f99-98db-655927f419fe","ProcessId":1473,"Image":"C:\\Program Files\\Google\\Chrome\\Application\\chrome.exe","CommandLine":"chrome.exe","User":"DOMAIN\\user52","ParentImage":null,"ParentUser":null}
{"EventID":1,"UtcTime":"2025-03-07T23:39:36","ProcessGuid":"563c5808-a333-4575-a6fd-5ec37821ae98","ProcessId":2384,"Image":"C:\\Program Files\\Microsoft Office\\root\\Office16\\winword.exe","CommandLine":"word.exe","User":"DOMAIN\\user5","ParentImage":null,"ParentUser":null}
{"EventID":1,"UtcTime":"2025-03-07T05:56:30","ProcessGuid":"a335a91f-3e13-44a4-8666-5d9ee5c6eed8","ProcessId":4112,"Image":"C:\\Windows\\System32\\WindowsPowerShell\\v1.0\\powershell.exe","CommandLine":"powershell.exe","User":"DOMAIN\\user74","ParentImage":null,"ParentUser":null}
{"EventID":1,"UtcTime":"2025-03-07T06:23:45","ProcessGuid":"dcaf76b9-36a4-40ff-ab24-d4a540943130","ProcessId":4435,"Image":"C:\\Windows\\System32\\WindowsPowerShell\\v1.0\\powershell.exe","CommandLine":"powershell.exe","User":"DOMAIN\\user21","ParentImage":null,"ParentUser":null}
{"EventID":1,"UtcTime":"2025-03-07T13:00:42","ProcessGuid":"ed27f5b4-970d-4c40-8750-73b73c14ae8f","ProcessId":3907,"Image":"C:\\Program Files\\Microsoft Office\\root\\Office16\\excel.exe","CommandLine":"excel.exe","User":"DOMAIN\\user98","ParentImage":null,"ParentUser":null}
{"EventID":1,"UtcTime":"2025-03-07T21:22:14","ProcessGuid":"550fc18c-ef68-46e0-a8ab-74237eae4336","ProcessId":3526,"Image":"C:\\Program Files\\Microsoft Office\\root\\Office16\\winword.exe","CommandLine":"word.exe","User":"DOMAIN\\user3","ParentImage":null,"ParentUser":null}
{"EventID":10,"UtcTime":"2025-03-07T06:15:43","ProcessGuid":"19721a3f-ea69-431c-bb41-a8cb737358fe","ProcessId":5280,"Image":"C:\\Windows\\System32\\cmd.exe","CommandLine":null,"User":"NT AUTHORITY\\SYSTEM","ParentImage":"C:\\Program Files\\Ivanti\\SecureAccess\\bin\\ivantihelper.exe","ParentUser":"DOMAIN\\lowprivuser34"}
{"EventID":1,"UtcTime":"2025-03-07T12:48:21","ProcessGuid":"45685ab5-12bd-49fa-ab77-57b425e55c08","ProcessId":2901,"Image":"C:\\Program Files\\Microsoft Office\\root\\Office16\\excel.exe","CommandLine":"excel.exe","User":"DOMAIN\\user88","ParentImage":null,"ParentUser":null}
{"EventID":1,"UtcTime":"2025-03-07T08:57:25","ProcessGuid":"58224449-091b-4388-b34f-be072e9c57bb","ProcessId":5000,"Image":"C:\\Program Files\\Microsoft Office\\root\\Office16\\winword.exe","CommandLine":"word.exe","User":"DOMAIN\\user27","ParentImage":null,"ParentUser":null}
{"EventID":1,"UtcTime":"2025-03-07T09:56:39","ProcessGuid":"a0fdb0ec-dce5-476a-ad80-ab0699091d4a","ProcessId":1131,"Image":"C:\\Windows\\System32\\WindowsPowerShell\\v1.0\\powershell.exe","CommandLine":"powershell.exe","User":"DOMAIN\\user53","ParentImage":null,"ParentUser":null}
{"EventID":1,"UtcTime":"2025-03-07T03:52:33","ProcessGuid":"6982fd9f-dee1-49e6-8c26-0cad1c25b8e2","ProcessId":4489,"Image":"C:\\Program Files\\Microsoft Office\\root\\Office16\\excel.exe","CommandLine":"excel.exe","User":"DOMAIN\\user93","ParentImage":null,"ParentUser":null}
{"EventID":1,"UtcTime":"2025-03-07T11:45:31","ProcessGuid":"8e932ee3-02b3-4a42-a2ba-e398ce7d9358","ProcessId":2788,"Image":"C:\\Program Files\\Microsoft Office\\root\\Office16\\outlook.exe","CommandLine":"outlook.exe","User":"DOMAIN\\user93","ParentImage":null,"ParentUser":null}
{"EventID":1,"UtcTime":"2025-03-07T19:54:52","ProcessGuid":"26eadb35-b268-47d7-a0b0-f17d844fa5bb","ProcessId":4475,"Image":"C:\\Windows\\System32\\WindowsPowerShell\\v1.0\\powershell.exe","CommandLine":"powershell.exe","User":"DOMAIN\\user15","ParentImage":null,"ParentUser":null}
{"EventID":1,"UtcTime":"2025-03-07T14:07:56","ProcessGuid":"f0d59a62-0557-4a58-a72c-212c45a0cfbe","ProcessId":4888,"Image":"C:\\Windows\\System32\\WindowsPowerShell\\v1.0\\powershell.exe","CommandLine":"powershell.exe","User":"DOMAIN\\user62","ParentImage":null,"ParentUser":null}
{"EventID":1,"UtcTime":"2025-03-07T01:26:40","ProcessGuid":"8259e5b2-44bb-4b2f-98d0-70c75fa7e394","ProcessId":3764,"Image":"C:\\Windows\\explorer.exe","CommandLine":"explorer.exe","User":"DOMAIN\\user40","ParentImage":null,"ParentUser":null}
{"EventID":1,"UtcTime":"2025-03-07T15:09:20","ProcessGuid":"1d4a4dcb-7575-434e-a57a-ab068a7ac0e2","ProcessId":2671,"Image":"C:\\Program Files\\Microsoft Office\\root\\Office16\\excel.exe","CommandLine":"excel.exe","User":"DOMAIN\\user45","ParentImage":null,"ParentUser":null}
{"EventID":1,"UtcTime":"2025-03-07T01:24:43","ProcessGuid":"d96d586c-ea82-4f3f-9096-fd225950e4c9","ProcessId":2257,"Image":"C:\\Program Files\\Microsoft Office\\root\\Office16\\winword.exe","CommandLine":"word.exe","User":"DOMAIN\\user13","ParentImage":null,"ParentUser":null}
{"EventID":10,"UtcTime":"2025-03-07T00:50:06","ProcessGuid":"30b563b2-cad7-43ed-aab6-f698dafff8aa","ProcessId":8947,"Image":"C:\\Windows\\System32\\cmd.exe","CommandLine":null,"User":"NT AUTHORITY\\SYSTEM","ParentImage":"C:\\Program Files\\Ivanti\\SecureAccess\\bin\\ivantihelper.exe","ParentUser":"DOMAIN\\lowprivuser37"}
{"EventID":1,"UtcTime":"2025-03-07T17:19:22","ProcessGuid":"63374326-2bc8-4ac6-9f20-9dd79831a1c6","ProcessId":4403,"Image":"C:\\Program Files\\Microsoft Office\\root\\Office16\\winword.exe","CommandLine":"word.exe","User":"DOMAIN\\user75","ParentImage":null,"ParentUser":null}
{"EventID":1,"UtcTime":"2025-03-07T14:41:39","ProcessGuid":"5c98424e-0ff6-40b6-804d-922145121a40","ProcessId":3197,"Image":"C:\\Windows\\System32\\WindowsPowerShell\\v1.0\\powershell.exe","CommandLine":"powershell.exe","User":"DOMAIN\\user79","ParentImage":null,"ParentUser":null}
{"EventID":1,"UtcTime":"2025-03-07T00:41:58","ProcessGuid":"253b2764-c39e-43aa-8bfa-b71781d469b3","ProcessId":1603,"Image":"C:\\Program Files\\Ivanti\\SecureAccess\\bin\\ivantiservice.exe","CommandLine":"ivantiservice.exe -exec C:\\Windows\\System32\\rundll32.exe","User":"NT AUTHORITY\\SYSTEM","ParentImage":null,"ParentUser":null}
{"EventID":1,"UtcTime":"2025-03-07T18:30:04","ProcessGuid":"bae06c52-bd6c-46ca-ad5b-e801b09a8662","ProcessId":1395,"Image":"C:\\Program Files\\Microsoft Office\\root\\Office16\\excel.exe","CommandLine":"excel.exe","User":"DOMAIN\\user15","ParentImage":null,"ParentUser":null}
{"EventID":1,"UtcTime":"2025-03-07T21:01:21","ProcessGuid":"1338d1f2-1ba6-4203-b1d4-49d8bfd399d2","ProcessId":4542,"Image":"C:\\Windows\\System32\\WindowsPowerShell\\v1.0\\powershell.exe","CommandLine":"powershell.exe","User":"DOMAIN\\user92","ParentImage":null,"ParentUser":null}
{"EventID":1,"UtcTime":"2025-03-07T03:26:19","ProcessGuid":"5c567ecb-cf50-4d5b-9089-0f5538961d0c","ProcessId":3648,"Image":"C:\\Program Files\\Microsoft Office\\root\\Office16\\winword.exe","CommandLine":"word.exe","User":"DOMAIN\\user18","ParentImage":null,"ParentUser":null}
{"EventID":1,"UtcTime":"2025-03-07T23:02:10","ProcessGuid":"fbf830e2-cb28-4710-a661-4169e78d28c3","ProcessId":4206,"Image":"C:\\Windows\\System32\\WindowsPowerShell\\v1.0\\powershell.exe","CommandLine":"powershell.exe","User":"DOMAIN\\user21","ParentImage":null,"ParentUser":null}
{"EventID":1,"UtcTime":"2025-03-07T21:09:14","ProcessGuid":"8624eb1c-8b55-48da-8662-8d8b46924a12","ProcessId":1277,"Image":"C:\\Program Files\\Microsoft Office\\root\\Office16\\excel.exe","CommandLine":"excel.exe","User":"DOMAIN\\user1","ParentImage":null,"ParentUser":null}
{"EventID":1,"UtcTime":"2025-03-07T19:22:38","ProcessGuid":"c4700665-4af3-4842-b750-bb44ed60b380","ProcessId":1160,"Image":"C:\\Program Files\\Microsoft Office\\root\\Office16\\excel.exe","CommandLine":"excel.exe","User":"DOMAIN\\user63","ParentImage":null,"ParentUser":null}
{"EventID":1,"UtcTime":"2025-03-07T12:24:23","ProcessGuid":"925d269e-d26b-4f14-afc7-da03dd951fbb","ProcessId":2845,"Image":"C:\\Program Files\\Microsoft Office\\root\\Office16\\outlook.exe","CommandLine":"outlook.exe","User":"DOMAIN\\user60","ParentImage":null,"ParentUser":null}
{"EventID":1,"UtcTime":"2025-03-07T02:16:57","ProcessGuid":"80a725d1-d62b-4768-aec1-ec75cf8d8d97","ProcessId":2272,"Image":"C:\\Program Files\\Google\\Chrome\\Application\\chrome.exe","CommandLine":"chrome.exe","User":"DOMAIN\\user75","ParentImage":null,"ParentUser":null}
{"EventID":10,"UtcTime":"2025-03-07T19:12:17","ProcessGuid":"1ba0f43d-4012-43a2-b710-3dc98566a07f","ProcessId":8595,"Image":"C:\\Windows\\System32\\cmd.exe","CommandLine":null,"User":"NT AUTHORITY\\SYSTEM","ParentImage":"C:\\Program Files\\Ivanti\\SecureAccess\\bin\\ivantihelper.exe","ParentUser":"DOMAIN\\lowprivuser29"}
{"EventID":1,"UtcTime":"2025-03-07T10:59:31","ProcessGuid":"b02b132d-0d02-4639-909d-639e2ecb8866","ProcessId":3508,"Image":"C:\\Program Files\\Ivanti\\SecureAccess\\bin\\ivantiservice.exe","CommandLine":"ivantiservice.exe -exec C:\\Windows\\System32\\winlogon.exe","User":"NT AUTHORITY\\SYSTEM","ParentImage":null,"ParentUser":null}
{"EventID":1,"UtcTime":"2025-03-07T10:14:31","ProcessGuid":"e5a98477-45d7-4aeb-b5bf-a6f92f5ad474","ProcessId":4339,"Image":"C:\\Windows\\explorer.exe","CommandLine":"explorer.exe","User":"DOMAIN\\user58","ParentImage":null,"ParentUser":null}
{"EventID":1,"UtcTime":"2025-03-07T04:56:37","ProcessGuid":"db0e66dc-ffe6-438b-b20b-11dd315acb62","ProcessId":2206,"Image":"C:\\Program Files\\Microsoft Office\\root\\Office16\\winword.exe","CommandLine":"word.exe","User":"DOMAIN\\user47","ParentImage":null,"ParentUser":null}
{"EventID":1,"UtcTime":"2025-03-07T18:19:58","ProcessGuid":"8ff38b77-5d69-4b38-8522-a86103a22788","ProcessId":3714,"Image":"C:\\Program Files\\Ivanti\\SecureAccess\\bin\\ivantiservice.exe","CommandLine":"ivantiservice.exe -exec C:\\Windows\\System32\\dllhost.exe","User":"NT AUTHORITY\\SYSTEM","ParentImage":null,"ParentUser":null}
{"EventID":1,"UtcTime":"2025-03-07T20:45:32","ProcessGuid":"4efc0f35-af03-4330-a717-92b77cb7e34e","ProcessId":4638,"Image":"C:\\Windows\\System32\\WindowsPowerShell\\v1.0\\powershell.exe","CommandLine":"powershell.exe","User":"DOMAIN\\user81","ParentImage":null,"ParentUser":null}
{"EventID":1,"UtcTime":"2025-03-07T05:32:25","ProcessGuid":"cad28ff7-12b5-40fc-8f1f-415973590dbc","ProcessId":1867,"Image":"C:\\Windows\\System32\\WindowsPowerShell\\v1.0\\powershell.exe","CommandLine":"powershell.exe","User":"DOMAIN\\user97","ParentImage":null,"ParentUser":null}
{"EventID":1,"UtcTime":"2025-03-07T22:19:03","ProcessGuid":"b47b1f50-f308-4fef-839f-6b42f0010c95","ProcessId":2889,"Image":"C:\\Program Files\\Microsoft Office\\root\\Office16\\excel.exe","CommandLine":"excel.exe","User":"DOMAIN\\user15","ParentImage":null,"ParentUser":null}
{"EventID":1,"UtcTime":"2025-03-07T10:35:21","ProcessGuid":"a639d8c2-f7a7-42a3-8023-b1499d94490b","ProcessId":1819,"Image":"C:\\Program Files\\Microsoft Office\\root\\Office16\\winword.exe","CommandLine":"word.exe","User":"DOMAIN\\user33","ParentImage":null,"ParentUser":null}
{"EventID":10,"UtcTime":"2025-03-07T07:50:19","ProcessGuid":"d25cf72b-1223-48d8-a4f3-b9e8e32bc149","ProcessId":7037,"Image":"C:\\Windows\\System32\\cmd.exe","CommandLine":null,"User":"NT AUTHORITY\\SYSTEM","ParentImage":"C:\\Program Files\\Ivanti\\SecureAccess\\bin\\ivantihelper.exe","ParentUser":"DOMAIN\\lowprivuser50"}
{"EventID":1,"UtcTime":"2025-03-07T00:46:46","ProcessGuid":"e79aa539-9eaa-4345-be00-8e223e26e178","ProcessId":2474,"Image":"C:\\Program Files\\Microsoft Office\\root\\Office16\\winword.exe","CommandLine":"word.exe","User":"DOMAIN\\user1","ParentImage":null,"ParentUser":null}
{"EventID":1,"UtcTime":"2025-03-07T01:20:14","ProcessGuid":"d450e293-053c-4417-afe7-6c6666cccf51","ProcessId":2120,"Image":"C:\\Program Files\\Microsoft Office\\root\\Office16\\excel.exe","CommandLine":"excel.exe","User":"DOMAIN\\user84","ParentImage":null,"ParentUser":null}
{"EventID":1,"UtcTime":"2025-03-07T08:23:57","ProcessGuid":"dc5ccef5-930b-43fe-ac39-5f4cfb626669","ProcessId":2938,"Image":"C:\\Program Files\\Microsoft Office\\root\\Office16\\outlook.exe","CommandLine":"outlook.exe","User":"DOMAIN\\user21","ParentImage":null,"ParentUser":null}
{"EventID":1,"UtcTime":"2025-03-07T11:41:53","ProcessGuid":"c9952508-ce3f-4cdf-9b44-45c1feede6e0","ProcessId":2284,"Image":"C:\\Program Files\\Microsoft Office\\root\\Office16\\winword.exe","CommandLine":"word.exe","User":"DOMAIN\\user32","ParentImage":null,"ParentUser":null}
{"EventID":10,"UtcTime":"2025-03-07T07:06:28","ProcessGuid":"2d5f6d4f-f192-45a2-a658-82b59eea61e8","ProcessId":5688,"Image":"C:\\Windows\\System32\\cmd.exe","CommandLine":null,"User":"NT AUTHORITY\\SYSTEM","ParentImage":"C:\\Program Files\\Ivanti\\SecureAccess\\bin\\ivantihelper.exe","ParentUser":"DOMAIN\\lowprivuser33"}
{"EventID":1,"UtcTime":"2025-03-07T18:42:53","ProcessGuid":"c8a84653-cb9f-4216-b2d2-91a8efb3b355","ProcessId":1707,"Image":"C:\\Windows\\System32\\WindowsPowerShell\\v1.0\\powershell.exe","CommandLine":"powershell.exe","User":"DOMAIN\\user83","ParentImage":null,"ParentUser":null}
{"EventID":1,"UtcTime":"2025-03-07T18:11:48","ProcessGuid":"01e5d25b-6ec1-4f76-9ad6-78b46690f6c5","ProcessId":1092,"Image":"C:\\Program Files\\Microsoft Office\\root\\Office16\\excel.exe","CommandLine":"excel.exe","User":"DOMAIN\\user34","ParentImage":null,"ParentUser":null}
{"EventID":1,"UtcTime":"2025-03-07T20:08:34","ProcessGuid":"6f493ceb-4c19-46ee-afd3-5cf996ecd74c","ProcessId":2411,"Image":"C:\\Program Files\\Microsoft Office\\root\\Office16\\outlook.exe","CommandLine":"outlook.exe","User":"DOMAIN\\user71","ParentImage":null,"ParentUser":null}
{"EventID":10,"UtcTime":"2025-03-07T19:09:48","ProcessGuid":"7c45bcbd-dd5a-427b-b70e-92af6a6bc829","ProcessId":5342,"Image":"C:\\Windows\\System32\\cmd.exe","CommandLine":null,"User":"NT AUTHORITY\\SYSTEM","ParentImage":"C:\\Program Files\\Ivanti\\SecureAccess\\bin\\ivantihelper.exe","ParentUser":"DOMAIN\\lowprivuser44"}
{"EventID":1,"UtcTime":"2025-03-07T19:46:07","ProcessGuid":"bb072708-5e12-47e4-bb86-d3e4df1286f5","ProcessId":3004,"Image":"C:\\Windows\\System32\\WindowsPowerShell\\v1.0\\powershell.exe","CommandLine":"powershell.exe","User":"DOMAIN\\user27","ParentImage":null,"ParentUser":null}
{"EventID":10,"UtcTime":"2025-03-07T09:11:44","ProcessGuid":"694dd8ce-5339-4947-969c-82b588ed0a00","ProcessId":7162,"Image":"C:\\Windows\\System32\\cmd.exe","CommandLine":null,"User":"NT AUTHORITY\\SYSTEM","ParentImage":"C:\\Program Files\\Ivanti\\SecureAccess\\bin\\ivantihelper.exe","ParentUser":"DOMAIN\\lowprivuser26"}
{"EventID":1,"UtcTime":"2025-03-07T00:46:39","ProcessGuid":"8d1d0606-2fd7-49a1-8aa7-a65c532cba0d","ProcessId":4358,"Image":"C:\\Program Files\\Microsoft Office\\root\\Office16\\excel.exe","CommandLine":"excel.exe","User":"DOMAIN\\user1","ParentImage":null,"ParentUser":null}
{"EventID":1,"UtcTime":"2025-03-07T17:20:57","ProcessGuid":"24038783-b51b-416f-8e51-701b1b533a2f","ProcessId":4288,"Image":"C:\\Program Files\\Microsoft Office\\root\\Office16\\winword.exe","CommandLine":"word.exe","User":"DOMAIN\\user28","ParentImage":null,"ParentUser":null}
{"EventID":1,"UtcTime":"2025-03-07T22:17:07","ProcessGuid":"c8fb1f68-d53a-4239-9100-67de6fbd2b89","ProcessId":1397,"Image":"C:\\Windows\\explorer.exe","CommandLine":"explorer.exe","User":"DOMAIN\\user30","ParentImage":null,"ParentUser":null}
{"EventID":1,"UtcTime":"2025-03-07T05:04:26","ProcessGuid":"2501cbd9-6342-47c3-9dff-77c5502d70d9","ProcessId":4083,"Image":"C:\\Windows\\explorer.exe","CommandLine":"explorer.exe","User":"DOMAIN\\user12","ParentImage":null,"ParentUser":null}
{"EventID":1,"UtcTime":"2025-03-07T21:29:19","ProcessGuid":"38f8bf61-2d98-4f0a-875e-ab44f1b9ab85","ProcessId":4225,"Image":"C:\\Windows\\System32\\WindowsPowerShell\\v1.0\\powershell.exe","CommandLine":"powershell.exe","User":"DOMAIN\\user63","ParentImage":null,"ParentUser":null}
{"EventID":1,"UtcTime":"2025-03-07T07:34:38","ProcessGuid":"2a0ba0b9-54f8-4b56-b726-23c369769f51","ProcessId":3383,"Image":"C:\\Program Files\\Microsoft Office\\root\\Office16\\outlook.exe","CommandLine":"outlook.exe","User":"DOMAIN\\user94","ParentImage":null,"ParentUser":null}
{"EventID":1,"UtcTime":"2025-03-07T23:44:48","ProcessGuid":"f610d8b6-113e-47d2-ba7d-f75cf2aeecdd","ProcessId":3343,"Image":"C:\\Windows\\System32\\WindowsPowerShell\\v1.0\\powershell.exe","CommandLine":"powershell.exe","User":"DOMAIN\\user56","ParentImage":null,"ParentUser":null}
{"EventID":1,"UtcTime":"2025-03-07T05:38:01","ProcessGuid":"74f5a7b8-7f29-4028-aa71-0353b1b487b1","ProcessId":4423,"Image":"C:\\Program Files\\Ivanti\\SecureAccess\\bin\\ivantiservice.exe","CommandLine":"ivantiservice.exe -exec C:\\Windows\\System32\\conhost.exe","User":"NT AUTHORITY\\SYSTEM","ParentImage":null,"ParentUser":null}
{"EventID":1,"UtcTime":"2025-03-07T18:40:31","ProcessGuid":"44ca70a1-ba58-42f6-b2a5-caef89e90579","ProcessId":4844,"Image":"C:\\Program Files\\Microsoft Office\\root\\Office16\\outlook.exe","CommandLine":"outlook.exe","User":"DOMAIN\\user89","ParentImage":null,"ParentUser":null}
{"EventID":1,"UtcTime":"2025-03-07T11:17:33","ProcessGuid":"af2bca61-5a21-4dde-8d97-d9eae1a3b658","ProcessId":3181,"Image":"C:\\Windows\\System32\\WindowsPowerShell\\v1.0\\powershell.exe","CommandLine":"powershell.exe","User":"DOMAIN\\user34","ParentImage":null,"ParentUser":null}
{"EventID":1,"UtcTime":"2025-03-07T14:28:47","ProcessGuid":"7d5b027e-2ea1-4521-b13a-b231dd38cef9","ProcessId":1055,"Image":"C:\\Program Files\\Ivanti\\SecureAccess\\bin\\ivantiservice.exe","CommandLine":"ivantiservice.exe -exec C:\\Windows\\System32\\rundll32.exe","User":"NT AUTHORITY\\SYSTEM","ParentImage":null,"ParentUser":null}
{"EventID":1,"UtcTime":"2025-03-07T09:18:18","ProcessGuid":"1ea29d01-fca7-4715-8920-f344bdc68b4a","ProcessId":4884,"Image":"C:\\Program Files\\Ivanti\\SecureAccess\\bin\\ivantiservice.exe","CommandLine":"ivantiservice.exe -exec C:\\Windows\\System32\\services.exe","User":"NT AUTHORITY\\SYSTEM","ParentImage":null,"ParentUser":null}
{"EventID":1,"UtcTime":"2025-03-07T23:49:36","ProcessGuid":"59ab2801-3f59-4e07-b89a-92e132731f1e","ProcessId":4576,"Image":"C:\\Windows\\explorer.exe","CommandLine":"explorer.exe","User":"DOMAIN\\user22","ParentImage":null,"ParentUser":null}
{"EventID":1,"UtcTime":"2025-03-07T07:04:10","ProcessGuid":"28151f71-6adf-45d6-bac2-50200c629c32","ProcessId":1358,"Image":"C:\\Program Files\\Microsoft Office\\root\\Office16\\outlook.exe","CommandLine":"outlook.exe","User":"DOMAIN\\user47","ParentImage":null,"ParentUser":null}
{"EventID":1,"UtcTime":"2025-03-07T11:24:30","ProcessGuid":"0efe79f5-5e03-4781-814e-21039f9ed2a3","ProcessId":4059,"Image":"C:\\Program Files\\Microsoft Office\\root\\Office16\\winword.exe","CommandLine":"word.exe","User":"DOMAIN\\user43","ParentImage":null,"ParentUser":null}
{"EventID":1,"UtcTime":"2025-03-07T20:28:17","ProcessGuid":"95c45246-b024-4df9-867f-6abd70852f1a","ProcessId":1957,"Image":"C:\\Windows\\explorer.exe","CommandLine":"explorer.exe","User":"DOMAIN\\user39","ParentImage":null,"ParentUser":null}
{"EventID":1,"UtcTime":"2025-03-07T04:57:14","ProcessGuid":"07dcbdcd-88d2-4bb3-bcbc-42c4140648ac","ProcessId":1955,"Image":"C:\\Program Files\\Microsoft Office\\root\\Office16\\outlook.exe","CommandLine":"outlook.exe","User":"DOMAIN\\user49","ParentImage":null,"ParentUser":null}
{"EventID":1,"UtcTime":"2025-03-07T17:04:52","ProcessGuid":"0ce2dbf8-d661-42a9-9dfb-ed0ea8769a3a","ProcessId":3705,"Image":"C:\\Program Files\\Microsoft Office\\root\\Office16\\excel.exe","CommandLine":"excel.exe","User":"DOMAIN\\user79","ParentImage":null,"ParentUser":null}
{"EventID":1,"UtcTime":"2025-03-07T15:04:53","ProcessGuid":"6d460e77-8750-4d2c-8f6a-397c2c6b9c70","ProcessId":4765,"Image":"C:\\Program Files\\Google\\Chrome\\Application\\chrome.exe","CommandLine":"chrome.exe","User":"DOMAIN\\user39","ParentImage":null,"ParentUser":null}
{"EventID":1,"UtcTime":"2025-03-07T07:16:05","ProcessGuid":"2ef2247f-1d5b-49b6-86fa-75b2055014e4","ProcessId":3653,"Image":"C:\\Windows\\explorer.exe","CommandLine":"explorer.exe","User":"DOMAIN\\user5","ParentImage":null,"ParentUser":null}
{"EventID":1,"UtcTime":"2025-03-07T01:10:29","ProcessGuid":"6fd2d6cd-d4a0-4a7a-8331-dd2217b2d502","ProcessId":2292,"Image":"C:\\Windows\\explorer.exe","CommandLine":"explorer.exe","User":"DOMAIN\\user69","ParentImage":null,"ParentUser":null}
{"EventID":1,"UtcTime":"2025-03-07T05:34:16","ProcessGuid":"ad7654ba-020e-4499-8f2b-882b521f3950","ProcessId":4807,"Image":"C:\\Program Files\\Ivanti\\SecureAccess\\bin\\ivantiservice.exe","CommandLine":"ivantiservice.exe -exec C:\\Windows\\System32\\notepad.exe","User":"NT AUTHORITY\\SYSTEM","ParentImage":null,"ParentUser":null}
{"EventID":1,"UtcTime":"2025-03-07T23:23:01","ProcessGuid":"61ab5ac7-893e-466e-b113-194821b3e41a","ProcessId":3811,"Image":"C:\\Program Files\\Microsoft Office\\root\\Office16\\outlook.exe","CommandLine":"outlook.exe","User":"DOMAIN\\user52","ParentImage":null,"ParentUser":null}
{"EventID":1,"UtcTime":"2025-03-07T03:13:51","ProcessGuid":"9b8fa8f4-858c-4fa4-81b1-2a88cce152d6","ProcessId":1055,"Image":"C:\\Program Files\\Microsoft Office\\root\\Office16\\excel.exe","CommandLine":"excel.exe","User":"DOMAIN\\user4","ParentImage":null,"ParentUser":null}
{"EventID":1,"UtcTime":"2025-03-07T21:14:09","ProcessGuid":"85ff49c4-06cd-43ba-a305-46bf0e4987b3","ProcessId":3194,"Image":"C:\\Windows\\explorer.exe","CommandLine":"explorer.exe","User":"DOMAIN\\user14","ParentImage":null,"ParentUser":null}
{"EventID":1,"UtcTime":"2025-03-07T19:54:48","ProcessGuid":"cc11c4a7-1fdb-4ef2-bae7-8554bfc90c41","ProcessId":1832,"Image":"C:\\Program Files\\Microsoft Office\\root\\Office16\\outlook.exe","CommandLine":"outlook.exe","User":"DOMAIN\\user18","ParentImage":null,"ParentUser":null}
{"EventID":1,"UtcTime":"2025-03-07T23:40:37","ProcessGuid":"8b09b809-e54b-47f4-a684-6825f3a36d2f","ProcessId":2240,"Image":"C:\\Windows\\explorer.exe","CommandLine":"explorer.exe","User":"DOMAIN\\user13","ParentImage":null,"ParentUser":null}
{"EventID":1,"UtcTime":"2025-03-07T06:09:51","ProcessGuid":"0b6c4564-dc93-44ff-a8d8-a02f1f60a90b","ProcessId":4092,"Image":"C:\\Program Files\\Microsoft Office\\root\\Office16\\outlook.exe","CommandLine":"outlook.exe","User":"DOMAIN\\user95","ParentImage":null,"ParentUser":null}
{"EventID":10,"UtcTime":"2025-03-07T01:44:45","ProcessGuid":"5aa584c0-d332-42d4-98a4-6363ce8821c1","ProcessId":7122,"Image":"C:\\Windows\\System32\\cmd.exe","CommandLine":null,"User":"NT AUTHORITY\\SYSTEM","ParentImage":"C:\\Program Files\\Ivanti\\SecureAccess\\bin\\ivantihelper.exe","ParentUser":"DOMAIN\\lowprivuser24"}
{"EventID":1,"UtcTime":"2025-03-07T18:30:53","ProcessGuid":"6aee6cf7-5d31-467b-ac7f-07c8b5b6d350","ProcessId":1251,"Image":"C:\\Program Files\\Ivanti\\SecureAccess\\bin\\ivantiservice.exe","CommandLine":"ivantiservice.exe -exec C:\\Windows\\System32\\conhost.exe","User":"NT AUTHORITY\\SYSTEM","ParentImage":null,"ParentUser":null}
{"EventID":1,"UtcTime":"2025-03-07T13:55:14","ProcessGuid":"1f596f70-1745-43cb-b1d8-112c04ef5f1b","ProcessId":3379,"Image":"C:\\Program Files\\Google\\Chrome\\Application\\chrome.exe","CommandLine":"chrome.exe","User":"DOMAIN\\user51","ParentImage":null,"ParentUser":null}
{"EventID":1,"UtcTime":"2025-03-07T19:48:50","ProcessGuid":"88584133-360b-4ce0-9801-39bef869224e","ProcessId":3063,"Image":"C:\\Program Files\\Microsoft Office\\root\\Office16\\winword.exe","CommandLine":"word.exe","User":"DOMAIN\\user53","ParentImage":null,"ParentUser":null}
{"EventID":1,"UtcTime":"2025-03-07T04:10:26","ProcessGuid":"1fe0ef4a-3c39-4836-ae35-a1ccb57b0a9e","ProcessId":2502,"Image":"C:\\Program Files\\Ivanti\\SecureAccess\\bin\\ivantiservice.exe","CommandLine":"ivantiservice.exe -exec C:\\Windows\\System32\\spoolsv.exe","User":"NT AUTHORITY\\SYSTEM","ParentImage":null,"ParentUser":null}
{"EventID":1,"UtcTime":"2025-03-07T04:35:14","ProcessGuid":"33b8e8bb-d129-4d87-a68f-11e46951eb77","ProcessId":3679,"Image":"C:\\Windows\\System32\\WindowsPowerShell\\v1.0\\powershell.exe","CommandLine":"powershell.exe","User":"DOMAIN\\user29","ParentImage":null,"ParentUser":null}
{"EventID":1,"UtcTime":"2025-03-07T02:50:13","ProcessGuid":"867de132-6fc3-4b2e-9041-5b208f4c6802","ProcessId":3978,"Image":"C:\\Program Files\\Microsoft Office\\root\\Office16\\outlook.exe","CommandLine":"outlook.exe","User":"DOMAIN\\user78","ParentImage":null,"ParentUser":null}
{"EventID":1,"UtcTime":"2025-03-07T11:44:43","ProcessGuid":"8e69687c-ac80-44de-94a7-3c09159f06c1","ProcessId":1692,"Image":"C:\\Program Files\\Google\\Chrome\\Application\\chrome.exe","CommandLine":"chrome.exe","User":"DOMAIN\\user62","ParentImage":null,"ParentUser":null}
{"EventID":1,"UtcTime":"2025-03-07T02:08:37","ProcessGuid":"fcdb513f-27b4-406a-bc7a-bbc43f068367","ProcessId":4859,"Image":"C:\\Program Files\\Microsoft Office\\root\\Office16\\excel.exe","CommandLine":"excel.exe","User":"DOMAIN\\user67","ParentImage":null,"ParentUser":null}
{"EventID":1,"UtcTime":"2025-03-07T01:11:52","ProcessGuid":"9afdd84e-2566-4934-bc93-9b265c205dd6","ProcessId":4853,"Image":"C:\\Program Files\\Google\\Chrome\\Application\\chrome.exe","CommandLine":"chrome.exe","User":"DOMAIN\\user78","ParentImage":null,"ParentUser":null}
{"EventID":1,"UtcTime":"2025-03-07T18:51:25","ProcessGuid":"edf211ed-320b-45b2-8754-df6acb199d14","ProcessId":4672,"Image":"C:\\Program Files\\Microsoft Office\\root\\Office16\\excel.exe","CommandLine":"excel.exe","User":"DOMAIN\\user36","ParentImage":null,"ParentUser":null}
{"EventID":10,"UtcTime":"2025-03-07T00:27:06","ProcessGuid":"f040f6d4-3fbb-43e6-98ea-2a32d450210b","ProcessId":7359,"Image":"C:\\Windows\\System32\\cmd.exe","CommandLine":null,"User":"NT AUTHORITY\\SYSTEM","ParentImage":"C:\\Program Files\\Ivanti\\SecureAccess\\bin\\ivantihelper.exe","ParentUser":"DOMAIN\\lowprivuser6"}
{"EventID":1,"UtcTime":"2025-03-07T05:14:51","ProcessGuid":"577cba5a-a92d-4e28-8f50-29874dbf86e6","ProcessId":3643,"Image":"C:\\Program Files\\Microsoft Office\\root\\Office16\\outlook.exe","CommandLine":"outlook.exe","User":"DOMAIN\\user19","ParentImage":null,"ParentUser":null}
{"EventID":1,"UtcTime":"2025-03-07T12:49:14","ProcessGuid":"ee5ebf74-8ea4-4205-a392-1bf91722a2f8","ProcessId":2596,"Image":"C:\\Program Files\\Microsoft Office\\root\\Office16\\excel.exe","CommandLine":"excel.exe","User":"DOMAIN\\user1","ParentImage":null,"ParentUser":null}
{"EventID":1,"UtcTime":"2025-03-07T02:43:36","ProcessGuid":"ae0c5814-c74b-4c5d-8ccd-a466271ad90a","ProcessId":2888,"Image":"C:\\Program Files\\Ivanti\\SecureAccess\\bin\\ivantiservice.exe","CommandLine":"ivantiservice.exe -exec C:\\Windows\\System32\\spoolsv.exe","User":"NT AUTHORITY\\SYSTEM","ParentImage":null,"ParentUser":null}
{"EventID":1,"UtcTime":"2025-03-07T10:56:58","ProcessGuid":"c6e33632-feb1-43f0-bee0-c74300e69053","ProcessId":3982,"Image":"C:\\Program Files\\Microsoft Office\\root\\Office16\\winword.exe","CommandLine":"word.exe","User":"DOMAIN\\user72","ParentImage":null,"ParentUser":null}
{"EventID":1,"UtcTime":"2025-03-07T18:18:22","ProcessGuid":"a418b3a8-4122-46c3-9f9f-f4177f4267ee","ProcessId":3024,"Image":"C:\\Windows\\explorer.exe","CommandLine":"explorer.exe","User":"DOMAIN\\user2","ParentImage":null,"ParentUser":null}
{"EventID":1,"UtcTime":"2025-03-07T12:48:04","ProcessGuid":"62f4b4df-eacc-48e3-8291-340d50293048","ProcessId":3355,"Image":"C:\\Program Files\\Microsoft Office\\root\\Office16\\excel.exe","CommandLine":"excel.exe","User":"DOMAIN\\user60","ParentImage":null,"ParentUser":null}
{"EventID":1,"UtcTime":"2025-03-07T07:56:28","ProcessGuid":"3bb72b08-3077-43fc-888f-37595851affa","ProcessId":2379,"Image":"C:\\Program Files\\Microsoft Office\\root\\Office16\\excel.exe","CommandLine":"excel.exe","User":"DOMAIN\\user49","ParentImage":null,"ParentUser":null}
{"EventID":1,"UtcTime":"2025-03-07T20:47:15","ProcessGuid":"85f8c359-6810-4573-8928-a9f111e7e623","ProcessId":1212,"Image":"C:\\Program Files\\Microsoft Office\\root\\Office16\\excel.exe","CommandLine":"excel.exe","User":"DOMAIN\\user27","ParentImage":null,"ParentUser":null}
{"EventID":1,"UtcTime":"2025-03-07T14:23:23","ProcessGuid":"ccae71f4-63c6-4d2f-89ff-bdafa54bde8f","ProcessId":2827,"Image":"C:\\Windows\\explorer.exe","CommandLine":"explorer.exe","User":"DOMAIN\\user22","ParentImage":null,"ParentUser":null}
{"EventID":1,"UtcTime":"2025-03-07T01:48:57","ProcessGuid":"363f2ae1-3257-4806-a88f-0d2bc8b7f99c","ProcessId":3922,"Image":"C:\\Windows\\explorer.exe","CommandLine":"explorer.exe","User":"DOMAIN\\user4","ParentImage":null,"ParentUser":null}
{"EventID":1,"UtcTime":"2025-03-07T13:47:16","ProcessGuid":"83ae344e-4c58-4ed4-8e07-3506a0921af6","ProcessId":4547,"Image":"C:\\Windows\\System32\\WindowsPowerShell\\v1.0\\powershell.exe","CommandLine":"powershell.exe","User":"DOMAIN\\user19","ParentImage":null,"ParentUser":null}
{"EventID":1,"UtcTime":"2025-03-07T01:45:29","ProcessGuid":"2cbe364e-bad4-4432-a5d3-2c3a9ea97f16","ProcessId":1739,"Image":"C:\\Windows\\explorer.exe","CommandLine":"explorer.exe","User":"DOMAIN\\user62","ParentImage":null,"ParentUser":null}
{"EventID":1,"UtcTime":"2025-03-07T14:11:58","ProcessGuid":"249a5534-6ad4-4493-b614-c14199fc1718","ProcessId":1540,"Image":"C:\\Windows\\System32\\WindowsPowerShell\\v1.0\\powershell.exe","CommandLine":"powershell.exe","User":"DOMAIN\\user80","ParentImage":null,"ParentUser":null}
{"EventID":1,"UtcTime":"2025-03-07T00:00:47","ProcessGuid":"378bfb05-e940-4742-b85f-4b00ddc07ba2","ProcessId":3702,"Image":"C:\\Program Files\\Microsoft Office\\root\\Office16\\excel.exe","CommandLine":"excel.exe","User":"DOMAIN\\user55","ParentImage":null,"ParentUser":null}
{"EventID":1,"UtcTime":"2025-03-07T04:47:54","ProcessGuid":"d3a30c01-bbd4-4a2d-92c7-8217d8b5c8f1","ProcessId":3500,"Image":"C:\\Windows\\explorer.exe","CommandLine":"explorer.exe","User":"DOMAIN\\user53","ParentImage":null,"ParentUser":null}
{"EventID":1,"UtcTime":"2025-03-07T22:38:21","ProcessGuid":"3616b993-4fe9-4b7b-98d5-abe23ad36826","ProcessId":2540,"Image":"C:\\Program Files\\Microsoft Office\\root\\Office16\\excel.exe","CommandLine":"excel.exe","User":"DOMAIN\\user63","ParentImage":null,"ParentUser":null}
{"EventID":1,"UtcTime":"2025-03-07T02:36:16","ProcessGuid":"217848d2-479a-4b9a-922e-f99430e2f052","ProcessId":4668,"Image":"C:\\Program Files\\Ivanti\\SecureAccess\\bin\\ivantiservice.exe","CommandLine":"ivantiservice.exe -exec C:\\Windows\\System32\\calc.exe","User":"NT AUTHORITY\\SYSTEM","ParentImage":null,"ParentUser":null}
{"EventID":1,"UtcTime":"2025-03-07T05:10:58","ProcessGuid":"312e6d2b-0145-4b44-b1a7-6164076ab337","ProcessId":1772,"Image":"C:\\Program Files\\Microsoft Office\\root\\Office16\\outlook.exe","CommandLine":"outlook.exe","User":"DOMAIN\\user4","ParentImage":null,"ParentUser":null}
{"EventID":1,"UtcTime":"2025-03-07T16:49:04","ProcessGuid":"7c3fbef9-1293-413c-82b3-33652ba4082f","ProcessId":4681,"Image":"C:\\Program Files\\Ivanti\\SecureAccess\\bin\\ivantiservice.exe","CommandLine":"ivantiservice.exe -exec C:\\Windows\\System32\\taskhostw.exe","User":"NT AUTHORITY\\SYSTEM","ParentImage":null,"ParentUser":null}
{"EventID":1,"UtcTime":"2025-03-07T07:26:38","ProcessGuid":"24597e99-9d10-452e-ab7c-5d3492bed68f","ProcessId":2799,"Image":"C:\\Program Files\\Microsoft Office\\root\\Office16\\excel.exe","CommandLine":"excel.exe","User":"DOMAIN\\user28","ParentImage":null,"ParentUser":null}
{"EventID":1,"UtcTime":"2025-03-07T02:06:14","ProcessGuid":"00adbe91-47d0-40de-a6fe-ac0da9888d9c","ProcessId":2948,"Image":"C:\\Program Files\\Microsoft Office\\root\\Office16\\winword.exe","CommandLine":"word.exe","User":"DOMAIN\\user97","ParentImage":null,"ParentUser":null}
{"EventID":1,"UtcTime":"2025-03-07T16:28:49","ProcessGuid":"08ba5a07-237d-4a91-ad53-62812f84ad31","ProcessId":4007,"Image":"C:\\Program Files\\Google\\Chrome\\Application\\chrome.exe","CommandLine":"chrome.exe","User":"DOMAIN\\user4","ParentImage":null,"ParentUser":null}
{"EventID":1,"UtcTime":"2025-03-07T14:34:58","ProcessGuid":"709bf041-0945-44ef-8c76-9fbf2806f6da","ProcessId":4858,"Image":"C:\\Windows\\System32\\WindowsPowerShell\\v1.0\\powershell.exe","CommandLine":"powershell.exe","User":"DOMAIN\\user44","ParentImage":null,"ParentUser":null}
{"EventID":1,"UtcTime":"2025-03-07T18:42:34","ProcessGuid":"080c3daa-48c4-4554-9a22-55d7eb699483","ProcessId":4479,"Image":"C:\\Program Files\\Ivanti\\SecureAccess\\bin\\ivantiservice.exe","CommandLine":"ivantiservice.exe -exec C:\\Windows\\System32\\services.exe","User":"NT AUTHORITY\\SYSTEM","ParentImage":null,"ParentUser":null}
{"EventID":1,"UtcTime":"2025-03-07T11:39:37","ProcessGuid":"1ba84ac1-29ff-4d10-bfcc-98e7e972d940","ProcessId":1912,"Image":"C:\\Program Files\\Microsoft Office\\root\\Office16\\outlook.exe","CommandLine":"outlook.exe","User":"DOMAIN\\user50","ParentImage":null,"ParentUser":null}
