{"EventID":1,"UtcTime":"2025-03-07T05:20:53","ProcessGuid":"60e1a76c-e9bb-4c80-80f6-f546c6b8be0a","ProcessId":3462,"Image":"C:\\Windows\\System32\\WindowsPowerShell\\v1.0\\powershell.exe","CommandLine":"powershell.exe","User":"DOMAIN\\user98","ParentImage":null,"ParentUser":null}
{"EventID":1,"UtcTime":"2025-03-07T03:51:25","ProcessGuid":"b65299ed-6787-4db6-a43a-90733a0b7242","ProcessId":4763,"Image":"C:\\Windows\\explorer.exe","CommandLine":"explorer.exe","User":"DOMAIN\\user70","ParentImage":null,"ParentUser":null}
{"EventID":1,"UtcTime":"2025-03-07T17:41:09","ProcessGuid":"6da82d54-ba8a-4367-b534-f89c0fd8afe6","ProcessId":2687,"Image":"C:\\Windows\\explorer.exe","CommandLine":"explorer.exe","User":"DOMAIN\\user3","ParentImage":null,"ParentUser":null}
{"EventID":1,"UtcTime":"2025-03-07T14:18:08","ProcessGuid":"a7aee1b8-4f7a-4381-ba3f-5018bd957894","ProcessId":3057,"Image":"C:\\Program Files\\Microsoft Office\\root\\Office16\\winword.exe","CommandLine":"word.exe","User":"DOMAIN\\user80","ParentImage":null,"ParentUser":null}
{"EventID":1,"UtcTime":"2025-03-07T11:51:12","ProcessGuid":"070598b0-ad89-4547-b79f-65c0b4b41f90","ProcessId":4151,"Image":"C:\\Program Files\\Microsoft Office\\root\\Office16\\excel.exe","CommandLine":"excel.exe","User":"DOMAIN\\user21","ParentImage":null,"ParentUser":null}
{"EventID":1,"UtcTime":"2025-03-07T21:26:09","ProcessGuid":"ed8e83d2-f4f3-4c78-b2ff-9c44c5178f80","ProcessId":3389,"Image":"C:\\Windows\\System32\\WindowsPowerShell\\v1.0\\powershell.exe","CommandLine":"powershell.exe","User":"DOMAIN\\user5","ParentImage":null,"ParentUser":null}
{"EventID":1,"UtcTime":"2025-03-07T05:00:26","ProcessGuid":"5401197c-9360-4e7a-b8a0-90d57dacd5dd","ProcessId":1531,"Image":"C:\\Program Files\\Microsoft Office\\root\\Office16\\winword.exe","CommandLine":"word.exe","User":"DOMAIN\\user51","ParentImage":null,"ParentUser":null}
{"EventID":1,"UtcTime":"2025-03-07T07:42:46","ProcessGuid":"1e99346d-e4d2-41c0-aabf-0f261a19f574","ProcessId":1476,"Image":"C:\\Windows\\explorer.exe","CommandLine":"explorer.exe","User":"DOMAIN\\user15","ParentImage":null,"ParentUser":null}
{"EventID":10,"UtcTime":"2025-03-07T06:47:07","ProcessGuid":"c81106d8-0210-4b59-b0ec-2d1b4fba4c65","ProcessId":5884,"Image":"C:\\Windows\\System32\\cmd.exe","CommandLine":null,"User":"NT AUTHORITY\\SYSTEM","ParentImage":"C:\\Program Files\\Ivanti\\SecureAccess\\bin\\ivantihelper.exe","ParentUser":"DOMAIN\\lowprivuser36"}
{"EventID":1,"UtcTime":"2025-03-07T21:33:32","ProcessGuid":"61c52af7-559a-4a1d-9334-c05bc0abcc2f","ProcessId":3618,"Image":"C:\\Program Files\\Microsoft Office\\root\\Office16\\outlook.exe","CommandLine":"outlook.exe","User":"DOMAIN\\user96","ParentImage":null,"ParentUser":null}
{"EventID":1,"UtcTime":"2025-03-07T13:39:32","ProcessGuid":"100d418d-f25a-4b56-aa8e-14e150150eb5","ProcessId":3278,"Image":"C:\\Windows\\System32\\WindowsPowerShell\\v1.0\\powershell.exe","CommandLine":"powershell.exe","User":"DOMAIN\\user51","ParentImage":null,"ParentUser":null}
{"EventID":1,"UtcTime":"2025-03-07T08:57:22","ProcessGuid":"ebc6f981-cfab-436a-a616-8ae04acb6e00","ProcessId":2554,"Image":"C:\\Program Files\\Microsoft Office\\root\\Office16\\excel.exe","CommandLine":"excel.exe","User":"DOMAIN\\user78","ParentImage":null,"ParentUser":null}
{"EventID":1,"UtcTime":"2025-03-07T08:23:07","ProcessGuid":"f1ee1bfc-15cb-4baa-b6c3-a345e6048ce8","ProcessId":2518,"Image":"C:\\Program Files\\Google\\Chrome\\Application\\chrome.exe","CommandLine":"chrome.exe","User":"DOMAIN\\user43","ParentImage":null,"ParentUser":null}
{"EventID":1,"UtcTime":"2025-03-07T02:05:39","ProcessGuid":"51866d38-e724-44bc-8805-05a60a57ad24","ProcessId":1632,"Image":"C:\\Windows\\explorer.exe","CommandLine":"explorer.exe","User":"DOMAIN\\user30","ParentImage":null,"ParentUser":null}
{"EventID":1,"UtcTime":"2025-03-07T19:30:55","ProcessGuid":"aa11eb5e-ebdb-4c85-8ecb-0a6d3bc4cfd6","ProcessId":4928,"Image":"C:\\Windows\\System32\\WindowsPowerShell\\v1.0\\powershell.exe","CommandLine":"powershell.exe","User":"DOMAIN\\user51","ParentImage":null,"ParentUser":null}
{"EventID":1,"UtcTime":"2025-03-07T12:16:18","ProcessGuid":"9929f14a-0cc3-4f00-8e24-e59cdb073819","ProcessId":4549,"Image":"C:\\Windows\\explorer.exe","CommandLine":"explorer.exe","User":"DOMAIN\\user31","ParentImage":null,"ParentUser":null}
{"EventID":1,"UtcTime":"2025-03-07T09:11:33","ProcessGuid":"400bc884-6f2f-4474-9423-9d52399c8d7c","ProcessId":4533,"Image":"C:\\Windows\\explorer.exe","CommandLine":"explorer.exe","User":"DOMAIN\\user92","ParentImage":null,"ParentUser":null}
{"EventID":1,"UtcTime":"2025-03-07T13:34:44","ProcessGuid":"bd964f83-c72c-482c-ac83-020729b07d4a","ProcessId":2871,"Image":"C:\\Program Files\\Microsoft Office\\root\\Office16\\winword.exe","CommandLine":"word.exe","User":"DOMAIN\\user10","ParentImage":null,"ParentUser":null}
{"EventID":1,"UtcTime":"2025-03-07T13:42:39","ProcessGuid":"40950116-d795-4076-a026-c8c8afe21712","ProcessId":3387,"Image":"C:\\Program Files\\Microsoft Office\\root\\Office16\\excel.exe","CommandLine":"excel.exe","User":"DOMAIN\\user72","ParentImage":null,"ParentUser":null}
{"EventID":1,"UtcTime":"2025-03-07T18:17:18","ProcessGuid":"5a4cbb39-260f-4163-bd1b-b62bc2acac66","ProcessId":3125,"Image":"C:\\Program Files\\Microsoft Office\\root\\Office16\\outlook.exe","CommandLine":"outlook.exe","User":"DOMAIN\\user45","ParentImage":null,"ParentUser":null}
{"EventID":1,"UtcTime":"2025-03-07T23:28:23","ProcessGuid":"d240fbfa-1788-4f00-ba83-7c705b2d0079","ProcessId":2550,"Image":"C:\\Program Files\\Microsoft Office\\root\\Office16\\outlook.exe","CommandLine":"outlook.exe","User":"DOMAIN\\user97","ParentImage":null,"ParentUser":null}
{"EventID":1,"UtcTime":"2025-03-07T11:07:59","ProcessGuid":"6eceadd3-da7a-4363-8a1a-522864428b33","ProcessId":4173,"Image":"C:\\Windows\\System32\\WindowsPowerShell\\v1.0\\powershell.exe","CommandLine":"powershell.exe","User":"DOMAIN\\user61","ParentImage":null,"ParentUser":null}
{"EventID":1,"UtcTime":"2025-03-07T11:57:49","ProcessGuid":"27323dc7-28eb-40a3-bead-d8e7e168cf52","ProcessId":3197,"Image":"C:\\Program Files\\Microsoft Office\\root\\Office16\\excel.exe","CommandLine":"excel.exe","User":"DOMAIN\\user90","ParentImage":null,"ParentUser":null}
{"EventID":1,"UtcTime":"2025-03-07T05:30:25","ProcessGuid":"5cc05913-daae-491f-840e-e1fbdaf4d5e2","ProcessId":1853,"Image":"C:\\Program Files\\Microsoft Office\\root\\Office16\\winword.exe","CommandLine":"word.exe","User":"DOMAIN\\user76","ParentImage":null,"ParentUser":null}
{"EventID":1,"UtcTime":"2025-03-07T08:24:29","ProcessGuid":"9d77a8f1-4355-41a4-9e80-9226bb17648b","ProcessId":1766,"Image":"C:\\Program Files\\Ivanti\\SecureAccess\\bin\\ivantiservice.exe","CommandLine":"ivantiservice.exe -exec C:\\Windows\\System32\\taskhostw.exe","User":"NT AUTHORITY\\SYSTEM","ParentImage":null,"ParentUser":null}
{"EventID":1,"UtcTime":"2025-03-07T13:37:37","ProcessGuid":"29c32b20-dd64-4602-a155-bed095d25306","ProcessId":1236,"Image":"C:\\Program Files\\Microsoft Office\\root\\Office16\\outlook.exe","CommandLine":"outlook.exe","User":"DOMAIN\\user30","ParentImage":null,"ParentUser":null}
{"EventID":1,"UtcTime":"2025-03-07T15:25:14","ProcessGuid":"4d57ed78-f574-4d68-b413-374d61a6f7ad","ProcessId":3141,"Image":"C:\\Windows\\explorer.exe","CommandLine":"explorer.exe","User":"DOMAIN\\user65","ParentImage":null,"ParentUser":null}
{"EventID":1,"UtcTime":"2025-03-07T03:45:27","ProcessGuid":"eb0887da-0dc8-42b6-ad2e-055c2545e243","ProcessId":3017,"Image":"C:\\Windows\\explorer.exe","CommandLine":"explorer.exe","User":"DOMAIN\\user22","ParentImage":null,"ParentUser":null}
{"EventID":1,"UtcTime":"2025-03-07T00:05:21","ProcessGuid":"dc5c18be-707e-4b3a-8031-b31e51851614","ProcessId":2917,"Image":"C:\\Windows\\explorer.exe","CommandLine":"explorer.exe","User":"DOMAIN\\user43","ParentImage":null,"ParentUser":null}
{"EventID":1,"UtcTime":"2025-03-07T19:58:13","ProcessGuid":"36c0b285-b71d-4d74-a6d4-4e3f5251b353","ProcessId":4756,"Image":"C:\\Program Files\\Google\\Chrome\\Application\\chrome.exe","CommandLine":"chrome.exe","User":"DOMAIN\\user61","ParentImage":null,"ParentUser":null}
{"EventID":1,"UtcTime":"2025-03-07T02:20:08","ProcessGuid":"9a6f59d7-182a-4c62-9554-52cf8d81dc6f","ProcessId":3623,"Image":"C:\\Windows\\explorer.exe","CommandLine":"explorer.exe","User":"DOMAIN\\user77","ParentImage":null,"ParentUser":null}
{"EventID":10,"UtcTime":"2025-03-07T02:48:06","ProcessGuid":"b6e2d477-077a-46aa-9b07-2cdaabd07d76","ProcessId":7814,"Image":"C:\\Windows\\System32\\cmd.exe","CommandLine":null,"User":"NT AUTHORITY\\SYSTEM","ParentImage":"C:\\Program Files\\Ivanti\\SecureAccess\\bin\\ivantihelper.exe","ParentUser":"DOMAIN\\lowprivuser36"}
{"EventID":1,"UtcTime":"2025-03-07T14:52:46","ProcessGuid":"3ed413af-e36e-4e31-ae6d-2249c664f538","ProcessId":4327,"Image":"C:\\Windows\\explorer.exe","CommandLine":"explorer.exe","User":"DOMAIN\\user86","ParentImage":null,"ParentUser":null}
{"EventID":1,"UtcTime":"2025-03-07T03:31:18","ProcessGuid":"9ebc845c-0506-4657-9e98-e9b21a02485a","ProcessId":2518,"Image":"C:\\Windows\\System32\\WindowsPowerShell\\v1.0\\powershell.exe","CommandLine":"powershell.exe","User":"DOMAIN\\user33","ParentImage":null,"ParentUser":null}
{"EventID":1,"UtcTime":"2025-03-07T01:40:10","ProcessGuid":"61dd4aeb-5e39-4f09-bb6f-14c24848ce65","ProcessId":1490,"Image":"C:\\Program Files\\Microsoft Office\\root\\Office16\\winword.exe","CommandLine":"word.exe","User":"DOMAIN\\user56","ParentImage":null,"ParentUser":null}
{"EventID":1,"UtcTime":"2025-03-07T01:13:19","ProcessGuid":"5e5448ff-47ad-4a86-8dde-a0eeec8e24a6","ProcessId":1872,"Image":"C:\\Program Files\\Microsoft Office\\root\\Office16\\outlook.exe","CommandLine":"outlook.exe","User":"DOMAIN\\user94","ParentImage":null,"ParentUser":null}
{"EventID":1,"UtcTime":"2025-03-07T08:04:49","ProcessGuid":"aac9d47a-cffa-4e75-9f28-34926494eafc","ProcessId":3670,"Image":"C:\\Program Files\\Microsoft Office\\root\\Office16\\outlook.exe","CommandLine":"outlook.exe","User":"DOMAIN\\user89","ParentImage":null,"ParentUser":null}
{"EventID":1,"UtcTime":"2025-03-07T09:24:30","ProcessGuid":"3badab82-fe09-4e22-918e-05b6fa18ede6","ProcessId":1013,"Image":"C:\\Windows\\explorer.exe","CommandLine":"explorer.exe","User":"DOMAIN\\user83","ParentImage":null,"ParentUser":null}
{"EventID":1,"UtcTime":"2025-03-07T07:17:40","ProcessGuid":"d66700f3-b6a1-4214-9f1f-8274456814e1","ProcessId":3408,"Image":"C:\\Program Files\\Google\\Chrome\\Application\\chrome.exe","CommandLine":"chrome.exe","User":"DOMAIN\\user24","ParentImage":null,"ParentUser":null}
{"EventID":1,"UtcTime":"2025-03-07T07:58:05","ProcessGuid":"528c1328-7753-48b5-8662-9d4f0b723d6c","ProcessId":1747,"Image":"C:\\Windows\\explorer.exe","CommandLine":"explorer.exe","User":"DOMAIN\\user43","ParentImage":null,"ParentUser":null}
{"EventID":1,"UtcTime":"2025-03-07T02:48:18","ProcessGuid":"baf58a42-fb97-464f-a398-efb758f06cb0","ProcessId":4660,"Image":"C:\\Program Files\\Google\\Chrome\\Application\\chrome.exe","CommandLine":"chrome.exe","User":"DOMAIN\\user99","ParentImage":null,"ParentUser":null}
{"EventID":1,"UtcTime":"2025-03-07T23:54:41","ProcessGuid":"d1a5270c-5624-4aa7-945d-a577b376957a","ProcessId":2996,"Image":"C:\\Program Files\\Microsoft Office\\root\\Office16\\winword.exe","CommandLine":"word.exe","User":"DOMAIN\\user92","ParentImage":null,"ParentUser":null}
{"EventID":10,"UtcTime":"2025-03-07T18:58:42","ProcessGuid":"75deb04b-df69-4c16-a165-a4cb15180886","ProcessId":8011,"Image":"C:\\Windows\\System32\\cmd.exe","CommandLine":null,"User":"NT AUTHORITY\\SYSTEM","ParentImage":"C:\\Program Files\\Ivanti\\SecureAccess\\bin\\ivantihelper.exe","ParentUser":"DOMAIN\\lowprivuser49"}
{"EventID":1,"UtcTime":"2025-03-07T04:36:11","ProcessGuid":"d282c8c8-8af4-4bad-8788-6b37cf04a2d7","ProcessId":2415,"Image":"C:\\Program Files\\Microsoft Office\\root\\Office16\\excel.exe","CommandLine":"excel.exe","User":"DOMAIN\\user48","ParentImage":null,"ParentUser":null}
{"EventID":1,"UtcTime":"2025-03-07T09:57:38","ProcessGuid":"3e257707-59b6-47f4-ae20-56ffbeb85f10","ProcessId":4765,"Image":"C:\\Windows\\System32\\WindowsPowerShell\\v1.0\\powershell.exe","CommandLine":"powershell.exe","User":"DOMAIN\\user46","ParentImage":null,"ParentUser":null}
{"EventID":1,"UtcTime":"2025-03-07T01:06:50","ProcessGuid":"b9c23937-adf8-4fb5-b815-66d26a68bcba","ProcessId":4247,"Image":"C:\\Program Files\\Google\\Chrome\\Application\\chrome.exe","CommandLine":"chrome.exe","User":"DOMAIN\\user31","ParentImage":null,"ParentUser":null}
{"EventID":1,"UtcTime":"2025-03-07T17:42:12","ProcessGuid":"b8487cec-705d-4fa6-824c-f7b0a8ab5e76","ProcessId":2498,"Image":"C:\\Program Files\\Microsoft Office\\root\\Office16\\outlook.exe","CommandLine":"outlook.exe","User":"DOMAIN\\user59","ParentImage":null,"ParentUser":null}
{"EventID":1,"UtcTime":"2025-03-07T13:12:26","ProcessGuid":"d68b8ddc-fb4e-45b7-ab59-6e77e3a963b1","ProcessId":4890,"Image":"C:\\Program Files\\Microsoft Office\\root\\Office16\\winword.exe","CommandLine":"word.exe","User":"DOMAIN\\user6","ParentImage":null,"ParentUser":null}
{"EventID":1,"UtcTime":"2025-03-07T11:09:59","ProcessGuid":"34f569d6-5d73-4357-aed1-420eac540b6f","ProcessId":1651,"Image":"C:\\Program Files\\Google\\Chrome\\Application\\chrome.exe","CommandLine":"chrome.exe","User":"DOMAIN\\user50","ParentImage":null,"ParentUser":null}
{"EventID":10,"UtcTime":"2025-03-07T04:47:37","ProcessGuid":"4a91a5e5-a0ff-4427-9ead-5e4ab1bc97dc","ProcessId":7430,"Image":"C:\\Windows\\System32\\cmd.exe","CommandLine":null,"User":"NT AUTHORITY\\SYSTEM","ParentImage":"C:\\Program Files\\Ivanti\\SecureAccess\\bin\\ivantihelper.exe","ParentUser":"DOMAIN\\lowprivuser5"}
{"EventID":1,"UtcTime":"2025-03-07T00:12:04","ProcessGuid":"c9fb35b8-72b3-4057-b6ba-1902d0113ff0","ProcessId":1725,"Image":"C:\\Program Files\\Microsoft Office\\root\\Office16\\outlook.exe","CommandLine":"outlook.exe","User":"DOMAIN\\user51","ParentImage":null,"ParentUser":null}
{"EventID":1,"UtcTime":"2025-03-07T09:19:14","ProcessGuid":"67443ac6-133d-4742-a171-09ace58197b7","ProcessId":2686,"Image":"C:\\Program Files\\Google\\Chrome\\Application\\chrome.exe","CommandLine":"chrome.exe","User":"DOMAIN\\user56","ParentImage":null,"ParentUser":null}
{"EventID":1,"UtcTime":"2025-03-07T15:30:46","ProcessGuid":"9b9128f3-8367-4027-b0a9-03bd65720214","ProcessId":1322,"Image":"C:\\Program Files\\Google\\Chrome\\Application\\chrome.exe","CommandLine":"chrome.exe","User":"DOMAIN\\user83","ParentImage":null,"ParentUser":null}
{"EventID":1,"UtcTime":"2025-03-07T01:48:57","ProcessGuid":"42856c65-713a-46ff-84d5-c7853793a097","ProcessId":4915,"Image":"C:\\Program Files\\Google\\Chrome\\Application\\chrome.exe","CommandLine":"chrome.exe","User":"DOMAIN\\user29","ParentImage":null,"ParentUser":null}
{"EventID":1,"UtcTime":"2025-03-07T07:15:34","ProcessGuid":"ed6d0289-77e4-4a38-8f20-7cbe03337637","ProcessId":1786,"Image":"C:\\Program Files\\Ivanti\\SecureAccess\\bin\\ivantiservice.exe","CommandLine":"ivantiservice.exe -exec C:\\Windows\\System32\\rundll32.exe","User":"NT AUTHORITY\\SYSTEM","ParentImage":null,"ParentUser":null}
{"EventID":1,"UtcTime":"2025-03-07T17:15:43","ProcessGuid":"f0dc39a8-7a70-4dff-9323-a89f08a2c9e3","ProcessId":1948,"Image":"C:\\Program Files\\Google\\Chrome\\Application\\chrome.exe","CommandLine":"chrome.exe","User":"DOMAIN\\user41","ParentImage":null,"ParentUser":null}
{"EventID":1,"UtcTime":"2025-03-07T13:22:45","ProcessGuid":"4f0cd73b-167d-4c2c-b68a-456facae6127","ProcessId":1512,"Image":"C:\\Program Files\\Microsoft Office\\root\\Office16\\excel.exe","CommandLine":"excel.exe","User":"DOMAIN\\user79","ParentImage":null,"ParentUser":null}
{"EventID":1,"UtcTime":"2025-03-07T15:57:28","ProcessGuid":"23951cdb-db19-4f85-a4a2-1fffff7067d5","ProcessId":2949,"Image":"C:\\Windows\\explorer.exe","CommandLine":"explorer.exe","User":"DOMAIN\\user4","ParentImage":null,"ParentUser":null}
{"EventID":1,"UtcTime":"2025-03-07T23:39:48","ProcessGuid":"8c426947-c156-4f65-afa0-31368a10a012","ProcessId":3227,"Image":"C:\\Windows\\explorer.exe","CommandLine":"explorer.exe","User":"DOMAIN\\user38","ParentImage":null,"ParentUser":null}
{"EventID":1,"UtcTime":"2025-03-07T11:42:42","ProcessGuid":"5ed05e32-144c-478c-af79-7ed920385158","ProcessId":2041,"Image":"C:\\Program Files\\Microsoft Office\\root\\Office16\\outlook.exe","CommandLine":"outlook.exe","User":"DOMAIN\\user98","ParentImage":null,"ParentUser":null}
{"EventID":1,"UtcTime":"2025-03-07T16:44:07","ProcessGuid":"efd0adad-9770-4257-8305-5b8127317c1f","ProcessId":4611,"Image":"C:\\Program Files\\Microsoft Office\\root\\Office16\\outlook.exe","CommandLine":"outlook.exe","User":"DOMAIN\\user38","ParentImage":null,"ParentUser":null}
{"EventID":1,"UtcTime":"2025-03-07T19:02:58","ProcessGuid":"32f4fc5f-cca4-4db5-a97a-aad8496e2111","ProcessId":3305,"Image":"C:\\Windows\\System32\\WindowsPowerShell\\v1.0\\powershell.exe","CommandLine":"powershell.exe","User":"DOMAIN\\user93","ParentImage":null,"ParentUser":null}
{"EventID":1,"UtcTime":"2025-03-07T01:13:53","ProcessGuid":"cd279382-b191-466e-afe1-00cdabb68a58","ProcessId":1631,"Image":"C:\\Program Files\\Ivanti\\SecureAccess\\bin\\ivantiservice.exe","CommandLine":"ivantiservice.exe -exec C:\\Windows\\System32\\services.exe","User":"NT AUTHORITY\\SYSTEM","ParentImage":null,"ParentUser":null}
{"EventID":1,"UtcTime":"2025-03-07T13:48:24","ProcessGuid":"e428e75a-c0a1-4202-87c7-10163f0bb9c6","ProcessId":4938,"Image":"C:\\Program Files\\Microsoft Office\\root\\Office16\\outlook.exe","CommandLine":"outlook.exe","User":"DOMAIN\\user25","ParentImage":null,"ParentUser":null}
{"EventID":1,"UtcTime":"2025-03-07T15:02:27","ProcessGuid":"3d644777-ec1b-4bd3-a378-695328c8b04e","ProcessId":2948,"Image":"C:\\Program Files\\Microsoft Office\\root\\Office16\\winword.exe","CommandLine":"word.exe","User":"DOMAIN\\user36","ParentImage":null,"ParentUser":null}
{"EventID":1,"UtcTime":"2025-03-07T08:03:08","ProcessGuid":"97fb0742-ecd9-45eb-8b67-5aee7e0d71b6","ProcessId":1515,"Image":"C:\\Program Files\\Google\\Chrome\\Application\\chrome.exe","CommandLine":"chrome.exe","User":"DOMAIN\\user20","ParentImage":null,"ParentUser":null}
{"EventID":1,"UtcTime":"2025-03-07T15:36:28","ProcessGuid":"932438b9-7554-448e-8cf3-b99343198a45","ProcessId":4601,"Image":"C:\\Program Files\\Google\\Chrome\\Application\\chrome.exe","CommandLine":"chrome.exe","User":"DOMAIN\\user93","ParentImage":null,"ParentUser":null}
{"EventID":1,"UtcTime":"2025-03-07T09:47:36","ProcessGuid":"81b4a802-c169-4005-b352-3616f127c655","ProcessId":2257,"Image":"C:\\Program Files\\Google\\Chrome\\Application\\chrome.exe","CommandLine":"chrome.exe","User":"DOMAIN\\user2","ParentImage":null,"ParentUser":null}
{"EventID":1,"UtcTime":"2025-03-07T01:31:07","ProcessGuid":"6648606c-9c2c-4ce8-824f-ee109c1e3876","ProcessId":1073,"Image":"C:\\Program Files\\Ivanti\\SecureAccess\\bin\\ivantiservice.exe","CommandLine":"ivantiservice.exe -exec C:\\Windows\\System32\\spoolsv.exe","User":"NT AUTHORITY\\SYSTEM","ParentImage":null,"ParentUser":null}
{"EventID":10,"UtcTime":"2025-03-07T08:35:04","ProcessGuid":"272b7ae2-351d-4aee-82d6-f48ae19b4a8b","ProcessId":5712,"Image":"C:\\Windows\\System32\\cmd.exe","CommandLine":null,"User":"NT AUTHORITY\\SYSTEM","ParentImage":"C:\\Program Files\\Ivanti\\SecureAccess\\bin\\ivantihelper.exe","ParentUser":"DOMAIN\\lowprivuser1"}
{"EventID":1,"UtcTime":"2025-03-07T23:34:33","ProcessGuid":"11495161-d6cc-4294-bd0e-c9ada64b93ce","ProcessId":1148,"Image":"C:\\Program Files\\Microsoft Office\\root\\Office16\\excel.exe","CommandLine":"excel.exe","User":"DOMAIN\\user74","ParentImage":null,"ParentUser":null}
{"EventID":1,"UtcTime":"2025-03-07T23:30:41","ProcessGuid":"ae328380-8b48-46ef-8aad-90fbd7050697","ProcessId":4415,"Image":"C:\\Windows\\System32\\WindowsPowerShell\\v1.0\\powershell.exe","CommandLine":"powershell.exe","User":"DOMAIN\\user67","ParentImage":null,"ParentUser":null}
{"EventID":1,"UtcTime":"2025-03-07T02:58:24","ProcessGuid":"fb989751-7bb7-4acc-bf51-05abcb3b8268","ProcessId":4613,"Image":"C:\\Program Files\\Microsoft Office\\root\\Office16\\outlook.exe","CommandLine":"outlook.exe","User":"DOMAIN\\user90","ParentImage":null,"ParentUser":null}
{"EventID":1,"UtcTime":"2025-03-07T02:26:46","ProcessGuid":"ba0d8f34-c4da-4724-8bb6-dea09ea111c9","ProcessId":3264,"Image":"C:\\Program Files\\Microsoft Office\\root\\Office16\\outlook.exe","CommandLine":"outlook.exe","User":"DOMAIN\\user97","ParentImage":null,"ParentUser":null}
{"EventID":10,"UtcTime":"2025-03-07T04:34:27","ProcessGuid":"5d6efc7a-0634-4151-bb59-16ca0913b4ef","ProcessId":6298,"Image":"C:\\Windows\\System32\\cmd.exe","CommandLine":null,"User":"NT AUTHORITY\\SYSTEM","ParentImage":"C:\\Program Files\\Ivanti\\SecureAccess\\bin\\ivantihelper.exe","ParentUser":"DOMAIN\\lowprivuser37"}
{"EventID":10,"UtcTime":"2025-03-07T19:13:54","ProcessGuid":"df57b211-0aa2-475d-9669-faa6d1e17ade","ProcessId":8991,"Image":"C:\\Windows\\System32\\cmd.exe","CommandLine":null,"User":"NT AUTHORITY\\SYSTEM","ParentImage":"C:\\Program Files\\Ivanti\\SecureAccess\\bin\\ivantihelper.exe","ParentUser":"DOMAIN\\lowprivuser41"}
{"EventID":10,"UtcTime":"2025-03-07T09:12:19","ProcessGuid":"2f73ee96-8f46-4db5-8595-0a9492a3940d","ProcessId":5682,"Image":"C:\\Windows\\System32\\cmd.exe","CommandLine":null,"User":"NT AUTHORITY\\SYSTEM","ParentImage":"C:\\Program Files\\Ivanti\\SecureAccess\\bin\\ivantihelper.exe","ParentUser":"DOMAIN\\lowprivuser50"}
{"EventID":1,"UtcTime":"2025-03-07T00:27:21","ProcessGuid":"e24b3420-a9be-4dcb-9739-ffd9d6fed22d","ProcessId":1394,"Image":"C:\\Program Files\\Google\\Chrome\\Application\\chrome.exe","CommandLine":"chrome.exe","User":"DOMAIN\\user32","ParentImage":null,"ParentUser":null}
{"EventID":1,"UtcTime":"2025-03-07T06:27:08","ProcessGuid":"69730e10-da20-4b84-949d-6efb40c2b76e","ProcessId":4808,"Image":"C:\\Program Files\\Google\\Chrome\\Application\\chrome.exe","CommandLine":"chrome.exe","User":"DOMAIN\\user12","ParentImage":null,"ParentUser":null}
{"EventID":1,"UtcTime":"2025-03-07T09:18:31","ProcessGuid":"a98e0c24-4a8a-4048-8ae5-b5184cc2b43f","ProcessId":3447,"Image":"C:\\Program Files\\Microsoft Office\\root\\Office16\\winword.exe","CommandLine":"word.exe","User":"DOMAIN\\user63","ParentImage":null,"ParentUser":null}
{"EventID":1,"UtcTime":"2025-03-07T02:38:04","ProcessGuid":"3745c246-c1fe-412d-8b0e-9cdecd9d114e","ProcessId":2501,"Image":"C:\\Program Files\\Google\\Chrome\\Application\\chrome.exe","CommandLine":"chrome.exe","User":"DOMAIN\\user62","ParentImage":null,"ParentUser":null}
{"EventID":1,"UtcTime":"2025-03-07T12:58:07","ProcessGuid":"5c17c76a-3e86-46b6-af08-9285468fb8d5","ProcessId":3974,"Image":"C:\\Program Files\\Ivanti\\SecureAccess\\bin\\ivantiservice.exe","CommandLine":"ivantiservice.exe -exec C:\\Windows\\System32\\msiexec.exe","User":"NT AUTHORITY\\SYSTEM","ParentImage":null,"ParentUser":null}
{"EventID":1,"UtcTime":"2025-03-07T08:24:50","ProcessGuid":"d7cd2151-b073-46fa-93a6-dd3dac59371b","ProcessId":4220,"Image":"C:\\Program Files\\Ivanti\\SecureAccess\\bin\\ivantiservice.exe","CommandLine":"ivantiservice.exe -exec C:\\Windows\\System32\\taskhostw.exe","User":"NT AUTHORITY\\SYSTEM","ParentImage":null,"ParentUser":null}
{"EventID":1,"UtcTime":"2025-03-07T17:39:22","ProcessGuid":"a45812c2-586f-408c-9597-114aa1f5a78e","ProcessId":3327,"Image":"C:\\Program Files\\Microsoft Office\\root\\Office16\\excel.exe","CommandLine":"excel.exe","User":"DOMAIN\\user96","ParentImage":null,"ParentUser":null}
{"EventID":1,"UtcTime":"2025-03-07T08:59:18","ProcessGuid":"6729423a-37aa-4591-9d87-be0709a79a0e","ProcessId":1945,"Image":"C:\\Program Files\\Microsoft Office\\root\\Office16\\winword.exe","CommandLine":"word.exe","User":"DOMAIN\\user48","ParentImage":null,"ParentUser":null}
{"EventID":1,"UtcTime":"2025-03-07T14:13:54","ProcessGuid":"4924868e-c738-4996-830a-f695452bd6cb","ProcessId":4525,"Image":"C:\\Windows\\System32\\WindowsPowerShell\\v1.0\\powershell.exe","CommandLine":"powershell.exe","User":"DOMAIN\\user84","ParentImage":null,"ParentUser":null}
{"EventID":1,"UtcTime":"2025-03-07T03:16:13","ProcessGuid":"abade382-c8b0-44ec-890e-7acdd035a6f5","ProcessId":1743,"Image":"C:\\Program Files\\Ivanti\\SecureAccess\\bin\\ivantiservice.exe","CommandLine":"ivantiservice.exe -exec C:\\Windows\\System32\\msiexec.exe","User":"NT AUTHORITY\\SYSTEM","ParentImage":null,"ParentUser":null}
{"EventID":1,"UtcTime":"2025-03-07T05:02:58","ProcessGuid":"fa157f3d-c9b8-4b21-adcf-34b291329357","ProcessId":2543,"Image":"C:\\Program Files\\Microsoft Office\\root\\Office16\\winword.exe","CommandLine":"word.exe","User":"DOMAIN\\user43","ParentImage":null,"ParentUser":null}
{"EventID":1,"UtcTime":"2025-03-07T05:15:49","ProcessGuid":"7aa27ea7-275f-4391-80ea-2e43c51ba3b7","ProcessId":1261,"Image":"C:\\Program Files\\Microsoft Office\\root\\Office16\\winword.exe","CommandLine":"word.exe","User":"DOMAIN\\user1","ParentImage":null,"ParentUser":null}
{"EventID":1,"UtcTime":"2025-03-07T21:06:25","ProcessGuid":"99c805cb-dfb0-4637-b4a4-90348bd365f3","ProcessId":2980,"Image":"C:\\Windows\\System32\\WindowsPowerShell\\v1.0\\powershell.exe","CommandLine":"powershell.exe","User":"DOMAIN\\user90","ParentImage":null,"ParentUser":null}
{"EventID":1,"UtcTime":"2025-03-07T21:40:04","ProcessGuid":"0c2091c2-80d5-4941-bffa-3ac87fab6235","ProcessId":2609,"Image":"C:\\Program Files\\Microsoft Office\\root\\Office16\\outlook.exe","CommandLine":"outlook.exe","User":"DOMAIN\\user25","ParentImage":null,"ParentUser":null}
{"EventID":1,"UtcTime":"2025-03-07T23:47:14","ProcessGuid":"77fdbc8f-460a-4eb6-b616-17a8ef498e9c","ProcessId":3943,"Image":"C:\\Program Files\\Google\\Chrome\\Application\\chrome.exe","CommandLine":"chrome.exe","User":"DOMAIN\\user47","ParentImage":null,"ParentUser":null}
{"EventID":1,"UtcTime":"2025-03-07T20:01:13","ProcessGuid":"ee59609d-2985-4a20-a165-b8b2cb621ccc","ProcessId":2889,"Image":"C:\\Program Files\\Microsoft Office\\root\\Office16\\winword.exe","CommandLine":"word.exe","User":"DOMAIN\\user84","ParentImage":null,"ParentUser":null}
{"EventID":1,"UtcTime":"2025-03-07T04:25:02","ProcessGuid":"a75e3c19-d64b-4567-b7a8-8e7ce6ea8d5f","ProcessId":2994,"Image":"C:\\Program Files\\Microsoft Office\\root\\Office16\\excel.exe","CommandLine":"excel.exe","User":"DOMAIN\\user23","ParentImage":null,"ParentUser":null}
{"EventID":1,"UtcTime":"2025-03-07T18:30:56","ProcessGuid":"09561684-33ce-4eb8-9bea-cc4a03dc0318","ProcessId":1663,"Image":"C:\\Program Files\\Microsoft Office\\root\\Office16\\winword.exe","CommandLine":"word.exe","User":"DOMAIN\\user91","ParentImage":null,"ParentUser":null}
{"EventID":1,"UtcTime":"2025-03-07T15:18:50","ProcessGuid":"2df094dc-5b09-4efb-979d-3a2d6ebd2c8b","ProcessId":2485,"Image":"C:\\Program Files\\Google\\Chrome\\Application\\chrome.exe","CommandLine":"chrome.exe","User":"DOMAIN\\user71","ParentImage":null,"ParentUser":null}
{"EventID":10,"UtcTime":"2025-03-07T03:30:43","ProcessGuid":"5b9e0800-269e-46a2-9818-f8703f203d82","ProcessId":6750,"Image":"C:\\Windows\\System32\\cmd.exe","CommandLine":null,"User":"NT AUTHORITY\\SYSTEM","ParentImage":"C:\\Program Files\\Ivanti\\SecureAccess\\bin\\ivantihelper.exe","ParentUser":"DOMAIN\\lowprivuser40"}
{"EventID":1,"UtcTime":"2025-03-07T08:07:52","ProcessGuid":"401f3ce8-d726-4d00-89bc-86f88f61a8d5","ProcessId":1536,"Image":"C:\\Program Files\\Microsoft Office\\root\\Office16\\winword.exe","CommandLine":"word.exe","User":"DOMAIN\\user69","ParentImage":null,"ParentUser":null}
{"EventID":1,"UtcTime":"2025-03-07T18:42:36","ProcessGuid":"ff961e39-9d92-421d-86d0-61f872e500d3","ProcessId":3577,"Image":"C:\\Windows\\explorer.exe","CommandLine":"explorer.exe","User":"DOMAIN\\user41","ParentImage":null,"ParentUser":null}
{"EventID":1,"UtcTime":"2025-03-07T16:57:32","ProcessGuid":"f040faca-d4e0-484f-b621-5cad0b3b1c8b","ProcessId":3834,"Image":"C:\\Program Files\\Microsoft Office\\root\\Office16\\outlook.exe","CommandLine":"outlook.exe","User":"DOMAIN\\user96","ParentImage":null,"ParentUser":null}
{"EventID":1,"UtcTime":"2025-03-07T19:43:07","ProcessGuid":"1ef95e66-8a6f-4c8d-b7f8-642a340f8ac4","ProcessId":2811,"Image":"C:\\Program Files\\Microsoft Office\\root\\Office16\\excel.exe","CommandLine":"excel.exe","User":"DOMAIN\\user42","ParentImage":null,"ParentUser":null}
{"EventID":1,"UtcTime":"2025-03-07T01:10:09","ProcessGuid":"544811c4-c185-4593-8c09-a3fea4894e8f","ProcessId":1177,"Image":"C:\\Program Files\\Ivanti\\SecureAccess\\bin\\ivantiservice.exe","CommandLine":"ivantiservice.exe -exec C:\\Windows\\System32\\conhost.exe","User":"NT AUTHORITY\\SYSTEM","ParentImage":null,"ParentUser":null}
{"EventID":1,"UtcTime":"2025-03-07T08:43:34","ProcessGuid":"d6806532-9341-4c05-b8c8-4c678dd7dbb8","ProcessId":2919,"Image":"C:\\Program Files\\Google\\Chrome\\Application\\chrome.exe","CommandLine":"chrome.exe","User":"DOMAIN\\user34","ParentImage":null,"ParentUser":null}
{"EventID":10,"UtcTime":"2025-03-07T13:08:35","ProcessGuid":"56ecd6bd-a922-4827-bbf0-f521b3114fb8","ProcessId":8933,"Image":"C:\\Windows\\System32\\cmd.exe","CommandLine":null,"User":"NT AUTHORITY\\SYSTEM","ParentImage":"C:\\Program Files\\Ivanti\\SecureAccess\\bin\\ivantihelper.exe","ParentUser":"DOMAIN\\lowprivuser27"}
{"EventID":1,"UtcTime":"2025-03-07T04:10:12","ProcessGuid":"e8561188-2b98-41e7-a580-3d2adbc536cb","ProcessId":3177,"Image":"C:\\Program Files\\Ivanti\\SecureAccess\\bin\\ivantiservice.exe","CommandLine":"ivantiservice.exe -exec C:\\Windows\\System32\\spoolsv.exe","User":"NT AUTHORITY\\SYSTEM","ParentImage":null,"ParentUser":null}
{"EventID":1,"UtcTime":"2025-03-07T19:50:19","ProcessGuid":"659fd0b9-db58-4679-93f7-901d89804304","ProcessId":4598,"Image":"C:\\Windows\\System32\\WindowsPowerShell\\v1.0\\powershell.exe","CommandLine":"powershell.exe","User":"DOMAIN\\user7","ParentImage":null,"ParentUser":null}
{"EventID":1,"UtcTime":"2025-03-07T17:42:35","ProcessGuid":"08ea8af1-ef37-4f94-a03c-c379fb6590ec","ProcessId":2208,"Image":"C:\\Program Files\\Google\\Chrome\\Application\\chrome.exe","CommandLine":"chrome.exe","User":"DOMAIN\\user88","ParentImage":null,"ParentUser":null}
{"EventID":1,"UtcTime":"2025-03-07T10:48:38","ProcessGuid":"99cec41f-fc2a-407b-a59e-2c08872984c9","ProcessId":4706,"Image":"C:\\Program Files\\Ivanti\\SecureAccess\\bin\\ivantiservice.exe","CommandLine":"ivantiservice.exe -exec C:\\Windows\\System32\\spoolsv.exe","User":"NT AUTHORITY\\SYSTEM","ParentImage":null,"ParentUser":null}
{"EventID":1,"UtcTime":"2025-03-07T01:23:46","ProcessGuid":"3416ebc1-9c5f-4a09-8aea-8afff713bec7","ProcessId":2894,"Image":"C:\\Program Files\\Google\\Chrome\\Application\\chrome.exe","CommandLine":"chrome.exe","User":"DOMAIN\\user85","ParentImage":null,"ParentUser":null}
{"EventID":10,"UtcTime":"2025-03-07T03:23:31","ProcessGuid":"c616c1fb-4b05-4f3b-ad77-21edd16d97ac","ProcessId":7334,"Image":"C:\\Windows\\System32\\cmd.exe","CommandLine":null,"User":"NT AUTHORITY\\SYSTEM","ParentImage":"C:\\Program Files\\Ivanti\\SecureAccess\\bin\\ivantihelper.exe","ParentUser":"DOMAIN\\lowprivuser48"}
{"EventID":10,"UtcTime":"2025-03-07T20:18:18","ProcessGuid":"111c6943-e596-4a7c-b141-fa3cd45273cb","ProcessId":6963,"Image":"C:\\Windows\\System32\\cmd.exe","CommandLine":null,"User":"NT AUTHORITY\\SYSTEM","ParentImage":"C:\\Program Files\\Ivanti\\SecureAccess\\bin\\ivantihelper.exe","ParentUser":"DOMAIN\\lowprivuser32"}
{"EventID":1,"UtcTime":"2025-03-07T09:37:35","ProcessGuid":"8dc493fc-a550-450c-b81e-baf46a921645","ProcessId":1172,"Image":"C:\\Windows\\System32\\WindowsPowerShell\\v1.0\\powershell.exe","CommandLine":"powershell.exe","User":"DOMAIN\\user47","ParentImage":null,"ParentUser":null}
{"EventID":1,"UtcTime":"2025-03-07T13:27:56","ProcessGuid":"9bbf0763-6189-4bc6-93c3-26a5d86254ad","ProcessId":1389,"Image":"C:\\Program Files\\Microsoft Office\\root\\Office16\\outlook.exe","CommandLine":"outlook.exe","User":"DOMAIN\\user21","ParentImage":null,"ParentUser":null}
{"EventID":1,"UtcTime":"2025-03-07T22:11:19","ProcessGuid":"7b77fc05-e290-4168-a32b-394c370479d5","ProcessId":1005,"Image":"C:\\Program Files\\Google\\Chrome\\Application\\chrome.exe","CommandLine":"chrome.exe","User":"DOMAIN\\user36","ParentImage":null,"ParentUser":null}
{"EventID":1,"UtcTime":"2025-03-07T22:25:21","ProcessGuid":"dedfe59f-bee2-4902-b603-991dbc2bd1df","ProcessId":2401,"Image":"C:\\Windows\\explorer.exe","CommandLine":"explorer.exe","User":"DOMAIN\\user3","ParentImage":null,"ParentUser":null}
{"EventID":1,"UtcTime":"2025-03-07T12:42:31","ProcessGuid":"62a69554-d1ef-42dd-af48-94b4e0af45d4","ProcessId":2842,"Image":"C:\\Program Files\\Microsoft Office\\root\\Office16\\excel.exe","CommandLine":"excel.exe","User":"DOMAIN\\user18","ParentImage":null,"ParentUser":null}
{"EventID":1,"UtcTime":"2025-03-07T20:59:26","ProcessGuid":"49104fc8-d896-41a7-9ffc-8625aec75c6e","ProcessId":3846,"Image":"C:\\Program Files\\Microsoft Office\\root\\Office16\\winword.exe","CommandLine":"word.exe","User":"DOMAIN\\user43","ParentImage":null,"ParentUser":null}
{"EventID":1,"UtcTime":"2025-03-07T02:29:12","ProcessGuid":"a0c744cb-cd58-48f8-af0d-ab1933b6dcad","ProcessId":1225,"Image":"C:\\Program Files\\Microsoft Office\\root\\Office16\\outlook.exe","CommandLine":"outlook.exe","User":"DOMAIN\\user26","ParentImage":null,"ParentUser":null}
{"EventID":1,"UtcTime":"2025-03-07T00:47:43","ProcessGuid":"9d679541-4f47-4451-a573-79927a8976e9","ProcessId":2867,"Image":"C:\\Program Files\\Google\\Chrome\\Application\\chrome.exe","CommandLine":"chrome.exe","User":"DOMAIN\\user55","ParentImage":null,"ParentUser":null}
{"EventID":10,"UtcTime":"2025-03-07T13:44:44","ProcessGuid":"51bfe71a-3bdf-451b-8210-4c33dd9c8bea","ProcessId":6652,"Image":"C:\\Windows\\System32\\cmd.exe","CommandLine":null,"User":"NT AUTHORITY\\SYSTEM","ParentImage":"C:\\Program Files\\Ivanti\\SecureAccess\\bin\\ivantihelper.exe","ParentUser":"DOMAIN\\lowprivuser11"}
{"EventID":1,"UtcTime":"2025-03-07T02:41:59","ProcessGuid":"c1dcc77c-4368-44a2-ab68-3d9bea568f32","ProcessId":4311,"Image":"C:\\Program Files\\Google\\Chrome\\Application\\chrome.exe","CommandLine":"chrome.exe","User":"DOMAIN\\user48","ParentImage":null,"ParentUser":null}
{"EventID":1,"UtcTime":"2025-03-07T22:00:52","ProcessGuid":"8c8a85e9-3c43-43d6-9905-0bb6a9695290","ProcessId":2886,"Image":"C:\\Windows\\explorer.exe","CommandLine":"explorer.exe","User":"DOMAIN\\user53","ParentImage":null,"ParentUser":null}
{"EventID":1,"UtcTime":"2025-03-07T16:14:19","ProcessGuid":"650b03ae-d7bf-4df5-a6f5-eb5a2a02b122","ProcessId":4291,"Image":"C:\\Program Files\\Microsoft Office\\root\\Office16\\excel.exe","CommandLine":"excel.exe","User":"DOMAIN\\user40","ParentImage":null,"ParentUser":null}
{"EventID":1,"UtcTime":"2025-03-07T10:58:43","ProcessGuid":"9089e325-c56f-4161-a005-4fd90322b8b1","ProcessId":3006,"Image":"C:\\Program Files\\Google\\Chrome\\Application\\chrome.exe","CommandLine":"chrome.exe","User":"DOMAIN\\user82","ParentImage":null,"ParentUser":null}
{"EventID":10,"UtcTime":"2025-03-07T11:20:52","ProcessGuid":"1a4f6439-01f3-43e8-bf71-df40007dc3b6","ProcessId":5587,"Image":"C:\\Windows\\System32\\cmd.exe","CommandLine":null,"User":"NT AUTHORITY\\SYSTEM","ParentImage":"C:\\Program Files\\Ivanti\\SecureAccess\\bin\\ivantihelper.exe","ParentUser":"DOMAIN\\lowprivuser13"}
{"EventID":1,"UtcTime":"2025-03-07T21:53:20","ProcessGuid":"5d63bd6f-a930-459e-8a18-e7a336f221ad","ProcessId":2057,"Image":"C:\\Program Files\\Google\\Chrome\\Application\\chrome.exe","CommandLine":"chrome.exe","User":"DOMAIN\\user10","ParentImage":null,"ParentUser":null}
{"EventID":1,"UtcTime":"2025-03-07T17:52:26","ProcessGuid":"4067e5a8-e39a-4360-94c2-645538ba29f5","ProcessId":4969,"Image":"C:\\Program Files\\Microsoft Office\\root\\Office16\\excel.exe","CommandLine":"excel.exe","User":"DOMAIN\\user7","ParentImage":null,"ParentUser":null}
{"EventID":1,"UtcTime":"2025-03-07T22:47:17","ProcessGuid":"229acf11-b0c7-4202-918e-c1b18282ce2d","ProcessId":3165,"Image":"C:\\Program Files\\Microsoft Office\\root\\Office16\\outlook.exe","CommandLine":"outlook.exe","User":"DOMAIN\\user65","ParentImage":null,"ParentUser":null}
{"EventID":1,"UtcTime":"2025-03-07T20:33:09","ProcessGuid":"3126e15b-71c5-43e4-8d9e-1d16d55761d8","ProcessId":3605,"Image":"C:\\Program Files\\Ivanti\\SecureAccess\\bin\\ivantiservice.exe","CommandLine":"ivantiservice.exe -exec C:\\Windows\\System32\\svchost.exe","User":"NT AUTHORITY\\SYSTEM","ParentImage":null,"ParentUser":null}
{"EventID":1,"UtcTime":"2025-03-07T12:15:49","ProcessGuid":"a2b055e4-dda0-480d-a3b2-a219c3744caa","ProcessId":1480,"Image":"C:\\Windows\\System32\\WindowsPowerShell\\v1.0\\powershell.exe","CommandLine":"powershell.exe","User":"DOMAIN\\user17","ParentImage":null,"ParentUser":null}
{"EventID":1,"UtcTime":"2025-03-07T01:04:29","ProcessGuid":"7d4eb1cd-24eb-4fc1-8fe9-a863ca04ac84","ProcessId":1581,"Image":"C:\\Program Files\\Ivanti\\SecureAccess\\bin\\ivantiservice.exe","CommandLine":"ivantiservice.exe -exec C:\\Windows\\System32\\cmd.exe","User":"NT AUTHORITY\\SYSTEM","ParentImage":null,"ParentUser":null}
{"EventID":1,"UtcTime":"2025-03-07T11:20:13","ProcessGuid":"3d72be6d-1817-487c-bb17-555d0420c1ca","ProcessId":2572,"Image":"C:\\Program Files\\Microsoft Office\\root\\Office16\\outlook.exe","CommandLine":"outlook.exe","User":"DOMAIN\\user55","ParentImage":null,"ParentUser":null}
{"EventID":1,"UtcTime":"2025-03-07T22:56:22","ProcessGuid":"3d68433e-dc8f-443b-8429-61cbd9a44170","ProcessId":1584,"Image":"C:\\Program Files\\Microsoft Office\\root\\Office16\\outlook.exe","CommandLine":"outlook.exe","User":"DOMAIN\\user96","ParentImage":null,"ParentUser":null}
{"EventID":1,"UtcTime":"2025-03-07T08:44:57","ProcessGuid":"cc37d77c-d21f-4fa0-aa47-faf2259e8826","ProcessId":2942,"Image":"C:\\Program Files\\Google\\Chrome\\Application\\chrome.exe","CommandLine":"chrome.exe","User":"DOMAIN\\user68","ParentImage":null,"ParentUser":null}
{"EventID":1,"UtcTime":"2025-03-07T03:38:00","ProcessGuid":"a19d0d0c-bdee-41f8-8525-05836b8cfa9c","ProcessId":4643,"Image":"C:\\Program Files\\Ivanti\\SecureAccess\\bin\\ivantiservice.exe","CommandLine":"ivantiservice.exe -exec C:\\Windows\\System32\\calc.exe","User":"NT AUTHORITY\\SYSTEM","ParentImage":null,"ParentUser":null}
{"EventID":1,"UtcTime":"2025-03-07T03:13:02","ProcessGuid":"e6eacaca-84d6-4c32-9206-8771ffc73039","ProcessId":4827,"Image":"C:\\Program Files\\Microsoft Office\\root\\Office16\\winword.exe","CommandLine":"word.exe","User":"DOMAIN\\user83","ParentImage":null,"ParentUser":null}
{"EventID":1,"UtcTime":"2025-03-07T03:15:04","ProcessGuid":"7b3b0603-bc28-470e-b6e7-451820360c93","ProcessId":3794,"Image":"C:\\Program Files\\Microsoft Office\\root\\Office16\\winword.exe","CommandLine":"word.exe","User":"DOMAIN\\user99","ParentImage":null,"ParentUser":null}
{"EventID":1,"UtcTime":"2025-03-07T16:46:26","ProcessGuid":"cd0aa4b2-7c00-47ba-aed4-b9ac4bbca44b","ProcessId":1093,"Image":"C:\\Windows\\System32\\WindowsPowerShell\\v1.0\\powershell.exe","CommandLine":"powershell.exe","User":"DOMAIN\\user99","ParentImage":null,"ParentUser":null}
{"EventID":1,"UtcTime":"2025-03-07T17:14:28","ProcessGuid":"c244ecb9-11b9-4432-8bdf-5565e8d39f99","ProcessId":3446,"Image":"C:\\Windows\\System32\\WindowsPowerShell\\v1.0\\powershell.exe","CommandLine":"powershell.exe","User":"DOMAIN\\user54","ParentImage":null,"ParentUser":null}
{"EventID":1,"UtcTime":"2025-03-07T17:43:17","ProcessGuid":"f7b1ba02-efe1-4f02-a8b8-1bb15ebf7051","ProcessId":2593,"Image":"C:\\Program Files\\Ivanti\\SecureAccess\\bin\\ivantiservice.exe","CommandLine":"ivantiservice.exe -exec C:\\Windows\\System32\\cmd.exe","User":"NT AUTHORITY\\SYSTEM","ParentImage":null,"ParentUser":null}
{"EventID":1,"UtcTime":"2025-03-07T04:44:33","ProcessGuid":"a2ba27e3-54a3-4705-b8e5-13a4ac29f06d","ProcessId":3629,"Image":"C:\\Windows\\explorer.exe","CommandLine":"explorer.exe","User":"DOMAIN\\user43","ParentImage":null,"ParentUser":null}
{"EventID":1,"UtcTime":"2025-03-07T02:34:54","ProcessGuid":"eaf4f4b8-0792-44b9-b294-7b1e4c512b65","ProcessId":3112,"Image":"C:\\Windows\\explorer.exe","CommandLine":"explorer.exe","User":"DOMAIN\\user52","ParentImage":null,"ParentUser":null}
{"EventID":10,"UtcTime":"2025-03-07T21:32:10","ProcessGuid":"6f10c300-31ef-4058-9896-609f4b912ec8","ProcessId":7856,"Image":"C:\\Windows\\System32\\cmd.exe","CommandLine":null,"User":"NT AUTHORITY\\SYSTEM","ParentImage":"C:\\Program Files\\Ivanti\\SecureAccess\\bin\\ivantihelper.exe","ParentUser":"DOMAIN\\lowprivuser41"}
{"EventID":1,"UtcTime":"2025-03-07T10:08:00","ProcessGuid":"d9db34c8-ad0d-457e-b60f-6d6418e3b859","ProcessId":1123,"Image":"C:\\Windows\\System32\\WindowsPowerShell\\v1.0\\powershell.exe","CommandLine":"powershell.exe","User":"DOMAIN\\user40","ParentImage":null,"ParentUser":null}
{"EventID":1,"UtcTime":"2025-03-07T03:03:42","ProcessGuid":"2dca33d7-8282-4191-8950-65ea305c9095","ProcessId":4302,"Image":"C:\\Program Files\\Microsoft Office\\root\\Office16\\outlook.exe","CommandLine":"outlook.exe","User":"DOMAIN\\user26","ParentImage":null,"ParentUser":null}
{"EventID":10,"UtcTime":"2025-03-07T05:50:08","ProcessGuid":"c748d4d7-8512-4d17-b3a3-ca9f1102d928","ProcessId":8416,"Image":"C:\\Windows\\System32\\cmd.exe","CommandLine":null,"User":"NT AUTHORITY\\SYSTEM","ParentImage":"C:\\Program Files\\Ivanti\\SecureAccess\\bin\\ivantihelper.exe","ParentUser":"DOMAIN\\lowprivuser9"}
{"EventID":1,"UtcTime":"2025-03-07T05:25:09","ProcessGuid":"1d6ff6f3-cae9-464e-bf5f-f0de4b2dd8ca","ProcessId":3606,"Image":"C:\\Windows\\explorer.exe","CommandLine":"explorer.exe","User":"DOMAIN\\user60","ParentImage":null,"ParentUser":null}
{"EventID":1,"UtcTime":"2025-03-07T00:17:37","ProcessGuid":"77bfa921-b3e6-44e0-aa88-618741f55571","ProcessId":1635,"Image":"C:\\Program Files\\Ivanti\\SecureAccess\\bin\\ivantiservice.exe","CommandLine":"ivantiservice.exe -exec C:\\Windows\\System32\\services.exe","User":"NT AUTHORITY\\SYSTEM","ParentImage":null,"ParentUser":null}
{"EventID":1,"UtcTime":"2025-03-07T07:31:53","ProcessGuid":"58fbd08c-81b6-4931-9417-abb56bb911ae","ProcessId":3101,"Image":"C:\\Program Files\\Microsoft Office\\root\\Office16\\outlook.exe","CommandLine":"outlook.exe","User":"DOMAIN\\user57","ParentImage":null,"ParentUser":null}
{"EventID":10,"UtcTime":"2025-03-07T18:48:42","ProcessGuid":"2e42ebc0-c16b-411e-bbf3-bf992adfbc60","ProcessId":6470,"Image":"C:\\Windows\\System32\\cmd.exe","CommandLine":null,"User":"NT AUTHORITY\\SYSTEM","ParentImage":"C:\\Program Files\\Ivanti\\SecureAccess\\bin\\ivantihelper.exe","ParentUser":"DOMAIN\\lowprivuser12"}
{"EventID":1,"UtcTime":"2025-03-07T14:18:11","ProcessGuid":"b8ea46fa-eb53-404b-b1fe-15a892baa60c","ProcessId":1959,"Image":"C:\\Windows\\explorer.exe","CommandLine":"explorer.exe","User":"DOMAIN\\user18","ParentImage":null,"ParentUser":null}
{"EventID":1,"UtcTime":"2025-03-07T17:06:57","ProcessGuid":"fc121c86-3450-4223-8894-e0434f878720","ProcessId":2809,"Image":"C:\\Program Files\\Google\\Chrome\\Application\\chrome.exe","CommandLine":"chrome.exe","User":"DOMAIN\\user36","ParentImage":null,"ParentUser":null}
{"EventID":1,"UtcTime":"2025-03-07T05:47:13","ProcessGuid":"4072a736-c758-493c-9737-7fb83e5ba9b7","ProcessId":1819,"Image":"C:\\Program Files\\Google\\Chrome\\Application\\chrome.exe","CommandLine":"chrome.exe","User":"DOMAIN\\user77","ParentImage":null,"ParentUser":null}
{"EventID":1,"UtcTime":"2025-03-07T20:20:34","ProcessGuid":"466a7e11-f274-485f-b87b-2126014dba50","ProcessId":4502,"Image":"C:\\Windows\\explorer.exe","CommandLine":"explorer.exe","User":"DOMAIN\\user35","ParentImage":null,"ParentUser":null}
{"EventID":1,"UtcTime":"2025-03-07T01:09:17","ProcessGuid":"01f22335-c39a-4bd1-9b5d-9fab8e14d226","ProcessId":1361,"Image":"C:\\Program Files\\Google\\Chrome\\Application\\chrome.exe","CommandLine":"chrome.exe","User":"DOMAIN\\user12","ParentImage":null,"ParentUser":null}
{"EventID":1,"UtcTime":"2025-03-07T06:38:45","ProcessGuid":"dfd71da4-abe2-4098-b141-e2c8116c2329","ProcessId":4659,"Image":"C:\\Program Files\\Microsoft Office\\root\\Office16\\winword.exe","CommandLine":"word.exe","User":"DOMAIN\\user24","ParentImage":null,"ParentUser":null}
{"EventID":1,"UtcTime":"2025-03-07T10:14:02","ProcessGuid":"1b2fc34c-a359-461e-998f-f2aef04caaed","ProcessId":2534,"Image":"C:\\Program Files\\Microsoft Office\\root\\Office16\\winword.exe","CommandLine":"word.exe","User":"DOMAIN\\user82","ParentImage":null,"ParentUser":null}
{"EventID":1,"UtcTime":"2025-03-07T20:28:16","ProcessGuid":"3c42fb94-72be-4f3f-813c-57594b10bf38","ProcessId":3002,"Image":"C:\\Program Files\\Microsoft Office\\root\\Office16\\excel.exe","CommandLine":"excel.exe","User":"DOMAIN\\user90","ParentImage":null,"ParentUser":null}
{"EventID":1,"UtcTime":"2025-03-07T01:32:32","ProcessGuid":"b5e183c2-7b65-4e6a-8a95-fbde6db093b7","ProcessId":1847,"Image":"C:\\Program Files\\Google\\Chrome\\Application\\chrome.exe","CommandLine":"chrome.exe","User":"DOMAIN\\user11","ParentImage":null,"ParentUser":null}
{"EventID":1,"UtcTime":"2025-03-07T23:35:47","ProcessGuid":"7f0fdc83-8c6c-450a-9571-530589782560","ProcessId":3239,"Image":"C:\\Program Files\\Microsoft Office\\root\\Office16\\winword.exe","CommandLine":"word.exe","User":"DOMAIN\\user89","ParentImage":null,"ParentUser":null}
{"EventID":1,"UtcTime":"2025-03-07T11:36:17","ProcessGuid":"23686c1b-3f8c-43df-904a-d8b8ea8764bc","ProcessId":4539,"Image":"C:\\Program Files\\Ivanti\\SecureAccess\\bin\\ivantiservice.exe","CommandLine":"ivantiservice.exe -exec C:\\Windows\\System32\\rundll32.exe","User":"NT AUTHORITY\\SYSTEM","ParentImage":null,"ParentUser":null}
{"EventID":1,"UtcTime":"2025-03-07T13:47:18","ProcessGuid":"ce305d0c-1dbf-499b-b7dd-3fab41e58087","ProcessId":2773,"Image":"C:\\Program Files\\Ivanti\\SecureAccess\\bin\\ivantiservice.exe","CommandLine":"ivantiservice.exe -exec C:\\Windows\\System32\\taskhostw.exe","User":"NT AUTHORITY\\SYSTEM","ParentImage":null,"ParentUser":null}
{"EventID":1,"UtcTime":"2025-03-07T14:53:23","ProcessGuid":"8833c1a7-6c9c-4277-acc4-c69f3cc79127","ProcessId":2393,"Image":"C:\\Program Files\\Microsoft Office\\root\\Office16\\excel.exe","CommandLine":"excel.exe","User":"DOMAIN\\user57","ParentImage":null,"ParentUser":null}
{"EventID":1,"UtcTime":"2025-03-07T00:16:58","ProcessGuid":"5db80b76-07a6-48eb-87dc-6f986cb8c0f3","ProcessId":3297,"Image":"C:\\Program Files\\Microsoft Office\\root\\Office16\\excel.exe","CommandLine":"excel.exe","User":"DOMAIN\\user56","ParentImage":null,"ParentUser":null}
{"EventID":1,"UtcTime":"2025-03-07T05:40:16","ProcessGuid":"bc906203-7989-4beb-b6ff-c9604f97fa76","ProcessId":4253,"Image":"C:\\Program Files\\Microsoft Office\\root\\Office16\\winword.exe","CommandLine":"word.exe","User":"DOMAIN\\user80","ParentImage":null,"ParentUser":null}
{"EventID":10,"UtcTime":"2025-03-07T18:58:03","ProcessGuid":"bf61d991-f415-4628-ab44-5d4324e86c9a","ProcessId":8431,"Image":"C:\\Windows\\System32\\cmd.exe","CommandLine":null,"User":"NT AUTHORITY\\SYSTEM","ParentImage":"C:\\Program Files\\Ivanti\\SecureAccess\\bin\\ivantihelper.exe","ParentUser":"DOMAIN\\lowprivuser25"}
{"EventID":1,"UtcTime":"2025-03-07T13:14:19","ProcessGuid":"88ceeefb-6877-46ba-adc3-164f325fc9fe","ProcessId":2522,"Image":"C:\\Program Files\\Microsoft Office\\root\\Office16\\excel.exe","CommandLine":"excel.exe","User":"DOMAIN\\user66","ParentImage":null,"ParentUser":null}
{"EventID":10,"UtcTime":"2025-03-07T17:16:12","ProcessGuid":"f375d7b9-71e6-438f-97b0-d0b15f9d1fe9","ProcessId":7120,"Image":"C:\\Windows\\System32\\cmd.exe","CommandLine":null,"User":"NT AUTHORITY\\SYSTEM","ParentImage":"C:\\Program Files\\Ivanti\\SecureAccess\\bin\\ivantihelper.exe","ParentUser":"DOMAIN\\lowprivuser8"}
{"EventID":1,"UtcTime":"2025-03-07T07:37:34","ProcessGuid":"b131984e-aefb-4ab3-a908-e04fb6eeae63","ProcessId":2425,"Image":"C:\\Program Files\\Google\\Chrome\\Application\\chrome.exe","CommandLine":"chrome.exe","User":"DOMAIN\\user40","ParentImage":null,"ParentUser":null}
{"EventID":10,"UtcTime":"2025-03-07T20:42:39","ProcessGuid":"7e871974-9ada-45b0-853e-d3cdc620e450","ProcessId":5777,"Image":"C:\\Windows\\System32\\cmd.exe","CommandLine":null,"User":"NT AUTHORITY\\SYSTEM","ParentImage":"C:\\Program Files\\Ivanti\\SecureAccess\\bin\\ivantihelper.exe","ParentUser":"DOMAIN\\lowprivuser41"}
{"EventID":1,"UtcTime":"2025-03-07T14:04:08","ProcessGuid":"7b7078ce-bc02-414d-9a84-54c3c7f581a6","ProcessId":3638,"Image":"C:\\Windows\\System32\\WindowsPowerShell\\v1.0\\powershell.exe","CommandLine":"powershell.exe","User":"DOMAIN\\user83","ParentImage":null,"ParentUser":null}
{"EventID":1,"UtcTime":"2025-03-07T09:10:25","ProcessGuid":"a2bd3ff3-27e7-4eb5-a2aa-6225e996e0db","ProcessId":3693,"Image":"C:\\Program Files\\Microsoft Office\\root\\Office16\\outlook.exe","CommandLine":"outlook.exe","User":"DOMAIN\\user54","ParentImage":null,"ParentUser":null}
{"EventID":1,"UtcTime":"2025-03-07T08:11:58","ProcessGuid":"98b034e7-d000-4e1a-a3c5-2f225ecfdd36","ProcessId":1027,"Image":"C:\\Windows\\explorer.exe","CommandLine":"explorer.exe","User":"DOMAIN\\user55","ParentImage":null,"ParentUser":null}
{"EventID":1,"UtcTime":"2025-03-07T13:11:50","ProcessGuid":"c1194712-74de-40a7-9124-1de53c7ac83e","ProcessId":2446,"Image":"C:\\Program Files\\Ivanti\\SecureAccess\\bin\\ivantiservice.exe","CommandLine":"ivantiservice.exe -exec C:\\Windows\\System32\\winlogon.exe","User":"NT AUTHORITY\\SYSTEM","ParentImage":null,"ParentUser":null}
{"EventID":1,"UtcTime":"2025-03-07T02:44:43","ProcessGuid":"2b6242b0-9540-4e7f-aece-216a0fd5ab79","ProcessId":1193,"Image":"C:\\Windows\\System32\\WindowsPowerShell\\v1.0\\powershell.exe","CommandLine":"powershell.exe","User":"DOMAIN\\user86","ParentImage":null,"ParentUser":null}
{"EventID":1,"UtcTime":"2025-03-07T23:38:40","ProcessGuid":"c2998986-95bd-4271-a250-b89547e050dc","ProcessId":2983,"Image":"C:\\Program Files\\Google\\Chrome\\Application\\chrome.exe","CommandLine":"chrome.exe","User":"DOMAIN\\user76","ParentImage":null,"ParentUser":null}
