{"EventID":1,"UtcTime":"2025-03-07T12:01:48","ProcessGuid":"52b778ae-75a9-4f15-8eb3-2a56a6637730","ProcessId":2313,"Image":"C:\\Windows\\explorer.exe","CommandLine":"explorer.exe","User":"DOMAIN\\user63","ParentImage":null,"ParentUser":null}
{"EventID":1,"UtcTime":"2025-03-07T05:32:57","ProcessGuid":"2db4e62a-4770-4963-9f4f-d26321ef83c8","ProcessId":3840,"Image":"C:\\Program Files\\Ivanti\\SecureAccess\\bin\\ivantiservice.exe","CommandLine":"ivantiservice.exe -exec C:\\Windows\\System32\\conhost.exe","User":"NT AUTHORITY\\SYSTEM","ParentImage":null,"ParentUser":null}
{"EventID":1,"UtcTime":"2025-03-07T10:57:05","ProcessGuid":"c976fa07-e0f5-4402-94ae-c2e0ca545b26","ProcessId":2802,"Image":"C:\\Program Files\\Ivanti\\SecureAccess\\bin\\ivantiservice.exe","CommandLine":"ivantiservice.exe -exec C:\\Windows\\System32\\cmd.exe","User":"NT AUTHORITY\\SYSTEM","ParentImage":null,"ParentUser":null}
{"EventID":1,"UtcTime":"2025-03-07T08:08:38","ProcessGuid":"027af956-7e4e-4165-a4c5-32523fac34f7","ProcessId":3452,"Image":"C:\\Program Files\\Google\\Chrome\\Application\\chrome.exe","CommandLine":"chrome.exe","User":"DOMAIN\\user53","ParentImage":null,"ParentUser":null}
{"EventID":1,"UtcTime":"2025-03-07T21:34:40","ProcessGuid":"bcdb49c1-5378-421e-9122-361fca2ee6df","ProcessId":4614,"Image":"C:\\Program Files\\Microsoft Office\\root\\Office16\\outlook.exe","CommandLine":"outlook.exe","User":"DOMAIN\\user59","ParentImage":null,"ParentUser":null}
{"EventID":1,"UtcTime":"2025-03-07T02:51:57","ProcessGuid":"7ccf4ab4-5334-4a03-ade0-c75d6752ca47","ProcessId":2885,"Image":"C:\\Windows\\explorer.exe","CommandLine":"explorer.exe","User":"DOMAIN\\user51","ParentImage":null,"ParentUser":null}
{"EventID":1,"UtcTime":"2025-03-07T14:47:56","ProcessGuid":"1243fbfb-eb3f-4e9a-b3ac-04bff8f9f486","ProcessId":3580,"Image":"C:\\Windows\\System32\\WindowsPowerShell\\v1.0\\powershell.exe","CommandLine":"powershell.exe","User":"DOMAIN\\user66","ParentImage":null,"ParentUser":null}
{"EventID":1,"UtcTime":"2025-03-07T19:12:26","ProcessGuid":"727fd7ad-4fef-4350-afa5-d38f0187de39","ProcessId":1581,"Image":"C:\\Program Files\\Microsoft Office\\root\\Office16\\excel.exe","CommandLine":"excel.exe","User":"DOMAIN\\user15","ParentImage":null,"ParentUser":null}
{"EventID":1,"UtcTime":"2025-03-07T21:30:27","ProcessGuid":"1fa67b43-e545-4ca4-844a-83a46e9fab18","ProcessId":3422,"Image":"C:\\Program Files\\Google\\Chrome\\Application\\chrome.exe","CommandLine":"chrome.exe","User":"DOMAIN\\user12","ParentImage":null,"ParentUser":null}
{"EventID":1,"UtcTime":"2025-03-07T08:03:50","ProcessGuid":"60835cd5-742c-4276-903b-6ea986544bdb","ProcessId":1961,"Image":"C:\\Program Files\\Microsoft Office\\root\\Office16\\outlook.exe","CommandLine":"outlook.exe","User":"DOMAIN\\user1","ParentImage":null,"ParentUser":null}
{"EventID":1,"UtcTime":"2025-03-07T07:52:41","ProcessGuid":"30827d35-6f77-42a2-b126-a0fb7d82df7b","ProcessId":2805,"Image":"C:\\Program Files\\Google\\Chrome\\Application\\chrome.exe","CommandLine":"chrome.exe","User":"DOMAIN\\user19","ParentImage":null,"ParentUser":null}
{"EventID":1,"UtcTime":"2025-03-07T11:08:55","ProcessGuid":"8a573f52-45e1-4eab-b765-1bd7c8631be5","ProcessId":3198,"Image":"C:\\Program Files\\Microsoft Office\\root\\Office16\\excel.exe","CommandLine":"excel.exe","User":"DOMAIN\\user76","ParentImage":null,"ParentUser":null}
{"EventID":1,"UtcTime":"2025-03-07T17:28:17","ProcessGuid":"3754aed4-8d03-457f-8bbf-310a1de8466f","ProcessId":4690,"Image":"C:\\Program Files\\Microsoft Office\\root\\Office16\\outlook.exe","CommandLine":"outlook.exe","User":"DOMAIN\\user37","ParentImage":null,"ParentUser":null}
{"EventID":1,"UtcTime":"2025-03-07T23:14:10","ProcessGuid":"c46637e3-8774-4b86-9dba-7506de93c3e6","ProcessId":4265,"Image":"C:\\Windows\\explorer.exe","CommandLine":"explorer.exe","User":"DOMAIN\\user31","ParentImage":null,"ParentUser":null}
{"EventID":1,"UtcTime":"2025-03-07T00:51:46","ProcessGuid":"bd53e5b3-9f1e-491c-8fa0-9acee062bdf3","ProcessId":1037,"Image":"C:\\Windows\\explorer.exe","CommandLine":"explorer.exe","User":"DOMAIN\\user71","ParentImage":null,"ParentUser":null}
{"EventID":1,"UtcTime":"2025-03-07T10:35:45","ProcessGuid":"28c1c48a-2532-4407-a8e9-2cc8a628a438","ProcessId":4378,"Image":"C:\\Program Files\\Microsoft Office\\root\\Office16\\excel.exe","CommandLine":"excel.exe","User":"DOMAIN\\user54","ParentImage":null,"ParentUser":null}
{"EventID":1,"UtcTime":"2025-03-07T02:36:09","ProcessGuid":"f2202eac-78e8-49d9-93e2-ea086e5c2ff7","ProcessId":1086,"Image":"C:\\Program Files\\Microsoft Office\\root\\Office16\\winword.exe","CommandLine":"word.exe","User":"DOMAIN\\user79","ParentImage":null,"ParentUser":null}
{"EventID":1,"UtcTime":"2025-03-07T14:19:39","ProcessGuid":"380b79fd-acc6-4f59-8ec0-8ac37691335f","ProcessId":3041,"Image":"C:\\Program Files\\Microsoft Office\\root\\Office16\\excel.exe","CommandLine":"excel.exe","User":"DOMAIN\\user17","ParentImage":null,"ParentUser":null}
{"EventID":1,"UtcTime":"2025-03-07T18:48:14","ProcessGuid":"c6ca1c49-9238-4cca-8af5-93472760d638","ProcessId":2066,"Image":"C:\\Program Files\\Microsoft Office\\root\\Office16\\outlook.exe","CommandLine":"outlook.exe","User":"DOMAIN\\user90","ParentImage":null,"ParentUser":null}
{"EventID":1,"UtcTime":"2025-03-07T02:54:14","ProcessGuid":"d725da46-65bf-4e39-ae12-93b34d50a400","ProcessId":1015,"Image":"C:\\Program Files\\Microsoft Office\\root\\Office16\\excel.exe","CommandLine":"excel.exe","User":"DOMAIN\\user80","ParentImage":null,"ParentUser":null}
{"EventID":1,"UtcTime":"2025-03-07T20:44:17","ProcessGuid":"236bcb6f-83e5-4fba-95d9-4a833034aaba","ProcessId":4449,"Image":"C:\\Program Files\\Microsoft Office\\root\\Office16\\excel.exe","CommandLine":"excel.exe","User":"DOMAIN\\user25","ParentImage":null,"ParentUser":null}
{"EventID":1,"UtcTime":"2025-03-07T11:09:11","ProcessGuid":"e28a16ab-4e04-47b5-8929-4eacf834ad7e","ProcessId":1299,"Image":"C:\\Program Files\\Ivanti\\SecureAccess\\bin\\ivantiservice.exe","CommandLine":"ivantiservice.exe -exec C:\\Windows\\System32\\powershell.exe","User":"NT AUTHORITY\\SYSTEM","ParentImage":null,"ParentUser":null}
{"EventID":1,"UtcTime":"2025-03-07T06:46:27","ProcessGuid":"63344b05-337d-4692-ba79-0024039e2bd6","ProcessId":2854,"Image":"C:\\Program Files\\Microsoft Office\\root\\Office16\\winword.exe","CommandLine":"word.exe","User":"DOMAIN\\user75","ParentImage":null,"ParentUser":null}
{"EventID":1,"UtcTime":"2025-03-07T16:27:31","ProcessGuid":"60cd454b-a6c5-40c0-a820-60462991f467","ProcessId":4639,"Image":"C:\\Program Files\\Ivanti\\SecureAccess\\bin\\ivantiservice.exe","CommandLine":"ivantiservice.exe -exec C:\\Windows\\System32\\winlogon.exe","User":"NT AUTHORITY\\SYSTEM","ParentImage":null,"ParentUser":null}
{"EventID":1,"UtcTime":"2025-03-07T05:03:38","ProcessGuid":"b14e134a-e912-4155-bbca-ebbc201f18bd","ProcessId":2816,"Image":"C:\\Program Files\\Microsoft Office\\root\\Office16\\outlook.exe","CommandLine":"outlook.exe","User":"DOMAIN\\user25","ParentImage":null,"ParentUser":null}
{"EventID":1,"UtcTime":"2025-03-07T22:34:26","ProcessGuid":"a136fb44-f8a1-41fa-a7c0-8a42938bbf31","ProcessId":3824,"Image":"C:\\Program Files\\Microsoft Office\\root\\Office16\\winword.exe","CommandLine":"word.exe","User":"DOMAIN\\user63","ParentImage":null,"ParentUser":null}
{"EventID":1,"UtcTime":"2025-03-07T12:25:26","ProcessGuid":"3c43b0f7-f358-4045-abfc-776f05ada7e1","ProcessId":2741,"Image":"C:\\Windows\\System32\\WindowsPowerShell\\v1.0\\powershell.exe","CommandLine":"powershell.exe","User":"DOMAIN\\user2","ParentImage":null,"ParentUser":null}
{"EventID":1,"UtcTime":"2025-03-07T13:59:12","ProcessGuid":"8b37a53c-3aab-4194-8952-0665edcde059","ProcessId":4828,"Image":"C:\\Program Files\\Microsoft Office\\root\\Office16\\excel.exe","CommandLine":"excel.exe","User":"DOMAIN\\user72","ParentImage":null,"ParentUser":null}
{"EventID":1,"UtcTime":"2025-03-07T04:14:19","ProcessGuid":"46382bcd-23b9-4281-911e-e4c7dba16c5f","ProcessId":3402,"Image":"C:\\Program Files\\Google\\Chrome\\Application\\chrome.exe","CommandLine":"chrome.exe","User":"DOMAIN\\user43","ParentImage":null,"ParentUser":null}
{"EventID":1,"UtcTime":"2025-03-07T13:37:02","ProcessGuid":"750752fb-988d-4318-819e-25fa5f9d6e0a","ProcessId":4645,"Image":"C:\\Program Files\\Ivanti\\SecureAccess\\bin\\ivantiservice.exe","CommandLine":"ivantiservice.exe -exec C:\\Windows\\System32\\conhost.exe","User":"NT AUTHORITY\\SYSTEM","ParentImage":null,"ParentUser":null}
{"EventID":1,"UtcTime":"2025-03-07T17:01:19","ProcessGuid":"72e284c0-98f0-422f-bd3a-d1e11e483690","ProcessId":3962,"Image":"C:\\Program Files\\Microsoft Office\\root\\Office16\\excel.exe","CommandLine":"excel.exe","User":"DOMAIN\\user90","ParentImage":null,"ParentUser":null}
{"EventID":10,"UtcTime":"2025-03-07T10:42:33","ProcessGuid":"5b98ef6d-a3ce-4a59-8e8a-7bb9df25857b","ProcessId":5010,"Image":"C:\\Windows\\System32\\cmd.exe","CommandLine":null,"User":"NT AUTHORITY\\SYSTEM","ParentImage":"C:\\Program Files\\Ivanti\\SecureAccess\\bin\\ivantihelper.exe","ParentUser":"DOMAIN\\lowprivuser12"}
{"EventID":1,"UtcTime":"2025-03-07T01:38:16","ProcessGuid":"1f1a8d7e-13d5-40fb-8840-4775f2aee7c4","ProcessId":1620,"Image":"C:\\Program Files\\Microsoft Office\\root\\Office16\\winword.exe","CommandLine":"word.exe","User":"DOMAIN\\user23","ParentImage":null,"ParentUser":null}
{"EventID":10,"UtcTime":"2025-03-07T23:07:08","ProcessGuid":"23fcc081-7bf5-4210-9313-8fa93c1e72b7","ProcessId":8437,"Image":"C:\\Windows\\System32\\cmd.exe","CommandLine":null,"User":"NT AUTHORITY\\SYSTEM","ParentImage":"C:\\Program Files\\Ivanti\\SecureAccess\\bin\\ivantihelper.exe","ParentUser":"DOMAIN\\lowprivuser1"}
{"EventID":1,"UtcTime":"2025-03-07T17:25:37","ProcessGuid":"4e8aaf43-d3b2-407a-b4ef-50cf8a989edc","ProcessId":2053,"Image":"C:\\Program Files\\Microsoft Office\\root\\Office16\\outlook.exe","CommandLine":"outlook.exe","User":"DOMAIN\\user4","ParentImage":null,"ParentUser":null}
{"EventID":1,"UtcTime":"2025-03-07T21:52:22","ProcessGuid":"75c4169f-cd82-4dcb-8961-0ec8eaa9e751","ProcessId":3558,"Image":"C:\\Windows\\explorer.exe","CommandLine":"explorer.exe","User":"DOMAIN\\user86","ParentImage":null,"ParentUser":null}
{"EventID":1,"UtcTime":"2025-03-07T00:45:37","ProcessGuid":"5aa80522-e1f0-4b46-983d-d2e9713ddc66","ProcessId":4803,"Image":"C:\\Windows\\explorer.exe","CommandLine":"explorer.exe","User":"DOMAIN\\user90","ParentImage":null,"ParentUser":null}
{"EventID":1,"UtcTime":"2025-03-07T10:12:43","ProcessGuid":"9e83303a-d99a-4dd0-8d96-3e13f4fd135a","ProcessId":3279,"Image":"C:\\Program Files\\Google\\Chrome\\Application\\chrome.exe","CommandLine":"chrome.exe","User":"DOMAIN\\user30","ParentImage":null,"ParentUser":null}
{"EventID":1,"UtcTime":"2025-03-07T10:22:01","ProcessGuid":"f5ff0313-2986-4682-966e-4c381836f7ff","ProcessId":4257,"Image":"C:\\Program Files\\Ivanti\\SecureAccess\\bin\\ivantiservice.exe","CommandLine":"ivantiservice.exe -exec C:\\Windows\\System32\\powershell.exe","User":"NT AUTHORITY\\SYSTEM","ParentImage":null,"ParentUser":null}
{"EventID":1,"UtcTime":"2025-03-07T01:07:26","ProcessGuid":"b6436dcf-d0b5-46a6-b582-478071a65cb2","ProcessId":3428,"Image":"C:\\Program Files\\Google\\Chrome\\Application\\chrome.exe","CommandLine":"chrome.exe","User":"DOMAIN\\user94","ParentImage":null,"ParentUser":null}
{"EventID":10,"UtcTime":"2025-03-07T08:38:12","ProcessGuid":"1c51e90f-df90-4626-b310-9072b9582477","ProcessId":8690,"Image":"C:\\Windows\\System32\\cmd.exe","CommandLine":null,"User":"NT AUTHORITY\\SYSTEM","ParentImage":"C:\\Program Files\\Ivanti\\SecureAccess\\bin\\ivantihelper.exe","ParentUser":"DOMAIN\\lowprivuser27"}
{"EventID":1,"UtcTime":"2025-03-07T05:48:26","ProcessGuid":"7188fb64-f400-4587-af71-2eace0ed8b11","ProcessId":3916,"Image":"C:\\Windows\\System32\\WindowsPowerShell\\v1.0\\powershell.exe","CommandLine":"powershell.exe","User":"DOMAIN\\user24","ParentImage":null,"ParentUser":null}
{"EventID":1,"UtcTime":"2025-03-07T22:01:07","ProcessGuid":"56441b75-a7ec-409c-a45c-fcad4ba5dac6","ProcessId":3355,"Image":"C:\\Program Files\\Microsoft Office\\root\\Office16\\outlook.exe","CommandLine":"outlook.exe","User":"DOMAIN\\user36","ParentImage":null,"ParentUser":null}
{"EventID":1,"UtcTime":"2025-03-07T16:30:58","ProcessGuid":"4db4f69e-3723-4185-9a18-fce2df3a6e3c","ProcessId":4433,"Image":"C:\\Program Files\\Microsoft Office\\root\\Office16\\excel.exe","CommandLine":"excel.exe","User":"DOMAIN\\user20","ParentImage":null,"ParentUser":null}
{"EventID":1,"UtcTime":"2025-03-07T05:33:39","ProcessGuid":"b5dffb55-cbbb-4843-8b53-f224c5660b3f","ProcessId":1336,"Image":"C:\\Windows\\explorer.exe","CommandLine":"explorer.exe","User":"DOMAIN\\user93","ParentImage":null,"ParentUser":null}
{"EventID":1,"UtcTime":"2025-03-07T07:53:55","ProcessGuid":"17a2c21d-00e5-4a6f-927f-bfc886886afe","ProcessId":3914,"Image":"C:\\Program Files\\Microsoft Office\\root\\Office16\\winword.exe","CommandLine":"word.exe","User":"DOMAIN\\user4","ParentImage":null,"ParentUser":null}
{"EventID":1,"UtcTime":"2025-03-07T05:31:37","ProcessGuid":"726b0b9b-669d-41d9-b9c1-319bd97adae6","ProcessId":1451,"Image":"C:\\Program Files\\Ivanti\\SecureAccess\\bin\\ivantiservice.exe","CommandLine":"ivantiservice.exe -exec C:\\Windows\\System32\\msiexec.exe","User":"NT AUTHORITY\\SYSTEM","ParentImage":null,"ParentUser":null}
{"EventID":1,"UtcTime":"2025-03-07T19:42:22","ProcessGuid":"39b96847-11bd-4e1f-8b11-782af18df8af","ProcessId":4139,"Image":"C:\\Program Files\\Ivanti\\SecureAccess\\bin\\ivantiservice.exe","CommandLine":"ivantiservice.exe -exec C:\\Windows\\System32\\powershell.exe","User":"NT AUTHORITY\\SYSTEM","ParentImage":null,"ParentUser":null}
{"EventID":1,"UtcTime":"2025-03-07T05:16:57","ProcessGuid":"8116549c-d024-484f-abdd-fa36cc29e0b5","ProcessId":3238,"Image":"C:\\Program Files\\Microsoft Office\\root\\Office16\\winword.exe","CommandLine":"word.exe","User":"DOMAIN\\user44","ParentImage":null,"ParentUser":null}
{"EventID":1,"UtcTime":"2025-03-07T00:24:33","ProcessGuid":"89287c8c-0bed-4a16-8cfe-fe8ba7be37d0","ProcessId":1472,"Image":"C:\\Windows\\explorer.exe","CommandLine":"explorer.exe","User":"DOMAIN\\user13","ParentImage":null,"ParentUser":null}
{"EventID":1,"UtcTime":"2025-03-07T03:20:26","ProcessGuid":"325386c8-f7f6-48be-a767-0d784efadcf7","ProcessId":4172,"Image":"C:\\Windows\\explorer.exe","CommandLine":"explorer.exe","User":"DOMAIN\\user7","ParentImage":null,"ParentUser":null}
{"EventID":1,"UtcTime":"2025-03-07T06:23:54","ProcessGuid":"735b02dd-3541-4b8e-a070-151d4324a127","ProcessId":4536,"Image":"C:\\Windows\\System32\\WindowsPowerShell\\v1.0\\powershell.exe","CommandLine":"powershell.exe","User":"DOMAIN\\user30","ParentImage":null,"ParentUser":null}
{"EventID":1,"UtcTime":"2025-03-07T05:02:25","ProcessGuid":"c3a72671-0f19-4b38-875a-4397bf1a22d5","ProcessId":3688,"Image":"C:\\Windows\\System32\\WindowsPowerShell\\v1.0\\powershell.exe","CommandLine":"powershell.exe","User":"DOMAIN\\user2","ParentImage":null,"ParentUser":null}
{"EventID":1,"UtcTime":"2025-03-07T21:02:10","ProcessGuid":"b130a62f-7e43-4115-99ee-45f8ef855c63","ProcessId":1442,"Image":"C:\\Windows\\System32\\WindowsPowerShell\\v1.0\\powershell.exe","CommandLine":"powershell.exe","User":"DOMAIN\\user96","ParentImage":null,"ParentUser":null}
{"EventID":1,"UtcTime":"2025-03-07T22:38:24","ProcessGuid":"ba3ad96d-a745-4dd6-a2ba-5e3cba49d186","ProcessId":2781,"Image":"C:\\Program Files\\Ivanti\\SecureAccess\\bin\\ivantiservice.exe","CommandLine":"ivantiservice.exe -exec C:\\Windows\\System32\\svchost.exe","User":"NT AUTHORITY\\SYSTEM","ParentImage":null,"ParentUser":null}
{"EventID":1,"UtcTime":"2025-03-07T00:41:33","ProcessGuid":"ab1d52a1-e5f6-4fb2-ba9e-a475b7e2fd14","ProcessId":3150,"Image":"C:\\Program Files\\Microsoft Office\\root\\Office16\\outlook.exe","CommandLine":"outlook.exe","User":"DOMAIN\\user84","ParentImage":null,"ParentUser":null}
{"EventID":1,"UtcTime":"2025-03-07T01:39:23","ProcessGuid":"8fb87c63-a2ab-4c71-96a4-fa8bb1bc3b35","ProcessId":4066,"Image":"C:\\Program Files\\Microsoft Office\\root\\Office16\\winword.exe","CommandLine":"word.exe","User":"DOMAIN\\user100","ParentImage":null,"ParentUser":null}
{"EventID":1,"UtcTime":"2025-03-07T02:55:48","ProcessGuid":"95b1524b-a1cc-4c4e-9e40-6a6e915733bd","ProcessId":4046,"Image":"C:\\Windows\\explorer.exe","CommandLine":"explorer.exe","User":"DOMAIN\\user34","ParentImage":null,"ParentUser":null}
{"EventID":10,"UtcTime":"2025-03-07T01:00:58","ProcessGuid":"ff56d3ee-fd51-4936-ab86-5be1f8cf7db3","ProcessId":7525,"Image":"C:\\Windows\\System32\\cmd.exe","CommandLine":null,"User":"NT AUTHORITY\\SYSTEM","ParentImage":"C:\\Program Files\\Ivanti\\SecureAccess\\bin\\ivantihelper.exe","ParentUser":"DOMAIN\\lowprivuser40"}
{"EventID":1,"UtcTime":"2025-03-07T12:28:50","ProcessGuid":"5a02c9d5-758e-4f87-b3e9-890dfd01cb38","ProcessId":2829,"Image":"C:\\Program Files\\Microsoft Office\\root\\Office16\\excel.exe","CommandLine":"excel.exe","User":"DOMAIN\\user65","ParentImage":null,"ParentUser":null}
{"EventID":1,"UtcTime":"2025-03-07T16:57:00","ProcessGuid":"e1d211e6-6408-40b0-b8b5-49ff654068cc","ProcessId":4859,"Image":"C:\\Program Files\\Google\\Chrome\\Application\\chrome.exe","CommandLine":"chrome.exe","User":"DOMAIN\\user85","ParentImage":null,"ParentUser":null}
{"EventID":1,"UtcTime":"2025-03-07T07:17:24","ProcessGuid":"0b9ea2b0-6d5d-4a75-bc12-d4c1bcc139f9","ProcessId":3959,"Image":"C:\\Windows\\explorer.exe","CommandLine":"explorer.exe","User":"DOMAIN\\user21","ParentImage":null,"ParentUser":null}
{"EventID":1,"UtcTime":"2025-03-07T17:45:37","ProcessGuid":"dc157573-4865-4b10-990e-5687923b94d2","ProcessId":4243,"Image":"C:\\Windows\\System32\\WindowsPowerShell\\v1.0\\powershell.exe","CommandLine":"powershell.exe","User":"DOMAIN\\user70","ParentImage":null,"ParentUser":null}
{"EventID":1,"UtcTime":"2025-03-07T07:04:34","ProcessGuid":"fab12923-837f-43c0-b7f6-d9fbca896878","ProcessId":3885,"Image":"C:\\Program Files\\Microsoft Office\\root\\Office16\\excel.exe","CommandLine":"excel.exe","User":"DOMAIN\\user18","ParentImage":null,"ParentUser":null}
{"EventID":1,"UtcTime":"2025-03-07T14:36:44","ProcessGuid":"95cd6841-9392-4449-9ca2-45781fef1429","ProcessId":3847,"Image":"C:\\Program Files\\Ivanti\\SecureAccess\\bin\\ivantiservice.exe","CommandLine":"ivantiservice.exe -exec C:\\Windows\\System32\\rundll32.exe","User":"NT AUTHORITY\\SYSTEM","ParentImage":null,"ParentUser":null}
{"EventID":1,"UtcTime":"2025-03-07T03:58:33","ProcessGuid":"040b4a51-1055-48cb-961b-da1b5401c727","ProcessId":4812,"Image":"C:\\Program Files\\Microsoft Office\\root\\Office16\\outlook.exe","CommandLine":"outlook.exe","User":"DOMAIN\\user25","ParentImage":null,"ParentUser":null}
{"EventID":1,"UtcTime":"2025-03-07T06:54:45","ProcessGuid":"ac4c60e1-8efd-4773-a159-da4947f03e54","ProcessId":1650,"Image":"C:\\Windows\\System32\\WindowsPowerShell\\v1.0\\powershell.exe","CommandLine":"powershell.exe","User":"DOMAIN\\user15","ParentImage":null,"ParentUser":null}
{"EventID":1,"UtcTime":"2025-03-07T21:26:09","ProcessGuid":"f12ad64a-566f-4812-adb0-9ca7fb3ae1fb","ProcessId":2259,"Image":"C:\\Program Files\\Microsoft Office\\root\\Office16\\outlook.exe","CommandLine":"outlook.exe","User":"DOMAIN\\user22","ParentImage":null,"ParentUser":null}
{"EventID":1,"UtcTime":"2025-03-07T14:00:31","ProcessGuid":"6271e88d-b820-4648-9954-96b16d9a2087","ProcessId":2302,"Image":"C:\\Windows\\explorer.exe","CommandLine":"explorer.exe","User":"DOMAIN\\user54","ParentImage":null,"ParentUser":null}
{"EventID":1,"UtcTime":"2025-03-07T17:58:03","ProcessGuid":"6067d0db-38f1-4a40-8bcc-933b12ff6460","ProcessId":1260,"Image":"C:\\Program Files\\Ivanti\\SecureAccess\\bin\\ivantiservice.exe","CommandLine":"ivantiservice.exe -exec C:\\Windows\\System32\\dllhost.exe","User":"NT AUTHORITY\\SYSTEM","ParentImage":null,"ParentUser":null}
{"EventID":1,"UtcTime":"2025-03-07T19:21:19","ProcessGuid":"1e86b424-bce3-42e8-a2df-44321c903f6c","ProcessId":4153,"Image":"C:\\Program Files\\Google\\Chrome\\Application\\chrome.exe","CommandLine":"chrome.exe","User":"DOMAIN\\user43","ParentImage":null,"ParentUser":null}
{"EventID":10,"UtcTime":"2025-03-07T01:59:21","ProcessGuid":"e506ece9-96b1-42f5-b239-5dfa7c677352","ProcessId":5812,"Image":"C:\\Windows\\System32\\cmd.exe","CommandLine":null,"User":"NT AUTHORITY\\SYSTEM","ParentImage":"C:\\Program Files\\Ivanti\\SecureAccess\\bin\\ivantihelper.exe","ParentUser":"DOMAIN\\lowprivuser31"}
{"EventID":10,"UtcTime":"2025-03-07T10:38:43","ProcessGuid":"b649644f-ae44-4fed-b9c3-5905590d5ed7","ProcessId":8482,"Image":"C:\\Windows\\System32\\cmd.exe","CommandLine":null,"User":"NT AUTHORITY\\SYSTEM","ParentImage":"C:\\Program Files\\Ivanti\\SecureAccess\\bin\\ivantihelper.exe","ParentUser":"DOMAIN\\lowprivuser50"}
{"EventID":1,"UtcTime":"2025-03-07T09:41:03","ProcessGuid":"98c713d5-5961-4e6c-8f08-5704a96ae543","ProcessId":2676,"Image":"C:\\Windows\\System32\\WindowsPowerShell\\v1.0\\powershell.exe","CommandLine":"powershell.exe","User":"DOMAIN\\user83","ParentImage":null,"ParentUser":null}
{"EventID":1,"UtcTime":"2025-03-07T09:39:22","ProcessGuid":"87204fb7-f66c-470b-9ee9-02037d2740bc","ProcessId":2272,"Image":"C:\\Windows\\System32\\WindowsPowerShell\\v1.0\\powershell.exe","CommandLine":"powershell.exe","User":"DOMAIN\\user23","ParentImage":null,"ParentUser":null}
{"EventID":1,"UtcTime":"2025-03-07T22:05:33","ProcessGuid":"2d60fb94-f157-476c-b174-63addbf1c9ff","ProcessId":2300,"Image":"C:\\Windows\\explorer.exe","CommandLine":"explorer.exe","User":"DOMAIN\\user56","ParentImage":null,"ParentUser":null}
{"EventID":1,"UtcTime":"2025-03-07T12:12:48","ProcessGuid":"91eccac0-b5e7-44b7-a62c-3714042e4aaf","ProcessId":3558,"Image":"C:\\Program Files\\Ivanti\\SecureAccess\\bin\\ivantiservice.exe","CommandLine":"ivantiservice.exe -exec C:\\Windows\\System32\\services.exe","User":"NT AUTHORITY\\SYSTEM","ParentImage":null,"ParentUser":null}
{"EventID":1,"UtcTime":"2025-03-07T22:15:18","ProcessGuid":"a5a0287c-9e70-4331-bb71-38e1b549ef56","ProcessId":2812,"Image":"C:\\Program Files\\Google\\Chrome\\Application\\chrome.exe","CommandLine":"chrome.exe","User":"DOMAIN\\user83","ParentImage":null,"ParentUser":null}
{"EventID":1,"UtcTime":"2025-03-07T08:39:41","ProcessGuid":"fe10b64d-2b54-4b90-bea9-1a5e0790361b","ProcessId":2253,"Image":"C:\\Program Files\\Microsoft Office\\root\\Office16\\winword.exe","CommandLine":"word.exe","User":"DOMAIN\\user65","ParentImage":null,"ParentUser":null}
{"EventID":10,"UtcTime":"2025-03-07T06:07:39","ProcessGuid":"3ea58a50-4425-45c7-aa9e-fc5c973b8396","ProcessId":6419,"Image":"C:\\Windows\\System32\\cmd.exe","CommandLine":null,"User":"NT AUTHORITY\\SYSTEM","ParentImage":"C:\\Program Files\\Ivanti\\SecureAccess\\bin\\ivantihelper.exe","ParentUser":"DOMAIN\\lowprivuser16"}
{"EventID":1,"UtcTime":"2025-03-07T01:02:16","ProcessGuid":"c7483705-7470-4c98-8765-a1d54d4cdcbb","ProcessId":4303,"Image":"C:\\Windows\\explorer.exe","CommandLine":"explorer.exe","User":"DOMAIN\\user62","ParentImage":null,"ParentUser":null}
{"EventID":10,"UtcTime":"2025-03-07T08:34:37","ProcessGuid":"6391ff9f-3832-4645-bfa5-cd7b3b50cd94","ProcessId":6903,"Image":"C:\\Windows\\System32\\cmd.exe","CommandLine":null,"User":"NT AUTHORITY\\SYSTEM","ParentImage":"C:\\Program Files\\Ivanti\\SecureAccess\\bin\\ivantihelper.exe","ParentUser":"DOMAIN\\lowprivuser5"}
{"EventID":1,"UtcTime":"2025-03-07T07:53:50","ProcessGuid":"41354eda-6663-43e5-aa40-9adc8673e475","ProcessId":2174,"Image":"C:\\Program Files\\Ivanti\\SecureAccess\\bin\\ivantiservice.exe","CommandLine":"ivantiservice.exe -exec C:\\Windows\\System32\\notepad.exe","User":"NT AUTHORITY\\SYSTEM","ParentImage":null,"ParentUser":null}
{"EventID":1,"UtcTime":"2025-03-07T23:34:32","ProcessGuid":"1cec6f21-168e-4a5f-85f1-bdc832d6e56a","ProcessId":1228,"Image":"C:\\Program Files\\Microsoft Office\\root\\Office16\\outlook.exe","CommandLine":"outlook.exe","User":"DOMAIN\\user49","ParentImage":null,"ParentUser":null}
{"EventID":1,"UtcTime":"2025-03-07T20:05:24","ProcessGuid":"ee3224a7-359e-48a2-97d5-394c626e7afe","ProcessId":3306,"Image":"C:\\Program Files\\Google\\Chrome\\Application\\chrome.exe","CommandLine":"chrome.exe","User":"DOMAIN\\user11","ParentImage":null,"ParentUser":null}
{"EventID":1,"UtcTime":"2025-03-07T01:05:00","ProcessGuid":"f91be54c-0b33-4877-b27a-a699ece93eac","ProcessId":1253,"Image":"C:\\Program Files\\Microsoft Office\\root\\Office16\\winword.exe","CommandLine":"word.exe","User":"DOMAIN\\user18","ParentImage":null,"ParentUser":null}
{"EventID":1,"UtcTime":"2025-03-07T22:33:19","ProcessGuid":"e176668c-d4d7-4241-b8d4-90e2d6f12cb7","ProcessId":4163,"Image":"C:\\Program Files\\Microsoft Office\\root\\Office16\\winword.exe","CommandLine":"word.exe","User":"DOMAIN\\user31","ParentImage":null,"ParentUser":null}
{"EventID":1,"UtcTime":"2025-03-07T07:34:40","ProcessGuid":"5ba27dbd-b4f5-4aa0-ba3c-25969376bbca","ProcessId":2374,"Image":"C:\\Windows\\explorer.exe","CommandLine":"explorer.exe","User":"DOMAIN\\user70","ParentImage":null,"ParentUser":null}
{"EventID":1,"UtcTime":"2025-03-07T02:56:57","ProcessGuid":"8b414ee7-1f84-469b-aa57-01a72cb8f188","ProcessId":3007,"Image":"C:\\Program Files\\Microsoft Office\\root\\Office16\\excel.exe","CommandLine":"excel.exe","User":"DOMAIN\\user47","ParentImage":null,"ParentUser":null}
{"EventID":1,"UtcTime":"2025-03-07T10:44:24","ProcessGuid":"ac38e74c-164c-45ed-a55f-46f4e435879d","ProcessId":3845,"Image":"C:\\Program Files\\Microsoft Office\\root\\Office16\\winword.exe","CommandLine":"word.exe","User":"DOMAIN\\user78","ParentImage":null,"ParentUser":null}
{"EventID":1,"UtcTime":"2025-03-07T08:12:33","ProcessGuid":"2334ceae-3ede-4bf2-b39b-51507de241d7","ProcessId":4300,"Image":"C:\\Program Files\\Google\\Chrome\\Application\\chrome.exe","CommandLine":"chrome.exe","User":"DOMAIN\\user33","ParentImage":null,"ParentUser":null}
{"EventID":1,"UtcTime":"2025-03-07T17:24:45","ProcessGuid":"d3b8f651-9636-47b8-ada7-8736d93dcbf9","ProcessId":3572,"Image":"C:\\Program Files\\Google\\Chrome\\Application\\chrome.exe","CommandLine":"chrome.exe","User":"DOMAIN\\user77","ParentImage":null,"ParentUser":null}
{"EventID":1,"UtcTime":"2025-03-07T16:14:51","ProcessGuid":"c7d46de7-7849-44a5-9242-9840f30e4071","ProcessId":3617,"Image":"C:\\Program Files\\Google\\Chrome\\Application\\chrome.exe","CommandLine":"chrome.exe","User":"DOMAIN\\user5","ParentImage":null,"ParentUser":null}
{"EventID":1,"UtcTime":"2025-03-07T06:25:17","ProcessGuid":"f75b6cfc-1d97-4c4f-bbd6-61938a149e16","ProcessId":1804,"Image":"C:\\Program Files\\Ivanti\\SecureAccess\\bin\\ivantiservice.exe","CommandLine":"ivantiservice.exe -exec C:\\Windows\\System32\\lsass.exe","User":"NT AUTHORITY\\SYSTEM","ParentImage":null,"ParentUser":null}
{"EventID":1,"UtcTime":"2025-03-07T16:53:36","ProcessGuid":"14022c47-31b3-4144-aa9b-4c6d7ef9df3a","ProcessId":2650,"Image":"C:\\Program Files\\Microsoft Office\\root\\Office16\\excel.exe","CommandLine":"excel.exe","User":"DOMAIN\\user44","ParentImage":null,"ParentUser":null}
{"EventID":1,"UtcTime":"2025-03-07T15:45:01","ProcessGuid":"4fc71308-5e94-48e4-8a57-99d4f32d36db","ProcessId":1110,"Image":"C:\\Program Files\\Microsoft Office\\root\\Office16\\excel.exe","CommandLine":"excel.exe","User":"DOMAIN\\user56","ParentImage":null,"ParentUser":null}
{"EventID":1,"UtcTime":"2025-03-07T04:52:11","ProcessGuid":"b9155320-60b4-4778-b8a7-577395603c56","ProcessId":3098,"Image":"C:\\Windows\\explorer.exe","CommandLine":"explorer.exe","User":"DOMAIN\\user58","ParentImage":null,"ParentUser":null}
{"EventID":1,"UtcTime":"2025-03-07T20:56:50","ProcessGuid":"8fc2c35a-533c-4fcf-9c82-1aef9cf1b378","ProcessId":2994,"Image":"C:\\Program Files\\Microsoft Office\\root\\Office16\\winword.exe","CommandLine":"word.exe","User":"DOMAIN\\user40","ParentImage":null,"ParentUser":null}
{"EventID":1,"UtcTime":"2025-03-07T15:16:56","ProcessGuid":"45224576-c67f-4c2e-80c5-f76acba533db","ProcessId":2713,"Image":"C:\\Program Files\\Microsoft Office\\root\\Office16\\excel.exe","CommandLine":"excel.exe","User":"DOMAIN\\user60","ParentImage":null,"ParentUser":null}
{"EventID":1,"UtcTime":"2025-03-07T01:02:24","ProcessGuid":"b36acc9a-eb4f-4c2e-a5bc-fa15cfe3a90e","ProcessId":4178,"Image":"C:\\Program Files\\Ivanti\\SecureAccess\\bin\\ivantiservice.exe","CommandLine":"ivantiservice.exe -exec C:\\Windows\\System32\\svchost.exe","User":"NT AUTHORITY\\SYSTEM","ParentImage":null,"ParentUser":null}
{"EventID":1,"UtcTime":"2025-03-07T06:40:48","ProcessGuid":"842315ac-3142-4d34-87a4-54a173f85d2a","ProcessId":2140,"Image":"C:\\Program Files\\Microsoft Office\\root\\Office16\\excel.exe","CommandLine":"excel.exe","User":"DOMAIN\\user7","ParentImage":null,"ParentUser":null}
{"EventID":1,"UtcTime":"2025-03-07T04:16:18","ProcessGuid":"d2969686-5ce1-4e38-b363-5eb853372f57","ProcessId":2542,"Image":"C:\\Program Files\\Ivanti\\SecureAccess\\bin\\ivantiservice.exe","CommandLine":"ivantiservice.exe -exec C:\\Windows\\System32\\taskhostw.exe","User":"NT AUTHORITY\\SYSTEM","ParentImage":null,"ParentUser":null}
{"EventID":1,"UtcTime":"2025-03-07T08:34:48","ProcessGuid":"46f3892d-c426-46f1-81de-9bc9eac60490","ProcessId":2502,"Image":"C:\\Program Files\\Google\\Chrome\\Application\\chrome.exe","CommandLine":"chrome.exe","User":"DOMAIN\\user32","ParentImage":null,"ParentUser":null}
{"EventID":10,"UtcTime":"2025-03-07T11:29:09","ProcessGuid":"64da32aa-3ada-4884-bdf4-4046da745bda","ProcessId":7714,"Image":"C:\\Windows\\System32\\cmd.exe","CommandLine":null,"User":"NT AUTHORITY\\SYSTEM","ParentImage":"C:\\Program Files\\Ivanti\\SecureAccess\\bin\\ivantihelper.exe","ParentUser":"DOMAIN\\lowprivuser37"}
{"EventID":1,"UtcTime":"2025-03-07T14:19:46","ProcessGuid":"7721b5a5-ed28-4a9b-b19e-7b822e130ccd","ProcessId":1498,"Image":"C:\\Program Files\\Microsoft Office\\root\\Office16\\winword.exe","CommandLine":"word.exe","User":"DOMAIN\\user15","ParentImage":null,"ParentUser":null}
{"EventID":1,"UtcTime":"2025-03-07T13:43:27","ProcessGuid":"c4367996-099a-4f12-a6bf-ffe00cb10d3e","ProcessId":4281,"Image":"C:\\Program Files\\Microsoft Office\\root\\Office16\\excel.exe","CommandLine":"excel.exe","User":"DOMAIN\\user40","ParentImage":null,"ParentUser":null}
{"EventID":1,"UtcTime":"2025-03-07T01:23:53","ProcessGuid":"5eed71b9-f0ec-41f1-b0eb-a5b2e7f2f326","ProcessId":3561,"Image":"C:\\Program Files\\Microsoft Office\\root\\Office16\\winword.exe","CommandLine":"word.exe","User":"DOMAIN\\user28","ParentImage":null,"ParentUser":null}
{"EventID":1,"UtcTime":"2025-03-07T18:03:56","ProcessGuid":"b5688fa3-b324-4bcf-9191-e3b40b4440b5","ProcessId":1758,"Image":"C:\\Program Files\\Google\\Chrome\\Application\\chrome.exe","CommandLine":"chrome.exe","User":"DOMAIN\\user59","ParentImage":null,"ParentUser":null}
{"EventID":1,"UtcTime":"2025-03-07T07:59:32","ProcessGuid":"760a5c6d-efe1-45b6-b4b3-8462917d5142","ProcessId":2604,"Image":"C:\\Program Files\\Ivanti\\SecureAccess\\bin\\ivantiservice.exe","CommandLine":"ivantiservice.exe -exec C:\\Windows\\System32\\dllhost.exe","User":"NT AUTHORITY\\SYSTEM","ParentImage":null,"ParentUser":null}
{"EventID":1,"UtcTime":"2025-03-07T01:23:06","ProcessGuid":"2de371db-59d2-43b3-a3cb-5e6bff2d4c63","ProcessId":1743,"Image":"C:\\Program Files\\Google\\Chrome\\Application\\chrome.exe","CommandLine":"chrome.exe","User":"DOMAIN\\user45","ParentImage":null,"ParentUser":null}
{"EventID":1,"UtcTime":"2025-03-07T05:09:59","ProcessGuid":"0232e388-f8ac-4138-a45a-19955c4fd01b","ProcessId":4150,"Image":"C:\\Program Files\\Microsoft Office\\root\\Office16\\excel.exe","CommandLine":"excel.exe","User":"DOMAIN\\user52","ParentImage":null,"ParentUser":null}
{"EventID":1,"UtcTime":"2025-03-07T05:54:17","ProcessGuid":"5a863a06-89a0-417c-b012-76c9534e4d4a","ProcessId":2052,"Image":"C:\\Windows\\explorer.exe","CommandLine":"explorer.exe","User":"DOMAIN\\user36","ParentImage":null,"ParentUser":null}
{"EventID":10,"UtcTime":"2025-03-07T11:26:02","ProcessGuid":"75cad98a-ffb7-49f7-8244-7ea3b4342bdb","ProcessId":5406,"Image":"C:\\Windows\\System32\\cmd.exe","CommandLine":null,"User":"NT AUTHORITY\\SYSTEM","ParentImage":"C:\\Program Files\\Ivanti\\SecureAccess\\bin\\ivantihelper.exe","ParentUser":"DOMAIN\\lowprivuser11"}
{"EventID":1,"UtcTime":"2025-03-07T00:15:28","ProcessGuid":"4c785bfc-1d71-45c0-b8ee-c0ff4c986653","ProcessId":3274,"Image":"C:\\Program Files\\Microsoft Office\\root\\Office16\\excel.exe","CommandLine":"excel.exe","User":"DOMAIN\\user62","ParentImage":null,"ParentUser":null}
{"EventID":1,"UtcTime":"2025-03-07T23:00:53","ProcessGuid":"a7b594c8-52cc-499a-95a7-9483ba9ab765","ProcessId":2279,"Image":"C:\\Windows\\System32\\WindowsPowerShell\\v1.0\\powershell.exe","CommandLine":"powershell.exe","User":"DOMAIN\\user68","ParentImage":null,"ParentUser":null}
{"EventID":1,"UtcTime":"2025-03-07T11:19:24","ProcessGuid":"4b87e090-b5ab-42ac-9c6d-c2bd1baaf8e8","ProcessId":4849,"Image":"C:\\Program Files\\Microsoft Office\\root\\Office16\\outlook.exe","CommandLine":"outlook.exe","User":"DOMAIN\\user21","ParentImage":null,"ParentUser":null}
{"EventID":1,"UtcTime":"2025-03-07T22:42:56","ProcessGuid":"29e48388-1c37-4f60-9e27-5781c4a7790a","ProcessId":3713,"Image":"C:\\Windows\\explorer.exe","CommandLine":"explorer.exe","User":"DOMAIN\\user35","ParentImage":null,"ParentUser":null}
{"EventID":1,"UtcTime":"2025-03-07T14:57:23","ProcessGuid":"de5265d0-0f57-45b8-9124-bd0151ef5f3d","ProcessId":2616,"Image":"C:\\Program Files\\Microsoft Office\\root\\Office16\\excel.exe","CommandLine":"excel.exe","User":"DOMAIN\\user19","ParentImage":null,"ParentUser":null}
{"EventID":1,"UtcTime":"2025-03-07T14:44:21","ProcessGuid":"9567fd49-adff-49a4-ab5c-b0a8e4980b09","ProcessId":4872,"Image":"C:\\Windows\\System32\\WindowsPowerShell\\v1.0\\powershell.exe","CommandLine":"powershell.exe","User":"DOMAIN\\user12","ParentImage":null,"ParentUser":null}
{"EventID":1,"UtcTime":"2025-03-07T07:48:21","ProcessGuid":"a0a3d56b-ce4a-4d02-9d6f-9d2d17e46e42","ProcessId":1222,"Image":"C:\\Program Files\\Microsoft Office\\root\\Office16\\excel.exe","CommandLine":"excel.exe","User":"DOMAIN\\user81","ParentImage":null,"ParentUser":null}
{"EventID":1,"UtcTime":"2025-03-07T03:30:06","ProcessGuid":"2bde31f7-0930-4b4c-af54-28893229925d","ProcessId":2857,"Image":"C:\\Program Files\\Microsoft Office\\root\\Office16\\excel.exe","CommandLine":"excel.exe","User":"DOMAIN\\user86","ParentImage":null,"ParentUser":null}
{"EventID":1,"UtcTime":"2025-03-07T22:16:55","ProcessGuid":"8ffd4730-c0e6-4408-8ad1-ecf0056c5d01","ProcessId":4482,"Image":"C:\\Program Files\\Google\\Chrome\\Application\\chrome.exe","CommandLine":"chrome.exe","User":"DOMAIN\\user1","ParentImage":null,"ParentUser":null}
{"EventID":1,"UtcTime":"2025-03-07T06:36:36","ProcessGuid":"e85600f9-f3d5-47eb-a0c4-2edf2ffb4fa8","ProcessId":1695,"Image":"C:\\Program Files\\Ivanti\\SecureAccess\\bin\\ivantiservice.exe","CommandLine":"ivantiservice.exe -exec C:\\Windows\\System32\\powershell.exe","User":"NT AUTHORITY\\SYSTEM","ParentImage":null,"ParentUser":null}
{"EventID":1,"UtcTime":"2025-03-07T10:25:42","ProcessGuid":"5a6373b8-cad8-41c2-b68a-f29fc827ce69","ProcessId":4200,"Image":"C:\\Windows\\explorer.exe","CommandLine":"explorer.exe","User":"DOMAIN\\user16","ParentImage":null,"ParentUser":null}
{"EventID":1,"UtcTime":"2025-03-07T11:15:12","ProcessGuid":"0b6879a3-5fd7-475f-ab73-d49ebcae8313","ProcessId":1370,"Image":"C:\\Program Files\\Google\\Chrome\\Application\\chrome.exe","CommandLine":"chrome.exe","User":"DOMAIN\\user56","ParentImage":null,"ParentUser":null}
{"EventID":1,"UtcTime":"2025-03-07T20:33:07","ProcessGuid":"570127e7-7f26-4e04-883f-6d0ee255e3ac","ProcessId":4981,"Image":"C:\\Program Files\\Microsoft Office\\root\\Office16\\winword.exe","CommandLine":"word.exe","User":"DOMAIN\\user37","ParentImage":null,"ParentUser":null}
{"EventID":1,"UtcTime":"2025-03-07T11:12:23","ProcessGuid":"e076c4b6-5272-432a-b617-7b23c9c5df4d","ProcessId":1093,"Image":"C:\\Program Files\\Microsoft Office\\root\\Office16\\winword.exe","CommandLine":"word.exe","User":"DOMAIN\\user71","ParentImage":null,"ParentUser":null}
{"EventID":1,"UtcTime":"2025-03-07T15:58:13","ProcessGuid":"db3876fb-c5ca-41b5-9e5d-f098aac7747d","ProcessId":3534,"Image":"C:\\Program Files\\Google\\Chrome\\Application\\chrome.exe","CommandLine":"chrome.exe","User":"DOMAIN\\user57","ParentImage":null,"ParentUser":null}
{"EventID":1,"UtcTime":"2025-03-07T04:39:57","ProcessGuid":"c1c904ca-6786-4bf6-9161-5776eb425780","ProcessId":3476,"Image":"C:\\Windows\\explorer.exe","CommandLine":"explorer.exe","User":"DOMAIN\\user1","ParentImage":null,"ParentUser":null}
{"EventID":10,"UtcTime":"2025-03-07T12:23:34","ProcessGuid":"b86958ac-4920-426e-81ed-d8c6efbafa06","ProcessId":5418,"Image":"C:\\Windows\\System32\\cmd.exe","CommandLine":null,"User":"NT AUTHORITY\\SYSTEM","ParentImage":"C:\\Program Files\\Ivanti\\SecureAccess\\bin\\ivantihelper.exe","ParentUser":"DOMAIN\\lowprivuser7"}
{"EventID":1,"UtcTime":"2025-03-07T18:45:45","ProcessGuid":"c4648474-d799-492f-992f-95128e474d60","ProcessId":2725,"Image":"C:\\Program Files\\Microsoft Office\\root\\Office16\\outlook.exe","CommandLine":"outlook.exe","User":"DOMAIN\\user81","ParentImage":null,"ParentUser":null}
{"EventID":1,"UtcTime":"2025-03-07T23:04:05","ProcessGuid":"fec57af2-4462-44cd-90db-397285bb5baa","ProcessId":3942,"Image":"C:\\Program Files\\Microsoft Office\\root\\Office16\\excel.exe","CommandLine":"excel.exe","User":"DOMAIN\\user88","ParentImage":null,"ParentUser":null}
{"EventID":1,"UtcTime":"2025-03-07T20:59:03","ProcessGuid":"7b586e23-32f8-4fdb-94e1-280726f2cb18","ProcessId":1229,"Image":"C:\\Windows\\explorer.exe","CommandLine":"explorer.exe","User":"DOMAIN\\user27","ParentImage":null,"ParentUser":null}
{"EventID":1,"UtcTime":"2025-03-07T05:03:15","ProcessGuid":"734665ec-fadf-419e-979d-fb923d76460e","ProcessId":3245,"Image":"C:\\Windows\\System32\\WindowsPowerShell\\v1.0\\powershell.exe","CommandLine":"powershell.exe","User":"DOMAIN\\user76","ParentImage":null,"ParentUser":null}
{"EventID":10,"UtcTime":"2025-03-07T05:48:20","ProcessGuid":"96b36360-4c8a-4b30-8097-209af50d5a8d","ProcessId":6043,"Image":"C:\\Windows\\System32\\cmd.exe","CommandLine":null,"User":"NT AUTHORITY\\SYSTEM","ParentImage":"C:\\Program Files\\Ivanti\\SecureAccess\\bin\\ivantihelper.exe","ParentUser":"DOMAIN\\lowprivuser41"}
{"EventID":1,"UtcTime":"2025-03-07T08:52:42","ProcessGuid":"59b7f306-2bc3-4c34-b750-5dde31ce36fb","ProcessId":4469,"Image":"C:\\Windows\\System32\\WindowsPowerShell\\v1.0\\powershell.exe","CommandLine":"powershell.exe","User":"DOMAIN\\user68","ParentImage":null,"ParentUser":null}
{"EventID":1,"UtcTime":"2025-03-07T10:55:38","ProcessGuid":"101ad8a9-7131-4f2f-94c9-e03da3866f08","ProcessId":1188,"Image":"C:\\Program Files\\Google\\Chrome\\Application\\chrome.exe","CommandLine":"chrome.exe","User":"DOMAIN\\user3","ParentImage":null,"ParentUser":null}
{"EventID":1,"UtcTime":"2025-03-07T11:23:35","ProcessGuid":"4b11be58-724f-4954-98d2-1d2060c0dac8","ProcessId":1068,"Image":"C:\\Program Files\\Google\\Chrome\\Application\\chrome.exe","CommandLine":"chrome.exe","User":"DOMAIN\\user11","ParentImage":null,"ParentUser":null}
{"EventID":1,"UtcTime":"2025-03-07T17:39:51","ProcessGuid":"8bd45af5-86a4-4217-929c-42320e1709ac","ProcessId":2442,"Image":"C:\\Program Files\\Microsoft Office\\root\\Office16\\excel.exe","CommandLine":"excel.exe","User":"DOMAIN\\user6","ParentImage":null,"ParentUser":null}
{"EventID":1,"UtcTime":"2025-03-07T17:08:10","ProcessGuid":"48c4b033-4c4b-4e3d-ad14-9e45ce162ce0","ProcessId":1683,"Image":"C:\\Program Files\\Microsoft Office\\root\\Office16\\winword.exe","CommandLine":"word.exe","User":"DOMAIN\\user40","ParentImage":null,"ParentUser":null}
{"EventID":1,"UtcTime":"2025-03-07T07:21:00","ProcessGuid":"c5d5def2-1822-4b29-99d4-ecfd0a85a546","ProcessId":2087,"Image":"C:\\Windows\\explorer.exe","CommandLine":"explorer.exe","User":"DOMAIN\\user16","ParentImage":null,"ParentUser":null}
{"EventID":1,"UtcTime":"2025-03-07T17:36:57","ProcessGuid":"8d78729c-f6ca-419b-b667-013657f978af","ProcessId":4453,"Image":"C:\\Program Files\\Microsoft Office\\root\\Office16\\excel.exe","CommandLine":"excel.exe","User":"DOMAIN\\user38","ParentImage":null,"ParentUser":null}
{"EventID":1,"UtcTime":"2025-03-07T03:08:21","ProcessGuid":"c383daab-229b-4947-be06-f8b30917c50f","ProcessId":4405,"Image":"C:\\Windows\\explorer.exe","CommandLine":"explorer.exe","User":"DOMAIN\\user65","ParentImage":null,"ParentUser":null}
{"EventID":1,"UtcTime":"2025-03-07T23:35:10","ProcessGuid":"0d668477-ed7d-45d8-b718-5c0925ff1b79","ProcessId":4476,"Image":"C:\\Windows\\System32\\WindowsPowerShell\\v1.0\\powershell.exe","CommandLine":"powershell.exe","User":"DOMAIN\\user84","ParentImage":null,"ParentUser":null}
{"EventID":10,"UtcTime":"2025-03-07T21:42:49","ProcessGuid":"7df03d4b-1a38-4657-8dae-aba7a899b573","ProcessId":5632,"Image":"C:\\Windows\\System32\\cmd.exe","CommandLine":null,"User":"NT AUTHORITY\\SYSTEM","ParentImage":"C:\\Program Files\\Ivanti\\SecureAccess\\bin\\ivantihelper.exe","ParentUser":"DOMAIN\\lowprivuser11"}
{"EventID":1,"UtcTime":"2025-03-07T19:26:03","ProcessGuid":"7954125d-6535-4e60-8af7-9e85f5bb4a12","ProcessId":1568,"Image":"C:\\Program Files\\Google\\Chrome\\Application\\chrome.exe","CommandLine":"chrome.exe","User":"DOMAIN\\user24","ParentImage":null,"ParentUser":null}
{"EventID":1,"UtcTime":"2025-03-07T07:30:43","ProcessGuid":"49bbed4e-6bd8-4cb1-a0ec-2457c0126dff","ProcessId":2575,"Image":"C:\\Windows\\System32\\WindowsPowerShell\\v1.0\\powershell.exe","CommandLine":"powershell.exe","User":"DOMAIN\\user54","ParentImage":null,"ParentUser":null}
{"EventID":1,"UtcTime":"2025-03-07T22:21:08","ProcessGuid":"6e519ee3-eda0-4442-9933-181fb6163cdc","ProcessId":3641,"Image":"C:\\Program Files\\Microsoft Office\\root\\Office16\\winword.exe","CommandLine":"word.exe","User":"DOMAIN\\user44","ParentImage":null,"ParentUser":null}
{"EventID":1,"UtcTime":"2025-03-07T04:26:31","ProcessGuid":"25326d17-3031-4f03-859e-24666b2a7fee","ProcessId":2752,"Image":"C:\\Program Files\\Microsoft Office\\root\\Office16\\excel.exe","CommandLine":"excel.exe","User":"DOMAIN\\user40","ParentImage":null,"ParentUser":null}
{"EventID":10,"UtcTime":"2025-03-07T21:37:43","ProcessGuid":"1b342c40-771b-4130-b2d2-265e4ee42890","ProcessId":7831,"Image":"C:\\Windows\\System32\\cmd.exe","CommandLine":null,"User":"NT AUTHORITY\\SYSTEM","ParentImage":"C:\\Program Files\\Ivanti\\SecureAccess\\bin\\ivantihelper.exe","ParentUser":"DOMAIN\\lowprivuser41"}
{"EventID":1,"UtcTime":"2025-03-07T18:55:47","ProcessGuid":"849eff14-1b14-4ff5-8ab6-6bda606987d9","ProcessId":3040,"Image":"C:\\Windows\\System32\\WindowsPowerShell\\v1.0\\powershell.exe","CommandLine":"powershell.exe","User":"DOMAIN\\user73","ParentImage":null,"ParentUser":null}
{"EventID":1,"UtcTime":"2025-03-07T12:34:40","ProcessGuid":"5218e5fe-382d-4f59-896d-edc1ae07754e","ProcessId":3793,"Image":"C:\\Windows\\System32\\WindowsPowerShell\\v1.0\\powershell.exe","CommandLine":"powershell.exe","User":"DOMAIN\\user9","ParentImage":null,"ParentUser":null}
{"EventID":1,"UtcTime":"2025-03-07T21:22:34","ProcessGuid":"1fe6e6cf-1439-4997-9a52-5b301215e1eb","ProcessId":2961,"Image":"C:\\Program Files\\Microsoft Office\\root\\Office16\\winword.exe","CommandLine":"word.exe","User":"DOMAIN\\user5","ParentImage":null,"ParentUser":null}
{"EventID":1,"UtcTime":"2025-03-07T16:24:46","ProcessGuid":"dcedf22b-a3c0-45d2-8a65-fc60e26924d0","ProcessId":3417,"Image":"C:\\Program Files\\Google\\Chrome\\Application\\chrome.exe","CommandLine":"chrome.exe","User":"DOMAIN\\user38","ParentImage":null,"ParentUser":null}
{"EventID":10,"UtcTime":"2025-03-07T08:50:02","ProcessGuid":"f2cdf607-1684-4bb5-b9b0-d140191acc13","ProcessId":8329,"Image":"C:\\Windows\\System32\\cmd.exe","CommandLine":null,"User":"NT AUTHORITY\\SYSTEM","ParentImage":"C:\\Program Files\\Ivanti\\SecureAccess\\bin\\ivantihelper.exe","ParentUser":"DOMAIN\\lowprivuser19"}
{"EventID":1,"UtcTime":"2025-03-07T09:41:11","ProcessGuid":"4bda7bea-f22b-4e03-b869-f86342ae34e4","ProcessId":2349,"Image":"C:\\Program Files\\Microsoft Office\\root\\Office16\\excel.exe","CommandLine":"excel.exe","User":"DOMAIN\\user29","ParentImage":null,"ParentUser":null}
{"EventID":10,"UtcTime":"2025-03-07T20:10:14","ProcessGuid":"f21f3640-4dc4-4d00-9d63-f9caf3e9a5b1","ProcessId":8490,"Image":"C:\\Windows\\System32\\cmd.exe","CommandLine":null,"User":"NT AUTHORITY\\SYSTEM","ParentImage":"C:\\Program Files\\Ivanti\\SecureAccess\\bin\\ivantihelper.exe","ParentUser":"DOMAIN\\lowprivuser46"}
{"EventID":1,"UtcTime":"2025-03-07T21:34:46","ProcessGuid":"e0b994a3-0872-4740-bfe1-b6563a4e5315","ProcessId":3625,"Image":"C:\\Program Files\\Microsoft Office\\root\\Office16\\excel.exe","CommandLine":"excel.exe","User":"DOMAIN\\user99","ParentImage":null,"ParentUser":null}
{"EventID":1,"UtcTime":"2025-03-07T07:22:04","ProcessGuid":"7a3bc3c9-3d0e-42bd-9c36-d768090e78bb","ProcessId":1845,"Image":"C:\\Program Files\\Ivanti\\SecureAccess\\bin\\ivantiservice.exe","CommandLine":"ivantiservice.exe -exec C:\\Windows\\System32\\lsass.exe","User":"NT AUTHORITY\\SYSTEM","ParentImage":null,"ParentUser":null}
{"EventID":10,"UtcTime":"2025-03-07T21:01:50","ProcessGuid":"cde32196-61fe-43b8-b7a7-8acee6e2ed6a","ProcessId":8490,"Image":"C:\\Windows\\System32\\cmd.exe","CommandLine":null,"User":"NT AUTHORITY\\SYSTEM","ParentImage":"C:\\Program Files\\Ivanti\\SecureAccess\\bin\\ivantihelper.exe","ParentUser":"DOMAIN\\lowprivuser38"}
{"EventID":1,"UtcTime":"2025-03-07T23:26:34","ProcessGuid":"2a6c4084-4895-48d0-9146-16206134b267","ProcessId":2040,"Image":"C:\\Windows\\explorer.exe","CommandLine":"explorer.exe","User":"DOMAIN\\user6","ParentImage":null,"ParentUser":null}
{"EventID":1,"UtcTime":"2025-03-07T22:19:01","ProcessGuid":"dd4be0d9-3680-4714-a974-cc701ff0719f","ProcessId":3598,"Image":"C:\\Program Files\\Microsoft Office\\root\\Office16\\excel.exe","CommandLine":"excel.exe","User":"DOMAIN\\user6","ParentImage":null,"ParentUser":null}
{"EventID":1,"UtcTime":"2025-03-07T13:00:37","ProcessGuid":"f576efc1-6edc-4108-b1ce-316e2d57bcc9","ProcessId":1468,"Image":"C:\\Program Files\\Google\\Chrome\\Application\\chrome.exe","CommandLine":"chrome.exe","User":"DOMAIN\\user63","ParentImage":null,"ParentUser":null}
{"EventID":1,"UtcTime":"2025-03-07T17:03:05","ProcessGuid":"c5e64e30-47a8-4df3-aa93-c9a03a993777","ProcessId":2216,"Image":"C:\\Windows\\explorer.exe","CommandLine":"explorer.exe","User":"DOMAIN\\user56","ParentImage":null,"ParentUser":null}
{"EventID":1,"UtcTime":"2025-03-07T19:47:05","ProcessGuid":"c98ebeef-15d9-4294-a483-5e3fce9ad21c","ProcessId":1545,"Image":"C:\\Program Files\\Microsoft Office\\root\\Office16\\winword.exe","CommandLine":"word.exe","User":"DOMAIN\\user29","ParentImage":null,"ParentUser":null}
{"EventID":1,"UtcTime":"2025-03-07T18:07:24","ProcessGuid":"aa0412c3-51e6-4ef1-bb2c-dc430093cafe","ProcessId":3229,"Image":"C:\\Windows\\explorer.exe","CommandLine":"explorer.exe","User":"DOMAIN\\user65","ParentImage":null,"ParentUser":null}
{"EventID":1,"UtcTime":"2025-03-07T01:34:52","ProcessGuid":"13311efa-3cf9-4830-bda5-fa26ad8e4dc0","ProcessId":1622,"Image":"C:\\Program Files\\Microsoft Office\\root\\Office16\\excel.exe","CommandLine":"excel.exe","User":"DOMAIN\\user24","ParentImage":null,"ParentUser":null}
{"EventID":1,"UtcTime":"2025-03-07T21:59:57","ProcessGuid":"430b37f1-2d01-456d-9f47-994f194289d2","ProcessId":2489,"Image":"C:\\Program Files\\Google\\Chrome\\Application\\chrome.exe","CommandLine":"chrome.exe","User":"DOMAIN\\user68","ParentImage":null,"ParentUser":null}
{"EventID":10,"UtcTime":"2025-03-07T01:38:45","ProcessGuid":"53c5549e-5b5c-46e7-94f0-390130e79a99","ProcessId":5778,"Image":"C:\\Windows\\System32\\cmd.exe","CommandLine":null,"User":"NT AUTHORITY\\SYSTEM","ParentImage":"C:\\Program Files\\Ivanti\\SecureAccess\\bin\\ivantihelper.exe","ParentUser":"DOMAIN\\lowprivuser18"}
{"EventID":1,"UtcTime":"2025-03-07T00:02:59","ProcessGuid":"a639ae89-e4ff-476a-9eba-ea4cbd2218ff","ProcessId":4100,"Image":"C:\\Program Files\\Ivanti\\SecureAccess\\bin\\ivantiservice.exe","CommandLine":"ivantiservice.exe -exec C:\\Windows\\System32\\winlogon.exe","User":"NT AUTHORITY\\SYSTEM","ParentImage":null,"ParentUser":null}
{"EventID":1,"UtcTime":"2025-03-07T06:39:41","ProcessGuid":"70358ec0-8c52-448a-8c97-b2fefc695153","ProcessId":1267,"Image":"C:\\Program Files\\Microsoft Office\\root\\Office16\\outlook.exe","CommandLine":"outlook.exe","User":"DOMAIN\\user98","ParentImage":null,"ParentUser":null}
{"EventID":1,"UtcTime":"2025-03-07T08:31:09","ProcessGuid":"5a942e87-e121-404a-b9da-d06a17bbe669","ProcessId":2899,"Image":"C:\\Windows\\explorer.exe","CommandLine":"explorer.exe","User":"DOMAIN\\user5","ParentImage":null,"ParentUser":null}
{"EventID":1,"UtcTime":"2025-03-07T09:09:39","ProcessGuid":"3939bdcd-65e9-46d6-bc82-7946c005beb4","ProcessId":2957,"Image":"C:\\Windows\\explorer.exe","CommandLine":"explorer.exe","User":"DOMAIN\\user4","ParentImage":null,"ParentUser":null}
{"EventID":1,"UtcTime":"2025-03-07T23:39:48","ProcessGuid":"957d9109-c792-4a50-8d66-ab0f026d9a0c","ProcessId":3706,"Image":"C:\\Program Files\\Google\\Chrome\\Application\\chrome.exe","CommandLine":"chrome.exe","User":"DOMAIN\\user34","ParentImage":null,"ParentUser":null}
{"EventID":10,"UtcTime":"2025-03-07T12:23:37","ProcessGuid":"2c400856-2364-4fa8-90b4-2e3d904fe6ab","ProcessId":8907,"Image":"C:\\Windows\\System32\\cmd.exe","CommandLine":null,"User":"NT AUTHORITY\\SYSTEM","ParentImage":"C:\\Program Files\\Ivanti\\SecureAccess\\bin\\ivantihelper.exe","ParentUser":"DOMAIN\\lowprivuser45"}
{"EventID":1,"UtcTime":"2025-03-07T02:51:11","ProcessGuid":"7d664964-8514-419d-b21b-f674a3c48087","ProcessId":4393,"Image":"C:\\Program Files\\Google\\Chrome\\Application\\chrome.exe","CommandLine":"chrome.exe","User":"DOMAIN\\user49","ParentImage":null,"ParentUser":null}
{"EventID":1,"UtcTime":"2025-03-07T16:13:05","ProcessGuid":"48052a2a-aa06-4b74-a657-47fe9b00f3e5","ProcessId":4090,"Image":"C:\\Windows\\System32\\WindowsPowerShell\\v1.0\\powershell.exe","CommandLine":"powershell.exe","User":"DOMAIN\\user81","ParentImage":null,"ParentUser":null}
